#
# There is insufficient memory for the Java Runtime Environment to continue.
# Native memory allocation (mmap) failed to map 38797312 bytes for Failed to commit area from 0x000000008b900000 to 0x000000008de00000 of length 38797312.
# Possible reasons:
#   The system is out of physical RAM or swap space
#   The process is running with CompressedOops enabled, and the Java Heap may be blocking the growth of the native heap
# Possible solutions:
#   Reduce memory load on the system
#   Increase physical memory or swap space
#   Check if swap backing store is full
#   Decrease Java heap size (-Xmx/-Xms)
#   Decrease number of Java threads
#   Decrease Java thread stack sizes (-Xss)
#   Set larger code cache with -XX:ReservedCodeCacheSize=
#   JVM is running with Unscaled Compressed Oops mode in which the Java heap is
#     placed in the first 4GB address space. The Java Heap base address is the
#     maximum limit for the native heap growth. Please use -XX:HeapBaseMinAddress
#     to set the Java Heap base and to place the Java Heap above 4GB virtual address.
# This output file may be truncated or incomplete.
#
#  Out of Memory Error (./src/hotspot/os/windows/os_windows.cpp:3301), pid=8904, tid=14988
#
# JRE version: OpenJDK Runtime Environment (11.0.11+9) (build 11.0.11+9-b60-7590822)
# Java VM: OpenJDK 64-Bit Server VM (11.0.11+9-b60-7590822, mixed mode, tiered, compressed oops, g1 gc, windows-amd64)
# No core dump will be written. Minidumps are not enabled by default on client versions of Windows
#

---------------  S U M M A R Y ------------

Command Line: --add-opens=java.base/java.util=ALL-UNNAMED --add-opens=java.base/java.lang=ALL-UNNAMED --add-opens=java.base/java.lang.invoke=ALL-UNNAMED --add-opens=java.base/java.util=ALL-UNNAMED --add-opens=java.prefs/java.util.prefs=ALL-UNNAMED --add-opens=java.prefs/java.util.prefs=ALL-UNNAMED --add-opens=java.base/java.nio.charset=ALL-UNNAMED --add-opens=java.base/java.net=ALL-UNNAMED --add-opens=java.base/java.util.concurrent.atomic=ALL-UNNAMED -Xmx2048m -Dfile.encoding=UTF-8 -Duser.country=RU -Duser.language=ru -Duser.variant org.gradle.launcher.daemon.bootstrap.GradleDaemon 7.2

Host: Intel(R) Core(TM) i5-4430 CPU @ 3.00GHz, 4 cores, 7G,  Windows 10 , 64 bit Build 19041 (10.0.19041.1566)
Time: Sat Apr  9 02:21:33 2022 RTZ 2 (зима) elapsed time: 13.201163 seconds (0d 0h 0m 13s)

---------------  T H R E A D  ---------------

Current thread (0x00000247d2f49800):  VMThread "VM Thread" [stack: 0x000000d5fc400000,0x000000d5fc500000] [id=14988]

Stack: [0x000000d5fc400000,0x000000d5fc500000]
[error occurred during error reporting (printing stack bounds), id 0xc0000005, EXCEPTION_ACCESS_VIOLATION (0xc0000005) at pc=0x00000247bc710f2d]

Native frames: (J=compiled Java code, j=interpreted, Vv=VM code, C=native code)
V  [jvm.dll+0x5f214a]
V  [jvm.dll+0x726fb5]
V  [jvm.dll+0x7285cd]
V  [jvm.dll+0x728be5]
V  [jvm.dll+0x728b9b]
V  [jvm.dll+0x5f14e8]
V  [jvm.dll+0x5f1c78]
C  [ntdll.dll+0xa20cf]
C  [ntdll.dll+0x51454]
C  [ntdll.dll+0xa0bfe]
C  0x00000247bc710f2d

VM_Operation (0x000000d581cf61f0): G1CollectForAllocation, mode: safepoint, requested by thread 0x00000247d94ef800


---------------  P R O C E S S  ---------------

Threads class SMR info:
_java_thread_list=0x00000247db750570, length=87, elements={
0x00000247b7441000, 0x00000247d2f87800, 0x00000247d2f89000, 0x00000247d2fa6000,
0x00000247d2fa7000, 0x00000247d2fa8000, 0x00000247d2fac000, 0x00000247d2fb4800,
0x00000247d2fb7800, 0x00000247d3a7e800, 0x00000247d5acf000, 0x00000247d4d01800,
0x00000247d60da000, 0x00000247d69a0000, 0x00000247d66ec000, 0x00000247d5a72000,
0x00000247d5dac800, 0x00000247d58d9800, 0x00000247d6479000, 0x00000247d4e57000,
0x00000247d4e59000, 0x00000247d4e58000, 0x00000247d4e5a800, 0x00000247d4e5b000,
0x00000247d4e59800, 0x00000247d4e5c000, 0x00000247d4e56800, 0x00000247d4e5d000,
0x00000247d7258800, 0x00000247d725a800, 0x00000247d725f800, 0x00000247d725b800,
0x00000247d7262000, 0x00000247d7260800, 0x00000247d7263000, 0x00000247d725d000,
0x00000247d7263800, 0x00000247d725f000, 0x00000247d725e000, 0x00000247d7264800,
0x00000247d7265800, 0x00000247d7266000, 0x00000247d7267000, 0x00000247d7102800,
0x00000247d7105000, 0x00000247d7101800, 0x00000247d7103800, 0x00000247d7104000,
0x00000247d7106000, 0x00000247d7101000, 0x00000247d7100000, 0x00000247d710a800,
0x00000247d710b800, 0x00000247d710c800, 0x00000247d7106800, 0x00000247d7107800,
0x00000247d7108800, 0x00000247d7109000, 0x00000247d710a000, 0x00000247d710d000,
0x00000247d710e000, 0x00000247d710f000, 0x00000247d915e800, 0x00000247d915d800,
0x00000247d915f000, 0x00000247d9160000, 0x00000247d915c000, 0x00000247d915a800,
0x00000247d915c800, 0x00000247d9161000, 0x00000247d915b000, 0x00000247d9167800,
0x00000247d9161800, 0x00000247d9165800, 0x00000247d9166800, 0x00000247d9168000,
0x00000247d9162800, 0x00000247d9165000, 0x00000247d9169000, 0x00000247d94f2800,
0x00000247d94f1000, 0x00000247d94ee800, 0x00000247d94f1800, 0x00000247d94ef800,
0x00000247d94f0000, 0x00000247d94ed000, 0x00000247d5f24800
}

Java Threads: ( => current thread )
  0x00000247b7441000 JavaThread "main" [_thread_blocked, id=13168, stack(0x000000d5fbe00000,0x000000d5fbf00000)]
  0x00000247d2f87800 JavaThread "Reference Handler" daemon [_thread_blocked, id=4100, stack(0x000000d5fc500000,0x000000d5fc600000)]
  0x00000247d2f89000 JavaThread "Finalizer" daemon [_thread_blocked, id=12916, stack(0x000000d5fc600000,0x000000d5fc700000)]
  0x00000247d2fa6000 JavaThread "Signal Dispatcher" daemon [_thread_blocked, id=11192, stack(0x000000d5fc700000,0x000000d5fc800000)]
  0x00000247d2fa7000 JavaThread "Attach Listener" daemon [_thread_blocked, id=3408, stack(0x000000d5fc800000,0x000000d5fc900000)]
  0x00000247d2fa8000 JavaThread "Service Thread" daemon [_thread_blocked, id=4076, stack(0x000000d5fc900000,0x000000d5fca00000)]
  0x00000247d2fac000 JavaThread "C2 CompilerThread0" daemon [_thread_blocked, id=12500, stack(0x000000d5fca00000,0x000000d5fcb00000)]
  0x00000247d2fb4800 JavaThread "C1 CompilerThread0" daemon [_thread_blocked, id=6544, stack(0x000000d5fcb00000,0x000000d5fcc00000)]
  0x00000247d2fb7800 JavaThread "Sweeper thread" daemon [_thread_blocked, id=10676, stack(0x000000d5fcc00000,0x000000d5fcd00000)]
  0x00000247d3a7e800 JavaThread "Common-Cleaner" daemon [_thread_blocked, id=13200, stack(0x000000d5fcd00000,0x000000d5fce00000)]
  0x00000247d5acf000 JavaThread "Daemon health stats" [_thread_blocked, id=5980, stack(0x000000d5fd200000,0x000000d5fd300000)]
  0x00000247d4d01800 JavaThread "Incoming local TCP Connector on port 50629" [_thread_in_native, id=12464, stack(0x000000d5fcf00000,0x000000d5fd000000)]
  0x00000247d60da000 JavaThread "Daemon periodic checks" [_thread_blocked, id=2596, stack(0x000000d5fd300000,0x000000d5fd400000)]
  0x00000247d69a0000 JavaThread "Daemon" [_thread_blocked, id=6952, stack(0x000000d5fd400000,0x000000d5fd500000)]
  0x00000247d66ec000 JavaThread "Handler for socket connection from /127.0.0.1:50629 to /127.0.0.1:50630" [_thread_in_native, id=5916, stack(0x000000d5fd500000,0x000000d5fd600000)]
  0x00000247d5a72000 JavaThread "Cancel handler" [_thread_blocked, id=7244, stack(0x000000d5fd600000,0x000000d5fd700000)]
  0x00000247d5dac800 JavaThread "Daemon worker" [_thread_blocked, id=9988, stack(0x000000d5fd700000,0x000000d5fd800000)]
  0x00000247d58d9800 JavaThread "Asynchronous log dispatcher for DefaultDaemonConnection: socket connection from /127.0.0.1:50629 to /127.0.0.1:50630" [_thread_blocked, id=7488, stack(0x000000d5fd800000,0x000000d5fd900000)]
  0x00000247d6479000 JavaThread "Stdin handler" [_thread_blocked, id=17132, stack(0x000000d5fd900000,0x000000d5fda00000)]
  0x00000247d4e57000 JavaThread "Daemon client event forwarder" [_thread_blocked, id=7268, stack(0x000000d5fda00000,0x000000d5fdb00000)]
  0x00000247d4e59000 JavaThread "Cache worker for journal cache (C:\Users\Admin\.gradle\caches\journal-1)" [_thread_blocked, id=14304, stack(0x000000d5fdc00000,0x000000d5fdd00000)]
  0x00000247d4e58000 JavaThread "File lock request listener" [_thread_in_native, id=15100, stack(0x000000d5fde00000,0x000000d5fdf00000)]
  0x00000247d4e5a800 JavaThread "Cache worker for file hash cache (C:\Users\Admin\.gradle\caches\7.2\fileHashes)" [_thread_blocked, id=16548, stack(0x000000d5fdf00000,0x000000d5fe000000)]
  0x00000247d4e5b000 JavaThread "Cache worker for file hash cache (D:\Android\countriesApp\.gradle\7.2\fileHashes)" [_thread_blocked, id=7504, stack(0x000000d5fe000000,0x000000d5fe100000)]
  0x00000247d4e59800 JavaThread "File watcher server" daemon [_thread_blocked, id=10612, stack(0x000000d5fe100000,0x000000d5fe200000)]
  0x00000247d4e5c000 JavaThread "File watcher consumer" daemon [_thread_blocked, id=14008, stack(0x000000d5fe200000,0x000000d5fe300000)]
  0x00000247d4e56800 JavaThread "Cache worker for checksums cache (D:\Android\countriesApp\.gradle\checksums)" [_thread_blocked, id=15236, stack(0x000000d5fe300000,0x000000d5fe400000)]
  0x00000247d4e5d000 JavaThread "Cache worker for cache directory md-supplier (C:\Users\Admin\.gradle\caches\7.2\md-supplier)" [_thread_blocked, id=13048, stack(0x000000d5fe400000,0x000000d5fe500000)]
  0x00000247d7258800 JavaThread "Cache worker for cache directory md-rule (C:\Users\Admin\.gradle\caches\7.2\md-rule)" [_thread_blocked, id=9108, stack(0x000000d5fe500000,0x000000d5fe600000)]
  0x00000247d725a800 JavaThread "Cache worker for execution history cache (C:\Users\Admin\.gradle\caches\7.2\executionHistory)" [_thread_blocked, id=14864, stack(0x000000d5fe600000,0x000000d5fe700000)]
  0x00000247d725f800 JavaThread "jar transforms" [_thread_blocked, id=6444, stack(0x000000d5fe700000,0x000000d5fe800000)]
  0x00000247d725b800 JavaThread "Cache worker for file content cache (C:\Users\Admin\.gradle\caches\7.2\fileContent)" [_thread_blocked, id=2068, stack(0x000000d5fe800000,0x000000d5fe900000)]
  0x00000247d7262000 JavaThread "jar transforms Thread 2" [_thread_blocked, id=15028, stack(0x000000d5fe900000,0x000000d5fea00000)]
  0x00000247d7260800 JavaThread "Cache worker for dependencies-accessors (D:\Android\countriesApp\.gradle\7.2\dependencies-accessors)" [_thread_blocked, id=6924, stack(0x000000d5fea00000,0x000000d5feb00000)]
  0x00000247d7263000 JavaThread "jar transforms Thread 3" [_thread_blocked, id=16076, stack(0x000000d5feb00000,0x000000d5fec00000)]
  0x00000247d725d000 JavaThread "Cache worker for Build Output Cleanup Cache (D:\Android\countriesApp\.gradle\buildOutputCleanup)" [_thread_blocked, id=13832, stack(0x000000d5fec00000,0x000000d5fed00000)]
  0x00000247d7263800 JavaThread "Unconstrained build operations" [_thread_blocked, id=9780, stack(0x000000d5fed00000,0x000000d5fee00000)]
  0x00000247d725f000 JavaThread "Unconstrained build operations Thread 2" [_thread_blocked, id=10132, stack(0x000000d5fee00000,0x000000d5fef00000)]
  0x00000247d725e000 JavaThread "Unconstrained build operations Thread 3" [_thread_blocked, id=16564, stack(0x000000d5fef00000,0x000000d5ff000000)]
  0x00000247d7264800 JavaThread "Unconstrained build operations Thread 4" [_thread_blocked, id=4840, stack(0x000000d5ff000000,0x000000d5ff100000)]
  0x00000247d7265800 JavaThread "Unconstrained build operations Thread 5" [_thread_blocked, id=4508, stack(0x000000d5ff100000,0x000000d5ff200000)]
  0x00000247d7266000 JavaThread "Unconstrained build operations Thread 6" [_thread_blocked, id=7316, stack(0x000000d5ff200000,0x000000d5ff300000)]
  0x00000247d7267000 JavaThread "Unconstrained build operations Thread 7" [_thread_blocked, id=10996, stack(0x000000d5ff300000,0x000000d5ff400000)]
  0x00000247d7102800 JavaThread "Unconstrained build operations Thread 8" [_thread_blocked, id=16796, stack(0x000000d5ff400000,0x000000d5ff500000)]
  0x00000247d7105000 JavaThread "Unconstrained build operations Thread 9" [_thread_blocked, id=8668, stack(0x000000d5ff500000,0x000000d5ff600000)]
  0x00000247d7101800 JavaThread "Unconstrained build operations Thread 10" [_thread_blocked, id=14796, stack(0x000000d5ff600000,0x000000d5ff700000)]
  0x00000247d7103800 JavaThread "Unconstrained build operations Thread 11" [_thread_blocked, id=9488, stack(0x000000d5ff700000,0x000000d5ff800000)]
  0x00000247d7104000 JavaThread "Unconstrained build operations Thread 12" [_thread_blocked, id=15696, stack(0x000000d5ff800000,0x000000d5ff900000)]
  0x00000247d7106000 JavaThread "Unconstrained build operations Thread 13" [_thread_blocked, id=16608, stack(0x000000d5ff900000,0x000000d5ffa00000)]
  0x00000247d7101000 JavaThread "Unconstrained build operations Thread 14" [_thread_blocked, id=11176, stack(0x000000d5ffa00000,0x000000d5ffb00000)]
  0x00000247d7100000 JavaThread "Unconstrained build operations Thread 15" [_thread_blocked, id=16988, stack(0x000000d5ffb00000,0x000000d5ffc00000)]
  0x00000247d710a800 JavaThread "Unconstrained build operations Thread 16" [_thread_blocked, id=15972, stack(0x000000d5ffc00000,0x000000d5ffd00000)]
  0x00000247d710b800 JavaThread "Unconstrained build operations Thread 17" [_thread_blocked, id=9136, stack(0x000000d5ffd00000,0x000000d5ffe00000)]
  0x00000247d710c800 JavaThread "Unconstrained build operations Thread 18" [_thread_blocked, id=15836, stack(0x000000d5ffe00000,0x000000d5fff00000)]
  0x00000247d7106800 JavaThread "Unconstrained build operations Thread 19" [_thread_blocked, id=12972, stack(0x000000d5fff00000,0x000000d600000000)]
  0x00000247d7107800 JavaThread "Unconstrained build operations Thread 20" [_thread_blocked, id=13392, stack(0x000000d580000000,0x000000d580100000)]
  0x00000247d7108800 JavaThread "Unconstrained build operations Thread 21" [_thread_blocked, id=4212, stack(0x000000d580100000,0x000000d580200000)]
  0x00000247d7109000 JavaThread "Unconstrained build operations Thread 22" [_thread_blocked, id=944, stack(0x000000d580200000,0x000000d580300000)]
  0x00000247d710a000 JavaThread "Unconstrained build operations Thread 23" [_thread_blocked, id=11332, stack(0x000000d580300000,0x000000d580400000)]
  0x00000247d710d000 JavaThread "Unconstrained build operations Thread 24" [_thread_blocked, id=13072, stack(0x000000d580400000,0x000000d580500000)]
  0x00000247d710e000 JavaThread "Unconstrained build operations Thread 25" [_thread_blocked, id=17032, stack(0x000000d580500000,0x000000d580600000)]
  0x00000247d710f000 JavaThread "Unconstrained build operations Thread 26" [_thread_blocked, id=14004, stack(0x000000d580600000,0x000000d580700000)]
  0x00000247d915e800 JavaThread "Unconstrained build operations Thread 27" [_thread_blocked, id=16708, stack(0x000000d580700000,0x000000d580800000)]
  0x00000247d915d800 JavaThread "Unconstrained build operations Thread 28" [_thread_blocked, id=15908, stack(0x000000d580800000,0x000000d580900000)]
  0x00000247d915f000 JavaThread "Unconstrained build operations Thread 29" [_thread_blocked, id=9072, stack(0x000000d580900000,0x000000d580a00000)]
  0x00000247d9160000 JavaThread "Unconstrained build operations Thread 30" [_thread_blocked, id=17304, stack(0x000000d580a00000,0x000000d580b00000)]
  0x00000247d915c000 JavaThread "Unconstrained build operations Thread 31" [_thread_blocked, id=2972, stack(0x000000d580b00000,0x000000d580c00000)]
  0x00000247d915a800 JavaThread "Unconstrained build operations Thread 32" [_thread_blocked, id=14908, stack(0x000000d580c00000,0x000000d580d00000)]
  0x00000247d915c800 JavaThread "Unconstrained build operations Thread 33" [_thread_blocked, id=10592, stack(0x000000d580d00000,0x000000d580e00000)]
  0x00000247d9161000 JavaThread "Unconstrained build operations Thread 34" [_thread_blocked, id=12124, stack(0x000000d580e00000,0x000000d580f00000)]
  0x00000247d915b000 JavaThread "Unconstrained build operations Thread 35" [_thread_blocked, id=14156, stack(0x000000d580f00000,0x000000d581000000)]
  0x00000247d9167800 JavaThread "Unconstrained build operations Thread 36" [_thread_blocked, id=1196, stack(0x000000d581000000,0x000000d581100000)]
  0x00000247d9161800 JavaThread "Unconstrained build operations Thread 37" [_thread_blocked, id=8692, stack(0x000000d581100000,0x000000d581200000)]
  0x00000247d9165800 JavaThread "Unconstrained build operations Thread 38" [_thread_blocked, id=10080, stack(0x000000d581200000,0x000000d581300000)]
  0x00000247d9166800 JavaThread "Unconstrained build operations Thread 39" [_thread_blocked, id=10320, stack(0x000000d581300000,0x000000d581400000)]
  0x00000247d9168000 JavaThread "Unconstrained build operations Thread 40" [_thread_blocked, id=15168, stack(0x000000d581400000,0x000000d581500000)]
  0x00000247d9162800 JavaThread "jar transforms Thread 4" [_thread_blocked, id=9192, stack(0x000000d581500000,0x000000d581600000)]
  0x00000247d9165000 JavaThread "Memory manager" [_thread_blocked, id=16736, stack(0x000000d581600000,0x000000d581700000)]
  0x00000247d9169000 JavaThread "build event listener" [_thread_blocked, id=10932, stack(0x000000d581700000,0x000000d581800000)]
  0x00000247d94f2800 JavaThread "build event listener" [_thread_blocked, id=10768, stack(0x000000d581800000,0x000000d581900000)]
  0x00000247d94f1000 JavaThread "pool-3-thread-1" [_thread_blocked, id=14340, stack(0x000000d581900000,0x000000d581a00000)]
  0x00000247d94ee800 JavaThread "build event listener" [_thread_blocked, id=2240, stack(0x000000d581a00000,0x000000d581b00000)]
  0x00000247d94f1800 JavaThread "Execution worker for ':'" [_thread_blocked, id=3652, stack(0x000000d581b00000,0x000000d581c00000)]
  0x00000247d94ef800 JavaThread "Execution worker for ':' Thread 2" [_thread_blocked, id=7736, stack(0x000000d581c00000,0x000000d581d00000)]
  0x00000247d94f0000 JavaThread "Execution worker for ':' Thread 3" [_thread_blocked, id=15680, stack(0x000000d581d00000,0x000000d581e00000)]
  0x00000247d94ed000 JavaThread "Cache worker for execution history cache (D:\Android\countriesApp\.gradle\7.2\executionHistory)" [_thread_blocked, id=16852, stack(0x000000d581e00000,0x000000d581f00000)]
  0x00000247d5f24800 JavaThread "C2 CompilerThread1" daemon [_thread_blocked, id=3336, stack(0x000000d581f00000,0x000000d582000000)]

Other Threads:
=>0x00000247d2f49800 VMThread "VM Thread" [stack: 0x000000d5fc400000,0x000000d5fc500000] [id=14988]
  0x00000247d3aa5800 WatcherThread [stack: 0x000000d5fce00000,0x000000d5fcf00000] [id=13564]
  0x00000247b7459800 GCTaskThread "GC Thread#0" [stack: 0x000000d5fbf00000,0x000000d5fc000000] [id=7156]
  0x00000247d3db1800 GCTaskThread "GC Thread#1" [stack: 0x000000d5fd000000,0x000000d5fd100000] [id=5696]
  0x00000247d444d800 GCTaskThread "GC Thread#2" [stack: 0x000000d5fd100000,0x000000d5fd200000] [id=8392]
  0x00000247d49d5800 GCTaskThread "GC Thread#3" [stack: 0x000000d5fdd00000,0x000000d5fde00000] [id=2576]
  0x00000247b748d000 ConcurrentGCThread "G1 Main Marker" [stack: 0x000000d5fc000000,0x000000d5fc100000] [id=10524]
  0x00000247b748f000 ConcurrentGCThread "G1 Conc#0" [stack: 0x000000d5fc100000,0x000000d5fc200000] [id=12884]
  0x00000247b751e000 ConcurrentGCThread "G1 Refine#0" [stack: 0x000000d5fc200000,0x000000d5fc300000] [id=15980]
  0x00000247d2dd0800 ConcurrentGCThread "G1 Young RemSet Sampling" [stack: 0x000000d5fc300000,0x000000d5fc400000] [id=5144]

Threads with active compile tasks:

VM state:at safepoint (normal execution)

VM Mutex/Monitor currently owned by a thread:  ([mutex/lock_event])
[0x00000247b743f500] Threads_lock - owner thread: 0x00000247d2f49800
[0x00000247b743eae0] Heap_lock - owner thread: 0x00000247d94ef800

Heap address: 0x0000000080000000, size: 2048 MB, Compressed Oops mode: 32-bit
Narrow klass base: 0x0000000000000000, Narrow klass shift: 3
Compressed class space size: 1073741824 Address: 0x0000000100000000

Heap:
 garbage-first heap   total 227328K, used 93652K [0x0000000080000000, 0x0000000100000000)
  region size 1024K, 10 young (10240K), 10 survivors (10240K)
 Metaspace       used 89391K, capacity 91498K, committed 91848K, reserved 1128448K
  class space    used 11480K, capacity 12262K, committed 12364K, reserved 1048576K
Heap Regions: E=young(eden), S=young(survivor), O=old, HS=humongous(starts), HC=humongous(continues), CS=collection set, F=free, A=archive, TAMS=top-at-mark-start (previous, next)
|   0|0x0000000080000000, 0x0000000080100000, 0x0000000080100000|100%| O|  |TAMS 0x0000000080100000, 0x0000000080000000| Untracked 
|   1|0x0000000080100000, 0x0000000080200000, 0x0000000080200000|100%| O|  |TAMS 0x0000000080200000, 0x0000000080100000| Untracked 
|   2|0x0000000080200000, 0x0000000080300000, 0x0000000080300000|100%| O|  |TAMS 0x0000000080300000, 0x0000000080200000| Untracked 
|   3|0x0000000080300000, 0x0000000080400000, 0x0000000080400000|100%|HS|  |TAMS 0x0000000080400000, 0x0000000080300000| Complete 
|   4|0x0000000080400000, 0x0000000080500000, 0x0000000080500000|100%|HC|  |TAMS 0x0000000080500000, 0x0000000080400000| Complete 
|   5|0x0000000080500000, 0x0000000080600000, 0x0000000080600000|100%|HC|  |TAMS 0x0000000080600000, 0x0000000080500000| Complete 
|   6|0x0000000080600000, 0x0000000080700000, 0x0000000080700000|100%| O|  |TAMS 0x0000000080700000, 0x0000000080600000| Untracked 
|   7|0x0000000080700000, 0x0000000080800000, 0x0000000080800000|100%| O|  |TAMS 0x0000000080800000, 0x0000000080700000| Untracked 
|   8|0x0000000080800000, 0x0000000080900000, 0x0000000080900000|100%| O|  |TAMS 0x0000000080900000, 0x0000000080800000| Untracked 
|   9|0x0000000080900000, 0x0000000080a00000, 0x0000000080a00000|100%| O|  |TAMS 0x0000000080a00000, 0x0000000080900000| Untracked 
|  10|0x0000000080a00000, 0x0000000080b00000, 0x0000000080b00000|100%| O|  |TAMS 0x0000000080b00000, 0x0000000080a00000| Untracked 
|  11|0x0000000080b00000, 0x0000000080c00000, 0x0000000080c00000|100%| O|  |TAMS 0x0000000080c00000, 0x0000000080b00000| Untracked 
|  12|0x0000000080c00000, 0x0000000080d00000, 0x0000000080d00000|100%| O|  |TAMS 0x0000000080d00000, 0x0000000080c00000| Untracked 
|  13|0x0000000080d00000, 0x0000000080e00000, 0x0000000080e00000|100%| O|  |TAMS 0x0000000080e00000, 0x0000000080d00000| Untracked 
|  14|0x0000000080e00000, 0x0000000080f00000, 0x0000000080f00000|100%| O|  |TAMS 0x0000000080f00000, 0x0000000080e00000| Untracked 
|  15|0x0000000080f00000, 0x0000000081000000, 0x0000000081000000|100%| O|  |TAMS 0x0000000081000000, 0x0000000080f00000| Untracked 
|  16|0x0000000081000000, 0x0000000081100000, 0x0000000081100000|100%| O|  |TAMS 0x0000000081100000, 0x0000000081000000| Untracked 
|  17|0x0000000081100000, 0x0000000081200000, 0x0000000081200000|100%|HS|  |TAMS 0x0000000081200000, 0x0000000081100000| Complete 
|  18|0x0000000081200000, 0x0000000081300000, 0x0000000081300000|100%| O|  |TAMS 0x0000000081300000, 0x0000000081200000| Untracked 
|  19|0x0000000081300000, 0x0000000081400000, 0x0000000081400000|100%| O|  |TAMS 0x0000000081400000, 0x0000000081300000| Untracked 
|  20|0x0000000081400000, 0x0000000081500000, 0x0000000081500000|100%| O|  |TAMS 0x0000000081500000, 0x0000000081400000| Untracked 
|  21|0x0000000081500000, 0x0000000081600000, 0x0000000081600000|100%| O|  |TAMS 0x0000000081600000, 0x0000000081500000| Untracked 
|  22|0x0000000081600000, 0x0000000081700000, 0x0000000081700000|100%| O|  |TAMS 0x0000000081700000, 0x0000000081600000| Untracked 
|  23|0x0000000081700000, 0x0000000081800000, 0x0000000081800000|100%| O|  |TAMS 0x0000000081800000, 0x0000000081700000| Untracked 
|  24|0x0000000081800000, 0x0000000081900000, 0x0000000081900000|100%|HS|  |TAMS 0x0000000081900000, 0x0000000081800000| Complete 
|  25|0x0000000081900000, 0x0000000081a00000, 0x0000000081a00000|100%|HS|  |TAMS 0x0000000081a00000, 0x0000000081900000| Complete 
|  26|0x0000000081a00000, 0x0000000081b00000, 0x0000000081b00000|100%|HS|  |TAMS 0x0000000081b00000, 0x0000000081a00000| Complete 
|  27|0x0000000081b00000, 0x0000000081c00000, 0x0000000081c00000|100%|HS|  |TAMS 0x0000000081c00000, 0x0000000081b00000| Complete 
|  28|0x0000000081c00000, 0x0000000081d00000, 0x0000000081d00000|100%|HC|  |TAMS 0x0000000081d00000, 0x0000000081c00000| Complete 
|  29|0x0000000081d00000, 0x0000000081e00000, 0x0000000081e00000|100%|HC|  |TAMS 0x0000000081e00000, 0x0000000081d00000| Complete 
|  30|0x0000000081e00000, 0x0000000081f00000, 0x0000000081f00000|100%|HS|  |TAMS 0x0000000081f00000, 0x0000000081e00000| Complete 
|  31|0x0000000081f00000, 0x0000000082000000, 0x0000000082000000|100%|HC|  |TAMS 0x0000000082000000, 0x0000000081f00000| Complete 
|  32|0x0000000082000000, 0x0000000082100000, 0x0000000082100000|100%| O|  |TAMS 0x0000000082100000, 0x0000000082000000| Untracked 
|  33|0x0000000082100000, 0x0000000082200000, 0x0000000082200000|100%| O|  |TAMS 0x0000000082200000, 0x0000000082100000| Untracked 
|  34|0x0000000082200000, 0x0000000082300000, 0x0000000082300000|100%| O|  |TAMS 0x0000000082300000, 0x0000000082200000| Untracked 
|  35|0x0000000082300000, 0x0000000082400000, 0x0000000082400000|100%| O|  |TAMS 0x0000000082400000, 0x0000000082300000| Untracked 
|  36|0x0000000082400000, 0x0000000082500000, 0x0000000082500000|100%| O|  |TAMS 0x0000000082500000, 0x0000000082400000| Untracked 
|  37|0x0000000082500000, 0x0000000082600000, 0x0000000082600000|100%| O|  |TAMS 0x0000000082600000, 0x0000000082500000| Untracked 
|  38|0x0000000082600000, 0x0000000082700000, 0x0000000082700000|100%| O|  |TAMS 0x0000000082700000, 0x0000000082600000| Untracked 
|  39|0x0000000082700000, 0x0000000082800000, 0x0000000082800000|100%| O|  |TAMS 0x0000000082800000, 0x0000000082700000| Untracked 
|  40|0x0000000082800000, 0x0000000082900000, 0x0000000082900000|100%| O|  |TAMS 0x0000000082900000, 0x0000000082800000| Untracked 
|  41|0x0000000082900000, 0x0000000082a00000, 0x0000000082a00000|100%| O|  |TAMS 0x0000000082a00000, 0x0000000082900000| Untracked 
|  42|0x0000000082a00000, 0x0000000082b00000, 0x0000000082b00000|100%| O|  |TAMS 0x0000000082b00000, 0x0000000082a00000| Untracked 
|  43|0x0000000082b00000, 0x0000000082c00000, 0x0000000082c00000|100%| O|  |TAMS 0x0000000082c00000, 0x0000000082b00000| Untracked 
|  44|0x0000000082c00000, 0x0000000082d00000, 0x0000000082d00000|100%| O|  |TAMS 0x0000000082d00000, 0x0000000082c00000| Untracked 
|  45|0x0000000082d00000, 0x0000000082e00000, 0x0000000082e00000|100%| O|  |TAMS 0x0000000082e00000, 0x0000000082d00000| Untracked 
|  46|0x0000000082e00000, 0x0000000082f00000, 0x0000000082f00000|100%| O|  |TAMS 0x0000000082f00000, 0x0000000082e00000| Untracked 
|  47|0x0000000082f00000, 0x0000000083000000, 0x0000000083000000|100%| O|  |TAMS 0x0000000083000000, 0x0000000082f00000| Untracked 
|  48|0x0000000083000000, 0x0000000083100000, 0x0000000083100000|100%| O|  |TAMS 0x00000000830a8600, 0x0000000083000000| Untracked 
|  49|0x0000000083100000, 0x0000000083200000, 0x0000000083200000|100%| O|  |TAMS 0x0000000083100000, 0x0000000083100000| Untracked 
|  50|0x0000000083200000, 0x0000000083300000, 0x0000000083300000|100%| O|  |TAMS 0x0000000083200000, 0x0000000083200000| Untracked 
|  51|0x0000000083300000, 0x0000000083400000, 0x0000000083400000|100%| O|  |TAMS 0x0000000083300000, 0x0000000083300000| Untracked 
|  52|0x0000000083400000, 0x0000000083500000, 0x0000000083500000|100%| O|  |TAMS 0x0000000083400000, 0x0000000083400000| Untracked 
|  53|0x0000000083500000, 0x0000000083600000, 0x0000000083600000|100%| O|  |TAMS 0x0000000083500000, 0x0000000083500000| Untracked 
|  54|0x0000000083600000, 0x0000000083700000, 0x0000000083700000|100%| O|  |TAMS 0x0000000083600000, 0x0000000083600000| Untracked 
|  55|0x0000000083700000, 0x0000000083800000, 0x0000000083800000|100%| O|  |TAMS 0x0000000083700000, 0x0000000083700000| Untracked 
|  56|0x0000000083800000, 0x0000000083900000, 0x0000000083900000|100%| O|  |TAMS 0x0000000083800000, 0x0000000083800000| Untracked 
|  57|0x0000000083900000, 0x0000000083a00000, 0x0000000083a00000|100%| O|  |TAMS 0x0000000083900000, 0x0000000083900000| Untracked 
|  58|0x0000000083a00000, 0x0000000083b00000, 0x0000000083b00000|100%| O|  |TAMS 0x0000000083a00000, 0x0000000083a00000| Untracked 
|  59|0x0000000083b00000, 0x0000000083c00000, 0x0000000083c00000|100%| O|  |TAMS 0x0000000083b00000, 0x0000000083b00000| Untracked 
|  60|0x0000000083c00000, 0x0000000083d00000, 0x0000000083d00000|100%| O|  |TAMS 0x0000000083c00000, 0x0000000083c00000| Untracked 
|  61|0x0000000083d00000, 0x0000000083e00000, 0x0000000083e00000|100%| O|  |TAMS 0x0000000083d00000, 0x0000000083d00000| Untracked 
|  62|0x0000000083e00000, 0x0000000083f00000, 0x0000000083f00000|100%| O|  |TAMS 0x0000000083e00000, 0x0000000083e00000| Untracked 
|  63|0x0000000083f00000, 0x0000000084000000, 0x0000000084000000|100%| O|  |TAMS 0x0000000083f00000, 0x0000000083f00000| Untracked 
|  64|0x0000000084000000, 0x0000000084100000, 0x0000000084100000|100%| O|  |TAMS 0x0000000084000000, 0x0000000084000000| Untracked 
|  65|0x0000000084100000, 0x0000000084100000, 0x0000000084200000|  0%| F|  |TAMS 0x0000000084100000, 0x0000000084100000| Untracked 
|  66|0x0000000084200000, 0x0000000084200000, 0x0000000084300000|  0%| F|  |TAMS 0x0000000084200000, 0x0000000084200000| Untracked 
|  67|0x0000000084300000, 0x0000000084400000, 0x0000000084400000|100%| O|  |TAMS 0x0000000084300000, 0x0000000084300000| Untracked 
|  68|0x0000000084400000, 0x0000000084500000, 0x0000000084500000|100%| O|  |TAMS 0x0000000084400000, 0x0000000084400000| Untracked 
|  69|0x0000000084500000, 0x0000000084600000, 0x0000000084600000|100%| O|  |TAMS 0x0000000084500000, 0x0000000084500000| Untracked 
|  70|0x0000000084600000, 0x0000000084700000, 0x0000000084700000|100%| O|  |TAMS 0x0000000084600000, 0x0000000084600000| Untracked 
|  71|0x0000000084700000, 0x0000000084800000, 0x0000000084800000|100%| O|  |TAMS 0x0000000084700000, 0x0000000084700000| Untracked 
|  72|0x0000000084800000, 0x0000000084900000, 0x0000000084900000|100%| O|  |TAMS 0x0000000084800000, 0x0000000084800000| Untracked 
|  73|0x0000000084900000, 0x0000000084a00000, 0x0000000084a00000|100%| O|  |TAMS 0x0000000084900000, 0x0000000084900000| Untracked 
|  74|0x0000000084a00000, 0x0000000084b00000, 0x0000000084b00000|100%| O|  |TAMS 0x0000000084a00000, 0x0000000084a00000| Untracked 
|  75|0x0000000084b00000, 0x0000000084c00000, 0x0000000084c00000|100%| O|  |TAMS 0x0000000084b00000, 0x0000000084b00000| Untracked 
|  76|0x0000000084c00000, 0x0000000084d00000, 0x0000000084d00000|100%| O|  |TAMS 0x0000000084c00000, 0x0000000084c00000| Untracked 
|  77|0x0000000084d00000, 0x0000000084e00000, 0x0000000084e00000|100%| O|  |TAMS 0x0000000084d00000, 0x0000000084d00000| Untracked 
|  78|0x0000000084e00000, 0x0000000084f00000, 0x0000000084f00000|100%| O|  |TAMS 0x0000000084e00000, 0x0000000084e00000| Untracked 
|  79|0x0000000084f00000, 0x0000000085000000, 0x0000000085000000|100%| O|  |TAMS 0x0000000084f00000, 0x0000000084f00000| Untracked 
|  80|0x0000000085000000, 0x0000000085100000, 0x0000000085100000|100%| O|  |TAMS 0x0000000085000000, 0x0000000085000000| Untracked 
|  81|0x0000000085100000, 0x0000000085200000, 0x0000000085200000|100%| O|  |TAMS 0x0000000085100000, 0x0000000085100000| Untracked 
|  82|0x0000000085200000, 0x0000000085300000, 0x0000000085300000|100%| O|  |TAMS 0x0000000085200000, 0x0000000085200000| Untracked 
|  83|0x0000000085300000, 0x0000000085375200, 0x0000000085400000| 45%| O|  |TAMS 0x0000000085300000, 0x0000000085300000| Untracked 
|  84|0x0000000085400000, 0x0000000085400000, 0x0000000085500000|  0%| F|  |TAMS 0x0000000085400000, 0x0000000085400000| Untracked 
|  85|0x0000000085500000, 0x0000000085500000, 0x0000000085600000|  0%| F|  |TAMS 0x0000000085500000, 0x0000000085500000| Untracked 
|  86|0x0000000085600000, 0x0000000085600000, 0x0000000085700000|  0%| F|  |TAMS 0x0000000085600000, 0x0000000085600000| Untracked 
|  87|0x0000000085700000, 0x0000000085700000, 0x0000000085800000|  0%| F|  |TAMS 0x0000000085700000, 0x0000000085700000| Untracked 
|  88|0x0000000085800000, 0x0000000085800000, 0x0000000085900000|  0%| F|  |TAMS 0x0000000085800000, 0x0000000085800000| Untracked 
|  89|0x0000000085900000, 0x0000000085900000, 0x0000000085a00000|  0%| F|  |TAMS 0x0000000085900000, 0x0000000085900000| Untracked 
|  90|0x0000000085a00000, 0x0000000085a00000, 0x0000000085b00000|  0%| F|  |TAMS 0x0000000085a00000, 0x0000000085a00000| Untracked 
|  91|0x0000000085b00000, 0x0000000085b00000, 0x0000000085c00000|  0%| F|  |TAMS 0x0000000085b00000, 0x0000000085b00000| Untracked 
|  92|0x0000000085c00000, 0x0000000085c00000, 0x0000000085d00000|  0%| F|  |TAMS 0x0000000085c00000, 0x0000000085c00000| Untracked 
|  93|0x0000000085d00000, 0x0000000085d00000, 0x0000000085e00000|  0%| F|  |TAMS 0x0000000085d00000, 0x0000000085d00000| Untracked 
|  94|0x0000000085e00000, 0x0000000085e00000, 0x0000000085f00000|  0%| F|  |TAMS 0x0000000085e00000, 0x0000000085e00000| Untracked 
|  95|0x0000000085f00000, 0x0000000085f00000, 0x0000000086000000|  0%| F|  |TAMS 0x0000000085f00000, 0x0000000085f00000| Untracked 
|  96|0x0000000086000000, 0x0000000086000000, 0x0000000086100000|  0%| F|  |TAMS 0x0000000086000000, 0x0000000086000000| Untracked 
|  97|0x0000000086100000, 0x0000000086100000, 0x0000000086200000|  0%| F|  |TAMS 0x0000000086100000, 0x0000000086100000| Untracked 
|  98|0x0000000086200000, 0x0000000086200000, 0x0000000086300000|  0%| F|  |TAMS 0x0000000086200000, 0x0000000086200000| Untracked 
|  99|0x0000000086300000, 0x0000000086300000, 0x0000000086400000|  0%| F|  |TAMS 0x0000000086300000, 0x0000000086300000| Untracked 
| 100|0x0000000086400000, 0x0000000086400000, 0x0000000086500000|  0%| F|  |TAMS 0x0000000086400000, 0x0000000086400000| Untracked 
| 101|0x0000000086500000, 0x0000000086500000, 0x0000000086600000|  0%| F|  |TAMS 0x0000000086500000, 0x0000000086500000| Untracked 
| 102|0x0000000086600000, 0x0000000086600000, 0x0000000086700000|  0%| F|  |TAMS 0x0000000086600000, 0x0000000086600000| Untracked 
| 103|0x0000000086700000, 0x0000000086700000, 0x0000000086800000|  0%| F|  |TAMS 0x0000000086700000, 0x0000000086700000| Untracked 
| 104|0x0000000086800000, 0x0000000086800000, 0x0000000086900000|  0%| F|  |TAMS 0x0000000086800000, 0x0000000086800000| Untracked 
| 105|0x0000000086900000, 0x0000000086900000, 0x0000000086a00000|  0%| F|  |TAMS 0x0000000086900000, 0x0000000086900000| Untracked 
| 106|0x0000000086a00000, 0x0000000086a00000, 0x0000000086b00000|  0%| F|  |TAMS 0x0000000086a00000, 0x0000000086a00000| Untracked 
| 107|0x0000000086b00000, 0x0000000086c00000, 0x0000000086c00000|100%| S|CS|TAMS 0x0000000086b00000, 0x0000000086b00000| Complete 
| 108|0x0000000086c00000, 0x0000000086d00000, 0x0000000086d00000|100%| S|CS|TAMS 0x0000000086c00000, 0x0000000086c00000| Complete 
| 109|0x0000000086d00000, 0x0000000086e00000, 0x0000000086e00000|100%| S|CS|TAMS 0x0000000086d00000, 0x0000000086d00000| Complete 
| 110|0x0000000086e00000, 0x0000000086f00000, 0x0000000086f00000|100%| S|CS|TAMS 0x0000000086e00000, 0x0000000086e00000| Complete 
| 111|0x0000000086f00000, 0x0000000087000000, 0x0000000087000000|100%| S|CS|TAMS 0x0000000086f00000, 0x0000000086f00000| Complete 
| 112|0x0000000087000000, 0x0000000087100000, 0x0000000087100000|100%| S|CS|TAMS 0x0000000087000000, 0x0000000087000000| Complete 
| 113|0x0000000087100000, 0x0000000087200000, 0x0000000087200000|100%| S|CS|TAMS 0x0000000087100000, 0x0000000087100000| Complete 
| 114|0x0000000087200000, 0x0000000087300000, 0x0000000087300000|100%| S|CS|TAMS 0x0000000087200000, 0x0000000087200000| Complete 
| 115|0x0000000087300000, 0x0000000087400000, 0x0000000087400000|100%| S|CS|TAMS 0x0000000087300000, 0x0000000087300000| Complete 
| 116|0x0000000087400000, 0x0000000087500000, 0x0000000087500000|100%| S|CS|TAMS 0x0000000087400000, 0x0000000087400000| Complete 
| 117|0x0000000087500000, 0x0000000087500000, 0x0000000087600000|  0%| F|  |TAMS 0x0000000087500000, 0x0000000087500000| Untracked 
| 118|0x0000000087600000, 0x0000000087600000, 0x0000000087700000|  0%| F|  |TAMS 0x0000000087600000, 0x0000000087600000| Untracked 
| 119|0x0000000087700000, 0x0000000087700000, 0x0000000087800000|  0%| F|  |TAMS 0x0000000087700000, 0x0000000087700000| Untracked 
| 120|0x0000000087800000, 0x0000000087800000, 0x0000000087900000|  0%| F|  |TAMS 0x0000000087800000, 0x0000000087800000| Untracked 
| 121|0x0000000087900000, 0x0000000087900000, 0x0000000087a00000|  0%| F|  |TAMS 0x0000000087900000, 0x0000000087900000| Untracked 
| 122|0x0000000087a00000, 0x0000000087a00000, 0x0000000087b00000|  0%| F|  |TAMS 0x0000000087a00000, 0x0000000087a00000| Untracked 
| 123|0x0000000087b00000, 0x0000000087b00000, 0x0000000087c00000|  0%| F|  |TAMS 0x0000000087b00000, 0x0000000087b00000| Untracked 
| 124|0x0000000087c00000, 0x0000000087c00000, 0x0000000087d00000|  0%| F|  |TAMS 0x0000000087c00000, 0x0000000087c00000| Untracked 
| 125|0x0000000087d00000, 0x0000000087d00000, 0x0000000087e00000|  0%| F|  |TAMS 0x0000000087d00000, 0x0000000087d00000| Untracked 
| 126|0x0000000087e00000, 0x0000000087e00000, 0x0000000087f00000|  0%| F|  |TAMS 0x0000000087e00000, 0x0000000087e00000| Untracked 
| 127|0x0000000087f00000, 0x0000000087f00000, 0x0000000088000000|  0%| F|  |TAMS 0x0000000087f00000, 0x0000000087f00000| Untracked 
| 128|0x0000000088000000, 0x0000000088000000, 0x0000000088100000|  0%| F|  |TAMS 0x0000000088000000, 0x0000000088000000| Untracked 
| 129|0x0000000088100000, 0x0000000088100000, 0x0000000088200000|  0%| F|  |TAMS 0x0000000088100000, 0x0000000088100000| Untracked 
| 130|0x0000000088200000, 0x0000000088200000, 0x0000000088300000|  0%| F|  |TAMS 0x0000000088200000, 0x0000000088200000| Untracked 
| 131|0x0000000088300000, 0x0000000088300000, 0x0000000088400000|  0%| F|  |TAMS 0x0000000088300000, 0x0000000088300000| Untracked 
| 132|0x0000000088400000, 0x0000000088400000, 0x0000000088500000|  0%| F|  |TAMS 0x0000000088400000, 0x0000000088400000| Untracked 
| 133|0x0000000088500000, 0x0000000088500000, 0x0000000088600000|  0%| F|  |TAMS 0x0000000088500000, 0x0000000088500000| Untracked 
| 134|0x0000000088600000, 0x0000000088600000, 0x0000000088700000|  0%| F|  |TAMS 0x0000000088600000, 0x0000000088600000| Untracked 
| 135|0x0000000088700000, 0x0000000088700000, 0x0000000088800000|  0%| F|  |TAMS 0x0000000088700000, 0x0000000088700000| Untracked 
| 136|0x0000000088800000, 0x0000000088800000, 0x0000000088900000|  0%| F|  |TAMS 0x0000000088800000, 0x0000000088800000| Untracked 
| 137|0x0000000088900000, 0x0000000088900000, 0x0000000088a00000|  0%| F|  |TAMS 0x0000000088900000, 0x0000000088900000| Untracked 
| 138|0x0000000088a00000, 0x0000000088a00000, 0x0000000088b00000|  0%| F|  |TAMS 0x0000000088a00000, 0x0000000088a00000| Untracked 
| 139|0x0000000088b00000, 0x0000000088b00000, 0x0000000088c00000|  0%| F|  |TAMS 0x0000000088b00000, 0x0000000088b00000| Untracked 
| 140|0x0000000088c00000, 0x0000000088c00000, 0x0000000088d00000|  0%| F|  |TAMS 0x0000000088c00000, 0x0000000088c00000| Untracked 
| 141|0x0000000088d00000, 0x0000000088d00000, 0x0000000088e00000|  0%| F|  |TAMS 0x0000000088d00000, 0x0000000088d00000| Untracked 
| 142|0x0000000088e00000, 0x0000000088e00000, 0x0000000088f00000|  0%| F|  |TAMS 0x0000000088e00000, 0x0000000088e00000| Untracked 
| 143|0x0000000088f00000, 0x0000000088f00000, 0x0000000089000000|  0%| F|  |TAMS 0x0000000088f00000, 0x0000000088f00000| Untracked 
| 144|0x0000000089000000, 0x0000000089000000, 0x0000000089100000|  0%| F|  |TAMS 0x0000000089000000, 0x0000000089000000| Untracked 
| 145|0x0000000089100000, 0x0000000089100000, 0x0000000089200000|  0%| F|  |TAMS 0x0000000089100000, 0x0000000089100000| Untracked 
| 146|0x0000000089200000, 0x0000000089200000, 0x0000000089300000|  0%| F|  |TAMS 0x0000000089200000, 0x0000000089200000| Untracked 
| 147|0x0000000089300000, 0x0000000089300000, 0x0000000089400000|  0%| F|  |TAMS 0x0000000089300000, 0x0000000089300000| Untracked 
| 148|0x0000000089400000, 0x0000000089400000, 0x0000000089500000|  0%| F|  |TAMS 0x0000000089400000, 0x0000000089400000| Untracked 
| 149|0x0000000089500000, 0x0000000089500000, 0x0000000089600000|  0%| F|  |TAMS 0x0000000089500000, 0x0000000089500000| Untracked 
| 150|0x0000000089600000, 0x0000000089600000, 0x0000000089700000|  0%| F|  |TAMS 0x0000000089600000, 0x0000000089600000| Untracked 
| 151|0x0000000089700000, 0x0000000089700000, 0x0000000089800000|  0%| F|  |TAMS 0x0000000089700000, 0x0000000089700000| Untracked 
| 152|0x0000000089800000, 0x0000000089800000, 0x0000000089900000|  0%| F|  |TAMS 0x0000000089800000, 0x0000000089800000| Untracked 
| 153|0x0000000089900000, 0x0000000089900000, 0x0000000089a00000|  0%| F|  |TAMS 0x0000000089900000, 0x0000000089900000| Untracked 
| 154|0x0000000089a00000, 0x0000000089a00000, 0x0000000089b00000|  0%| F|  |TAMS 0x0000000089a00000, 0x0000000089a00000| Untracked 
| 155|0x0000000089b00000, 0x0000000089b00000, 0x0000000089c00000|  0%| F|  |TAMS 0x0000000089b00000, 0x0000000089b00000| Untracked 
| 156|0x0000000089c00000, 0x0000000089c00000, 0x0000000089d00000|  0%| F|  |TAMS 0x0000000089c00000, 0x0000000089c00000| Untracked 
| 157|0x0000000089d00000, 0x0000000089d00000, 0x0000000089e00000|  0%| F|  |TAMS 0x0000000089d00000, 0x0000000089d00000| Untracked 
| 158|0x0000000089e00000, 0x0000000089e00000, 0x0000000089f00000|  0%| F|  |TAMS 0x0000000089e00000, 0x0000000089e00000| Untracked 
| 159|0x0000000089f00000, 0x0000000089f00000, 0x000000008a000000|  0%| F|  |TAMS 0x0000000089f00000, 0x0000000089f00000| Untracked 
| 160|0x000000008a000000, 0x000000008a000000, 0x000000008a100000|  0%| F|  |TAMS 0x000000008a000000, 0x000000008a000000| Untracked 
| 161|0x000000008a100000, 0x000000008a100000, 0x000000008a200000|  0%| F|  |TAMS 0x000000008a100000, 0x000000008a100000| Untracked 
| 162|0x000000008a200000, 0x000000008a200000, 0x000000008a300000|  0%| F|  |TAMS 0x000000008a200000, 0x000000008a200000| Untracked 
| 163|0x000000008a300000, 0x000000008a300000, 0x000000008a400000|  0%| F|  |TAMS 0x000000008a300000, 0x000000008a300000| Untracked 
| 164|0x000000008a400000, 0x000000008a400000, 0x000000008a500000|  0%| F|  |TAMS 0x000000008a400000, 0x000000008a400000| Untracked 
| 165|0x000000008a500000, 0x000000008a500000, 0x000000008a600000|  0%| F|  |TAMS 0x000000008a500000, 0x000000008a500000| Untracked 
| 166|0x000000008a600000, 0x000000008a600000, 0x000000008a700000|  0%| F|  |TAMS 0x000000008a600000, 0x000000008a600000| Untracked 
| 167|0x000000008a700000, 0x000000008a700000, 0x000000008a800000|  0%| F|  |TAMS 0x000000008a700000, 0x000000008a700000| Untracked 
| 168|0x000000008a800000, 0x000000008a800000, 0x000000008a900000|  0%| F|  |TAMS 0x000000008a800000, 0x000000008a800000| Untracked 
| 169|0x000000008a900000, 0x000000008a900000, 0x000000008aa00000|  0%| F|  |TAMS 0x000000008a900000, 0x000000008a900000| Untracked 
| 170|0x000000008aa00000, 0x000000008aa00000, 0x000000008ab00000|  0%| F|  |TAMS 0x000000008aa00000, 0x000000008aa00000| Untracked 
| 171|0x000000008ab00000, 0x000000008ab00000, 0x000000008ac00000|  0%| F|  |TAMS 0x000000008ab00000, 0x000000008ab00000| Untracked 
| 172|0x000000008ac00000, 0x000000008ac00000, 0x000000008ad00000|  0%| F|  |TAMS 0x000000008ac00000, 0x000000008ac00000| Untracked 
| 173|0x000000008ad00000, 0x000000008ad00000, 0x000000008ae00000|  0%| F|  |TAMS 0x000000008ad00000, 0x000000008ad00000| Untracked 
| 174|0x000000008ae00000, 0x000000008ae00000, 0x000000008af00000|  0%| F|  |TAMS 0x000000008ae00000, 0x000000008ae00000| Untracked 
| 175|0x000000008af00000, 0x000000008af00000, 0x000000008b000000|  0%| F|  |TAMS 0x000000008af00000, 0x000000008af00000| Untracked 
| 176|0x000000008b000000, 0x000000008b000000, 0x000000008b100000|  0%| F|  |TAMS 0x000000008b000000, 0x000000008b000000| Untracked 
| 177|0x000000008b100000, 0x000000008b100000, 0x000000008b200000|  0%| F|  |TAMS 0x000000008b100000, 0x000000008b100000| Untracked 
| 178|0x000000008b200000, 0x000000008b200000, 0x000000008b300000|  0%| F|  |TAMS 0x000000008b200000, 0x000000008b200000| Untracked 
| 179|0x000000008b300000, 0x000000008b300000, 0x000000008b400000|  0%| F|  |TAMS 0x000000008b300000, 0x000000008b300000| Untracked 
| 180|0x000000008b400000, 0x000000008b400000, 0x000000008b500000|  0%| F|  |TAMS 0x000000008b400000, 0x000000008b400000| Untracked 
| 181|0x000000008b500000, 0x000000008b500000, 0x000000008b600000|  0%| F|  |TAMS 0x000000008b500000, 0x000000008b500000| Untracked 
| 182|0x000000008b600000, 0x000000008b600000, 0x000000008b700000|  0%| F|  |TAMS 0x000000008b600000, 0x000000008b600000| Untracked 
| 183|0x000000008b700000, 0x000000008b700000, 0x000000008b800000|  0%| F|  |TAMS 0x000000008b700000, 0x000000008b700000| Untracked 
| 184|0x000000008b800000, 0x000000008b800000, 0x000000008b900000|  0%| F|  |TAMS 0x000000008b800000, 0x000000008b800000| Untracked 

Card table byte_map: [0x00000247cc140000,0x00000247cc540000] _byte_map_base: 0x00000247cbd40000

Marking Bits (Prev, Next): (CMBitMap*) 0x00000247b7484218, (CMBitMap*) 0x00000247b7484250
 Prev Bits: [0x00000247cc940000, 0x00000247ce940000)
 Next Bits: [0x00000247ce940000, 0x00000247d0940000)

Polling page: 0x00000247b7520000

Metaspace:

Usage:
  Non-class:     77.38 MB capacity,    76.08 MB ( 98%) used,     1.05 MB (  1%) free+waste,   250.50 KB ( <1%) overhead. 
      Class:     11.97 MB capacity,    11.21 MB ( 94%) used,   667.91 KB (  5%) free+waste,   113.56 KB ( <1%) overhead. 
       Both:     89.35 MB capacity,    87.30 MB ( 98%) used,     1.70 MB (  2%) free+waste,   364.06 KB ( <1%) overhead. 

Virtual space:
  Non-class space:       78.00 MB reserved,      77.62 MB (>99%) committed 
      Class space:        1.00 GB reserved,      12.07 MB (  1%) committed 
             Both:        1.08 GB reserved,      89.70 MB (  8%) committed 

Chunk freelists:
   Non-Class:  56.00 KB
       Class:  0 bytes
        Both:  56.00 KB

MaxMetaspaceSize: 17179869184.00 GB
CompressedClassSpaceSize: 1.00 GB

CodeHeap 'non-profiled nmethods': size=120064Kb used=5659Kb max_used=5659Kb free=114404Kb
 bounds [0x00000247c41d0000, 0x00000247c4760000, 0x00000247cb710000]
CodeHeap 'profiled nmethods': size=120000Kb used=22199Kb max_used=22199Kb free=97800Kb
 bounds [0x00000247bcca0000, 0x00000247be250000, 0x00000247c41d0000]
CodeHeap 'non-nmethods': size=5696Kb used=2281Kb max_used=2326Kb free=3414Kb
 bounds [0x00000247bc710000, 0x00000247bc980000, 0x00000247bcca0000]
 total_blobs=11237 nmethods=10355 adapters=793
 compilation: enabled
              stopped_count=0, restarted_count=0
 full_count=0

Compilation events (20 events):
Event: 13.164 Thread 0x00000247d2fb4800 10412       3       org.apache.xerces.impl.XMLScanner::setProperty (105 bytes)
Event: 13.165 Thread 0x00000247d2fb4800 nmethod 10412 0x00000247be247b10 code [0x00000247be247e40, 0x00000247be249218]
Event: 13.167 Thread 0x00000247d2fb4800 10413       1       org.apache.xerces.impl.XMLNSDocumentScannerImpl::access$000 (5 bytes)
Event: 13.167 Thread 0x00000247d2fb4800 nmethod 10413 0x00000247c4756390 code [0x00000247c4756540, 0x00000247c47565d8]
Event: 13.167 Thread 0x00000247d2fb4800 10414       1       org.apache.xerces.impl.XMLEntityScanner::setCurrentEntity (6 bytes)
Event: 13.167 Thread 0x00000247d2fb4800 nmethod 10414 0x00000247c4756690 code [0x00000247c4756840, 0x00000247c4756938]
Event: 13.168 Thread 0x00000247d5f24800 10415       4       java.lang.StringUTF16::putChar (54 bytes)
Event: 13.169 Thread 0x00000247d5f24800 nmethod 10415 0x00000247c4756990 code [0x00000247c4756b20, 0x00000247c4756bd8]
Event: 13.169 Thread 0x00000247d2fb4800 10416       3       org.apache.xerces.util.ParserConfigurationSettings::checkProperty (45 bytes)
Event: 13.170 Thread 0x00000247d2fb4800 nmethod 10416 0x00000247be249810 code [0x00000247be249a00, 0x00000247be24a028]
Event: 13.171 Thread 0x00000247d2fb4800 10417       3       org.apache.xerces.impl.dtd.XMLDTDValidator::getPropertyDefault (36 bytes)
Event: 13.171 Thread 0x00000247d2fb4800 nmethod 10417 0x00000247be24a210 code [0x00000247be24a3e0, 0x00000247be24a6a8]
Event: 13.173 Thread 0x00000247d2fb4800 10418   !   3       java.lang.Class::newInstance (160 bytes)
Event: 13.175 Thread 0x00000247d2fb4800 nmethod 10418 0x00000247be24a890 code [0x00000247be24ac80, 0x00000247be24c448]
Event: 13.176 Thread 0x00000247d2fb4800 10419       3       org.apache.xerces.util.AugmentationsImpl::<init> (16 bytes)
Event: 13.176 Thread 0x00000247d2fb4800 nmethod 10419 0x00000247be24ce90 code [0x00000247be24d060, 0x00000247be24d498]
Event: 13.176 Thread 0x00000247d2fb4800 10420       3       org.apache.xerces.util.AugmentationsImpl$SmallContainer::<init> (19 bytes)
Event: 13.176 Thread 0x00000247d2fb4800 nmethod 10420 0x00000247be24d610 code [0x00000247be24d7e0, 0x00000247be24da98]
Event: 13.176 Thread 0x00000247d2fb4800 10421       3       org.apache.xerces.util.AugmentationsImpl$AugmentationsItemsContainer::<init> (5 bytes)
Event: 13.176 Thread 0x00000247d2fb4800 nmethod 10421 0x00000247be24db90 code [0x00000247be24dd40, 0x00000247be24de98]

GC Heap History (20 events):
Event: 4.425 GC heap after
{Heap after GC invocations=8 (full 0):
 garbage-first heap   total 131072K, used 22797K [0x0000000080000000, 0x0000000100000000)
  region size 1024K, 6 young (6144K), 6 survivors (6144K)
 Metaspace       used 34901K, capacity 35658K, committed 35708K, reserved 1081344K
  class space    used 4539K, capacity 4862K, committed 4864K, reserved 1048576K
}
Event: 5.130 GC heap before
{Heap before GC invocations=9 (full 0):
 garbage-first heap   total 131072K, used 97549K [0x0000000080000000, 0x0000000100000000)
  region size 1024K, 76 young (77824K), 6 survivors (6144K)
 Metaspace       used 40375K, capacity 41283K, committed 41544K, reserved 1085440K
  class space    used 5177K, capacity 5537K, committed 5580K, reserved 1048576K
}
Event: 5.142 GC heap after
{Heap after GC invocations=10 (full 0):
 garbage-first heap   total 157696K, used 28103K [0x0000000080000000, 0x0000000100000000)
  region size 1024K, 9 young (9216K), 9 survivors (9216K)
 Metaspace       used 40375K, capacity 41283K, committed 41544K, reserved 1085440K
  class space    used 5177K, capacity 5537K, committed 5580K, reserved 1048576K
}
Event: 6.061 GC heap before
{Heap before GC invocations=10 (full 0):
 garbage-first heap   total 157696K, used 106951K [0x0000000080000000, 0x0000000100000000)
  region size 1024K, 85 young (87040K), 9 survivors (9216K)
 Metaspace       used 47028K, capacity 48167K, committed 48456K, reserved 1091584K
  class space    used 6036K, capacity 6480K, committed 6604K, reserved 1048576K
}
Event: 6.074 GC heap after
{Heap after GC invocations=11 (full 0):
 garbage-first heap   total 157696K, used 31568K [0x0000000080000000, 0x0000000100000000)
  region size 1024K, 9 young (9216K), 9 survivors (9216K)
 Metaspace       used 47028K, capacity 48167K, committed 48456K, reserved 1091584K
  class space    used 6036K, capacity 6480K, committed 6604K, reserved 1048576K
}
Event: 7.024 GC heap before
{Heap before GC invocations=11 (full 0):
 garbage-first heap   total 157696K, used 125776K [0x0000000080000000, 0x0000000100000000)
  region size 1024K, 92 young (94208K), 9 survivors (9216K)
 Metaspace       used 53095K, capacity 54457K, committed 54600K, reserved 1097728K
  class space    used 6749K, capacity 7277K, committed 7372K, reserved 1048576K
}
Event: 7.035 GC heap after
{Heap after GC invocations=12 (full 0):
 garbage-first heap   total 157696K, used 49612K [0x0000000080000000, 0x0000000100000000)
  region size 1024K, 12 young (12288K), 12 survivors (12288K)
 Metaspace       used 53095K, capacity 54457K, committed 54600K, reserved 1097728K
  class space    used 6749K, capacity 7277K, committed 7372K, reserved 1048576K
}
Event: 7.496 GC heap before
{Heap before GC invocations=12 (full 0):
 garbage-first heap   total 157696K, used 86476K [0x0000000080000000, 0x0000000100000000)
  region size 1024K, 49 young (50176K), 12 survivors (12288K)
 Metaspace       used 58544K, capacity 59900K, committed 60068K, reserved 1101824K
  class space    used 7395K, capacity 7914K, committed 8012K, reserved 1048576K
}
Event: 7.508 GC heap after
{Heap after GC invocations=13 (full 0):
 garbage-first heap   total 157696K, used 52426K [0x0000000080000000, 0x0000000100000000)
  region size 1024K, 3 young (3072K), 3 survivors (3072K)
 Metaspace       used 58544K, capacity 59900K, committed 60068K, reserved 1101824K
  class space    used 7395K, capacity 7914K, committed 8012K, reserved 1048576K
}
Event: 8.194 GC heap before
{Heap before GC invocations=14 (full 0):
 garbage-first heap   total 157696K, used 108746K [0x0000000080000000, 0x0000000100000000)
  region size 1024K, 59 young (60416K), 3 survivors (3072K)
 Metaspace       used 64804K, capacity 66325K, committed 66504K, reserved 1107968K
  class space    used 8169K, capacity 8748K, committed 8780K, reserved 1048576K
}
Event: 8.203 GC heap after
{Heap after GC invocations=15 (full 0):
 garbage-first heap   total 189440K, used 56308K [0x0000000080000000, 0x0000000100000000)
  region size 1024K, 7 young (7168K), 7 survivors (7168K)
 Metaspace       used 64804K, capacity 66325K, committed 66504K, reserved 1107968K
  class space    used 8169K, capacity 8748K, committed 8780K, reserved 1048576K
}
Event: 8.850 GC heap before
{Heap before GC invocations=16 (full 0):
 garbage-first heap   total 189440K, used 130036K [0x0000000080000000, 0x0000000100000000)
  region size 1024K, 78 young (79872K), 7 survivors (7168K)
 Metaspace       used 68226K, capacity 69777K, committed 70088K, reserved 1110016K
  class space    used 8588K, capacity 9164K, committed 9292K, reserved 1048576K
}
Event: 8.860 GC heap after
{Heap after GC invocations=17 (full 0):
 garbage-first heap   total 189440K, used 61346K [0x0000000080000000, 0x0000000100000000)
  region size 1024K, 10 young (10240K), 10 survivors (10240K)
 Metaspace       used 68226K, capacity 69777K, committed 70088K, reserved 1110016K
  class space    used 8588K, capacity 9164K, committed 9292K, reserved 1048576K
}
Event: 9.734 GC heap before
{Heap before GC invocations=17 (full 0):
 garbage-first heap   total 189440K, used 134050K [0x0000000080000000, 0x0000000100000000)
  region size 1024K, 81 young (82944K), 10 survivors (10240K)
 Metaspace       used 75743K, capacity 77421K, committed 77640K, reserved 1116160K
  class space    used 9750K, capacity 10402K, committed 10444K, reserved 1048576K
}
Event: 9.747 GC heap after
{Heap after GC invocations=18 (full 0):
 garbage-first heap   total 189440K, used 66184K [0x0000000080000000, 0x0000000100000000)
  region size 1024K, 10 young (10240K), 10 survivors (10240K)
 Metaspace       used 75743K, capacity 77421K, committed 77640K, reserved 1116160K
  class space    used 9750K, capacity 10402K, committed 10444K, reserved 1048576K
}
Event: 10.605 GC heap before
{Heap before GC invocations=18 (full 0):
 garbage-first heap   total 189440K, used 138888K [0x0000000080000000, 0x0000000100000000)
  region size 1024K, 81 young (82944K), 10 survivors (10240K)
 Metaspace       used 82869K, capacity 84595K, committed 84808K, reserved 1122304K
  class space    used 10705K, capacity 11378K, committed 11468K, reserved 1048576K
}
Event: 10.622 GC heap after
{Heap after GC invocations=19 (full 0):
 garbage-first heap   total 189440K, used 71042K [0x0000000080000000, 0x0000000100000000)
  region size 1024K, 10 young (10240K), 10 survivors (10240K)
 Metaspace       used 82869K, capacity 84595K, committed 84808K, reserved 1122304K
  class space    used 10705K, capacity 11378K, committed 11468K, reserved 1048576K
}
Event: 11.653 GC heap before
{Heap before GC invocations=19 (full 0):
 garbage-first heap   total 189440K, used 142722K [0x0000000080000000, 0x0000000100000000)
  region size 1024K, 81 young (82944K), 10 survivors (10240K)
 Metaspace       used 87179K, capacity 89277K, committed 89544K, reserved 1126400K
  class space    used 11212K, capacity 12024K, committed 12108K, reserved 1048576K
}
Event: 11.673 GC heap after
{Heap after GC invocations=20 (full 0):
 garbage-first heap   total 189440K, used 77824K [0x0000000080000000, 0x0000000100000000)
  region size 1024K, 11 young (11264K), 11 survivors (11264K)
 Metaspace       used 87179K, capacity 89277K, committed 89544K, reserved 1126400K
  class space    used 11212K, capacity 12024K, committed 12108K, reserved 1048576K
}
Event: 13.178 GC heap before
{Heap before GC invocations=20 (full 0):
 garbage-first heap   total 189440K, used 148480K [0x0000000080000000, 0x0000000100000000)
  region size 1024K, 79 young (80896K), 11 survivors (11264K)
 Metaspace       used 89391K, capacity 91498K, committed 91848K, reserved 1128448K
  class space    used 11480K, capacity 12262K, committed 12364K, reserved 1048576K
}

Deoptimization events (20 events):
Event: 13.105 Thread 0x00000247d94ef800 Uncommon trap: trap_request=0xffffffc6 fr.pc=0x00000247c472fc68 relative=0x0000000000000508
Event: 13.105 Thread 0x00000247d94ef800 Uncommon trap: reason=bimorphic_or_optimized_type_check action=maybe_recompile pc=0x00000247c472fc68 method=org.apache.xerces.dom.NamedNodeMapImpl.findNamePoint(Ljava/lang/String;I)I @ 50 c2
Event: 13.105 Thread 0x00000247d94ef800 DEOPT PACKING pc=0x00000247c472fc68 sp=0x000000d581cf95f0
Event: 13.105 Thread 0x00000247d94ef800 DEOPT UNPACKING pc=0x00000247bc73662f sp=0x000000d581cf9570 mode 2
Event: 13.114 Thread 0x00000247d94ef800 Uncommon trap: trap_request=0xffffffc6 fr.pc=0x00000247c472fc68 relative=0x0000000000000508
Event: 13.114 Thread 0x00000247d94ef800 Uncommon trap: reason=bimorphic_or_optimized_type_check action=maybe_recompile pc=0x00000247c472fc68 method=org.apache.xerces.dom.NamedNodeMapImpl.findNamePoint(Ljava/lang/String;I)I @ 50 c2
Event: 13.114 Thread 0x00000247d94ef800 DEOPT PACKING pc=0x00000247c472fc68 sp=0x000000d581cf9570
Event: 13.114 Thread 0x00000247d94ef800 DEOPT UNPACKING pc=0x00000247bc73662f sp=0x000000d581cf94f0 mode 2
Event: 13.134 Thread 0x00000247d94ef800 Uncommon trap: trap_request=0xffffff4d fr.pc=0x00000247c473c138 relative=0x0000000000000098
Event: 13.134 Thread 0x00000247d94ef800 Uncommon trap: reason=unstable_if action=reinterpret pc=0x00000247c473c138 method=org.apache.xerces.impl.XMLEntityScanner.peekChar()I @ 14 c2
Event: 13.134 Thread 0x00000247d94ef800 DEOPT PACKING pc=0x00000247c473c138 sp=0x000000d581cf98f0
Event: 13.134 Thread 0x00000247d94ef800 DEOPT UNPACKING pc=0x00000247bc73662f sp=0x000000d581cf9880 mode 2
Event: 13.155 Thread 0x00000247d94ef800 Uncommon trap: trap_request=0xffffff4d fr.pc=0x00000247c41e308c relative=0x000000000000024c
Event: 13.156 Thread 0x00000247d94ef800 Uncommon trap: reason=unstable_if action=reinterpret pc=0x00000247c41e308c method=java.lang.String.isLatin1()Z @ 10 c2
Event: 13.156 Thread 0x00000247d94ef800 DEOPT PACKING pc=0x00000247c41e308c sp=0x000000d581cf99a0
Event: 13.156 Thread 0x00000247d94ef800 DEOPT UNPACKING pc=0x00000247bc73662f sp=0x000000d581cf98d8 mode 2
Event: 13.156 Thread 0x00000247d94ef800 Uncommon trap: trap_request=0xffffff4d fr.pc=0x00000247c42da288 relative=0x0000000000000268
Event: 13.156 Thread 0x00000247d94ef800 Uncommon trap: reason=unstable_if action=reinterpret pc=0x00000247c42da288 method=java.lang.AbstractStringBuilder.appendChars([CII)V @ 43 c2
Event: 13.156 Thread 0x00000247d94ef800 DEOPT PACKING pc=0x00000247c42da288 sp=0x000000d581cf9700
Event: 13.156 Thread 0x00000247d94ef800 DEOPT UNPACKING pc=0x00000247bc73662f sp=0x000000d581cf9678 mode 2

Classes redefined (0 events):
No events

Internal exceptions (20 events):
Event: 10.870 Thread 0x00000247d4e57000 Exception <a 'java/lang/NoSuchMethodError'{0x000000008a282058}: <clinit>> (0x000000008a282058) thrown at [./src/hotspot/share/prims/jni.cpp, line 1362]
Event: 10.871 Thread 0x00000247d4e57000 Exception <a 'java/lang/NoSuchMethodError'{0x000000008a283208}: <clinit>> (0x000000008a283208) thrown at [./src/hotspot/share/prims/jni.cpp, line 1362]
Event: 10.904 Thread 0x00000247d94f2800 Exception <a 'java/lang/NoSuchMethodError'{0x000000008b1886d8}: <clinit>> (0x000000008b1886d8) thrown at [./src/hotspot/share/prims/jni.cpp, line 1362]
Event: 10.909 Thread 0x00000247d94f2800 Exception <a 'java/lang/NoSuchMethodError'{0x000000008b19d908}: <clinit>> (0x000000008b19d908) thrown at [./src/hotspot/share/prims/jni.cpp, line 1362]
Event: 10.912 Thread 0x00000247d94f2800 Exception <a 'java/lang/NoSuchMethodError'{0x000000008a0deff8}: <clinit>> (0x000000008a0deff8) thrown at [./src/hotspot/share/prims/jni.cpp, line 1362]
Event: 10.936 Thread 0x00000247d94ef800 Exception <a 'java/lang/IncompatibleClassChangeError'{0x0000000089e15228}: Found class java.lang.Object, but interface was expected> (0x0000000089e15228) thrown at [./src/hotspot/share/interpreter/linkResolver.cpp, line 839]
Event: 10.954 Thread 0x00000247d94ef800 Exception <a 'java/lang/NoSuchMethodError'{0x0000000089d3f8e8}: 'java.lang.Object java.lang.invoke.DirectMethodHandle$Holder.invokeInterface(java.lang.Object, java.lang.Object, int)'> (0x0000000089d3f8e8) thrown at [./src/hotspot/share/interpreter/linkResolver.cpp, line 773]
Event: 10.955 Thread 0x00000247d4e57000 Exception <a 'java/lang/NoSuchMethodError'{0x0000000089d65220}: <clinit>> (0x0000000089d65220) thrown at [./src/hotspot/share/prims/jni.cpp, line 1362]
Event: 10.955 Thread 0x00000247d94ef800 Exception <a 'java/lang/NoSuchMethodError'{0x0000000089d521f8}: 'void java.lang.invoke.DirectMethodHandle$Holder.invokeStatic(java.lang.Object, java.lang.Object, java.lang.Object, int)'> (0x0000000089d521f8) thrown at [./src/hotspot/share/interpreter/linkResolver.cpp, line 773]
Event: 10.996 Thread 0x00000247d94ef800 Exception <a 'java/lang/IncompatibleClassChangeError'{0x0000000089c48cc0}: Found class java.lang.Object, but interface was expected> (0x0000000089c48cc0) thrown at [./src/hotspot/share/interpreter/linkResolver.cpp, line 839]
Event: 11.000 Thread 0x00000247d94ef800 Exception <a 'java/lang/IncompatibleClassChangeError'{0x0000000089c6d1b0}: Found class java.lang.Object, but interface was expected> (0x0000000089c6d1b0) thrown at [./src/hotspot/share/interpreter/linkResolver.cpp, line 839]
Event: 11.258 Thread 0x00000247d94ef800 Exception <a 'java/lang/NoSuchMethodError'{0x00000000892c3418}: 'void java.lang.invoke.DirectMethodHandle$Holder.invokeStatic(java.lang.Object, java.lang.Object, java.lang.Object, java.lang.Object, int, java.lang.Object, java.lang.Object)'> (0x00000000892c3418) thrown at [./src/hotspot/share/interpreter/linkResolver.cpp, line 773]
Event: 11.285 Thread 0x00000247d7265800 Exception <a 'java/lang/NoSuchMethodError'{0x0000000088c1c7a0}: 'java.lang.Object java.lang.invoke.DirectMethodHandle$Holder.invokeSpecialIFC(java.lang.Object, java.lang.Object, java.lang.Object)'> (0x0000000088c1c7a0) thrown at [./src/hotspot/share/interpreter/linkResolver.cpp, line 773]
Event: 11.285 Thread 0x00000247d7266000 Exception <a 'java/lang/NoSuchMethodError'{0x0000000088c14f98}: 'java.lang.Object java.lang.invoke.DirectMethodHandle$Holder.invokeSpecialIFC(java.lang.Object, java.lang.Object, java.lang.Object)'> (0x0000000088c14f98) thrown at [./src/hotspot/share/interpreter/linkResolver.cpp, line 773]
Event: 11.312 Thread 0x00000247d725f000 Exception <a 'java/lang/NoSuchMethodError'{0x0000000088af11b0}: 'int java.lang.invoke.DirectMethodHandle$Holder.invokeStaticInit(java.lang.Object, java.lang.Object, java.lang.Object, java.lang.Object, java.lang.Object)'> (0x0000000088af11b0) thrown at [./src/hotspot/share/interpreter/linkResolver.cpp, line 773]
Event: 11.862 Thread 0x00000247d710b800 Implicit null exception at 0x00000247c46c9598 to 0x00000247c46c9e00
Event: 11.896 Thread 0x00000247d7108800 Exception <a 'java/lang/NoSuchMethodError'{0x000000008acafb70}: 'void java.lang.invoke.DirectMethodHandle$Holder.invokeVirtual(java.lang.Object, java.lang.Object)'> (0x000000008acafb70) thrown at [./src/hotspot/share/interpreter/linkResolver.cpp, line 773]
Event: 11.923 Thread 0x00000247d710b800 Exception <a 'java/lang/NoSuchMethodError'{0x000000008aab8c28}: 'void java.lang.invoke.DirectMethodHandle$Holder.invokeStatic(java.lang.Object, java.lang.Object, java.lang.Object, java.lang.Object, java.lang.Object, java.lang.Object, java.lang.Object)'> (0x000000008aab8c28) thrown at [./src/hotspot/share/interpreter/linkResolver.cpp, line 773]
Event: 11.995 Thread 0x00000247d7102800 Implicit null exception at 0x00000247c46d46c4 to 0x00000247c46d5194
Event: 12.748 Thread 0x00000247d94ef800 Implicit null exception at 0x00000247c44a9684 to 0x00000247c44a987c

Events (20 events):
Event: 13.089 loading class org/apache/xerces/jaxp/SAXParserImpl$JAXPSAXParser done
Event: 13.090 loading class org/apache/xerces/parsers/SAXParser
Event: 13.090 loading class org/apache/xerces/parsers/SAXParser done
Event: 13.090 loading class org/apache/xerces/parsers/AbstractSAXParser
Event: 13.090 loading class org/apache/xerces/parsers/AbstractSAXParser done
Event: 13.093 loading class org/apache/xerces/parsers/AbstractSAXParser$AttributesProxy
Event: 13.093 loading class org/apache/xerces/parsers/AbstractSAXParser$AttributesProxy done
Event: 13.096 loading class org/apache/xerces/dom/ParentNode$UserDataRecord
Event: 13.096 loading class org/apache/xerces/dom/ParentNode$UserDataRecord done
Event: 13.097 loading class org/apache/xerces/util/EntityResolver2Wrapper
Event: 13.097 loading class org/apache/xerces/util/EntityResolver2Wrapper done
Event: 13.097 loading class org/apache/xerces/impl/ExternalSubsetResolver
Event: 13.097 loading class org/apache/xerces/impl/ExternalSubsetResolver done
Event: 13.097 loading class org/apache/xerces/util/ErrorHandlerWrapper
Event: 13.097 loading class org/apache/xerces/util/ErrorHandlerWrapper done
Event: 13.098 loading class org/apache/xerces/parsers/AbstractSAXParser$LocatorProxy
Event: 13.098 loading class org/apache/xerces/parsers/AbstractSAXParser$LocatorProxy done
Event: 13.098 loading class com/android/utils/PositionXmlParser$Position
Event: 13.098 loading class com/android/utils/PositionXmlParser$Position done
Event: 13.178 Executing VM operation: G1CollectForAllocation


Dynamic libraries:
0x00007ff7fdb70000 - 0x00007ff7fdb7a000 	D:\AndroidStudio\jre\bin\java.exe
0x00007fff90910000 - 0x00007fff90b05000 	C:\WINDOWS\SYSTEM32\ntdll.dll
0x00007fff672b0000 - 0x00007fff672c6000 	C:\Program Files\AVAST Software\Avast\aswhook.dll
0x00007fff8f950000 - 0x00007fff8fa0e000 	C:\WINDOWS\System32\KERNEL32.DLL
0x00007fff8e410000 - 0x00007fff8e6d8000 	C:\WINDOWS\System32\KERNELBASE.dll
0x00007fff8e7d0000 - 0x00007fff8e8d0000 	C:\WINDOWS\System32\ucrtbase.dll
0x00007fff69ff0000 - 0x00007fff6a007000 	D:\AndroidStudio\jre\bin\VCRUNTIME140.dll
0x00007fff67bd0000 - 0x00007fff67be9000 	D:\AndroidStudio\jre\bin\jli.dll
0x00007fff8eb20000 - 0x00007fff8ecc0000 	C:\WINDOWS\System32\USER32.dll
0x00007fff79930000 - 0x00007fff79bca000 	C:\WINDOWS\WinSxS\amd64_microsoft.windows.common-controls_6595b64144ccf1df_6.0.19041.1110_none_60b5254171f9507e\COMCTL32.dll
0x00007fff8e2d0000 - 0x00007fff8e2f2000 	C:\WINDOWS\System32\win32u.dll
0x00007fff8e9a0000 - 0x00007fff8ea3e000 	C:\WINDOWS\System32\msvcrt.dll
0x00007fff8e970000 - 0x00007fff8e99b000 	C:\WINDOWS\System32\GDI32.dll
0x00007fff8e300000 - 0x00007fff8e40b000 	C:\WINDOWS\System32\gdi32full.dll
0x00007fff8e8d0000 - 0x00007fff8e96d000 	C:\WINDOWS\System32\msvcp_win.dll
0x00007fff8fd70000 - 0x00007fff8fda0000 	C:\WINDOWS\System32\IMM32.DLL
0x00007fff3f780000 - 0x00007fff3f81d000 	D:\AndroidStudio\jre\bin\msvcp140.dll
0x00007fff2f750000 - 0x00007fff30225000 	D:\AndroidStudio\jre\bin\server\jvm.dll
0x00007fff8fcc0000 - 0x00007fff8fd6e000 	C:\WINDOWS\System32\ADVAPI32.dll
0x00007fff8ef20000 - 0x00007fff8efbc000 	C:\WINDOWS\System32\sechost.dll
0x00007fff8ed80000 - 0x00007fff8eea5000 	C:\WINDOWS\System32\RPCRT4.dll
0x00007fff8fcb0000 - 0x00007fff8fcb8000 	C:\WINDOWS\System32\PSAPI.DLL
0x00007fff794d0000 - 0x00007fff794d9000 	C:\WINDOWS\SYSTEM32\WSOCK32.dll
0x00007fff7ddd0000 - 0x00007fff7ddf7000 	C:\WINDOWS\SYSTEM32\WINMM.dll
0x00007fff8eeb0000 - 0x00007fff8ef1b000 	C:\WINDOWS\System32\WS2_32.dll
0x00007fff88390000 - 0x00007fff8839a000 	C:\WINDOWS\SYSTEM32\VERSION.dll
0x00007fff8bf60000 - 0x00007fff8bf72000 	C:\WINDOWS\SYSTEM32\kernel.appcore.dll
0x00007fff7e500000 - 0x00007fff7e511000 	D:\AndroidStudio\jre\bin\verify.dll
0x00007fff86e50000 - 0x00007fff87034000 	C:\WINDOWS\SYSTEM32\DBGHELP.DLL
0x00007fff872f0000 - 0x00007fff8731c000 	C:\WINDOWS\SYSTEM32\dbgcore.DLL
0x00007fff8e030000 - 0x00007fff8e0b2000 	C:\WINDOWS\System32\bcryptPrimitives.dll
0x00007fff7c530000 - 0x00007fff7c559000 	D:\AndroidStudio\jre\bin\java.dll
0x00007fff8b850000 - 0x00007fff8b85b000 	D:\AndroidStudio\jre\bin\jimage.dll
0x00007fff7de00000 - 0x00007fff7de18000 	D:\AndroidStudio\jre\bin\zip.dll
0x00007fff90120000 - 0x00007fff90864000 	C:\WINDOWS\System32\SHELL32.dll
0x00007fff8c160000 - 0x00007fff8c8f4000 	C:\WINDOWS\SYSTEM32\windows.storage.dll
0x00007fff8f5f0000 - 0x00007fff8f944000 	C:\WINDOWS\System32\combase.dll
0x00007fff8d9c0000 - 0x00007fff8d9ec000 	C:\WINDOWS\SYSTEM32\Wldp.dll
0x00007fff8fab0000 - 0x00007fff8fb5d000 	C:\WINDOWS\System32\SHCORE.dll
0x00007fff90870000 - 0x00007fff908c5000 	C:\WINDOWS\System32\shlwapi.dll
0x00007fff8df70000 - 0x00007fff8df8f000 	C:\WINDOWS\SYSTEM32\profapi.dll
0x00007fff6b0e0000 - 0x00007fff6b0fa000 	D:\AndroidStudio\jre\bin\net.dll
0x00007fff7dfd0000 - 0x00007fff7e0d9000 	C:\WINDOWS\SYSTEM32\WINHTTP.dll
0x00007fff8d720000 - 0x00007fff8d78a000 	C:\WINDOWS\system32\mswsock.dll
0x00007fff6b0c0000 - 0x00007fff6b0d4000 	D:\AndroidStudio\jre\bin\nio.dll
0x00007fff59bf0000 - 0x00007fff59c17000 	C:\Users\Admin\.gradle\native\e1d6ef7f7dcc3fd88c89a11ec53ec762bb8ba0a96d01ffa2cd45eb1d1d8dd5c5\windows-amd64\native-platform.dll
0x00007fff352c0000 - 0x00007fff35404000 	C:\Users\Admin\.gradle\native\5664cfc778a61ccfe75a443a1ab52a65af34e5dc3c78e0209fed803814484fcb\windows-amd64\native-platform-file-events.dll
0x00007fff84d30000 - 0x00007fff84d3a000 	D:\AndroidStudio\jre\bin\management.dll
0x00007fff849d0000 - 0x00007fff849dd000 	D:\AndroidStudio\jre\bin\management_ext.dll
0x00007fff8d910000 - 0x00007fff8d928000 	C:\WINDOWS\SYSTEM32\CRYPTSP.dll
0x00007fff8d0a0000 - 0x00007fff8d0d4000 	C:\WINDOWS\system32\rsaenh.dll
0x00007fff8e7a0000 - 0x00007fff8e7c7000 	C:\WINDOWS\System32\bcrypt.dll
0x00007fff8df30000 - 0x00007fff8df5e000 	C:\WINDOWS\SYSTEM32\USERENV.dll
0x00007fff8d930000 - 0x00007fff8d93c000 	C:\WINDOWS\SYSTEM32\CRYPTBASE.dll
0x00007fff8d410000 - 0x00007fff8d44b000 	C:\WINDOWS\SYSTEM32\IPHLPAPI.DLL
0x00007fff8f5e0000 - 0x00007fff8f5e8000 	C:\WINDOWS\System32\NSI.dll
0x00007fff87df0000 - 0x00007fff87e07000 	C:\WINDOWS\SYSTEM32\dhcpcsvc6.DLL
0x00007fff883c0000 - 0x00007fff883dd000 	C:\WINDOWS\SYSTEM32\dhcpcsvc.DLL
0x00007fff8d450000 - 0x00007fff8d51a000 	C:\WINDOWS\SYSTEM32\DNSAPI.dll

dbghelp: loaded successfully - version: 4.0.5 - missing functions: none
symbol engine: initialized successfully - sym options: 0x614 - pdb path: .;D:\AndroidStudio\jre\bin;C:\WINDOWS\SYSTEM32;C:\Program Files\AVAST Software\Avast;C:\WINDOWS\WinSxS\amd64_microsoft.windows.common-controls_6595b64144ccf1df_6.0.19041.1110_none_60b5254171f9507e;D:\AndroidStudio\jre\bin\server;C:\Users\Admin\.gradle\native\e1d6ef7f7dcc3fd88c89a11ec53ec762bb8ba0a96d01ffa2cd45eb1d1d8dd5c5\windows-amd64;C:\Users\Admin\.gradle\native\5664cfc778a61ccfe75a443a1ab52a65af34e5dc3c78e0209fed803814484fcb\windows-amd64

VM Arguments:
jvm_args: --add-opens=java.base/java.util=ALL-UNNAMED --add-opens=java.base/java.lang=ALL-UNNAMED --add-opens=java.base/java.lang.invoke=ALL-UNNAMED --add-opens=java.base/java.util=ALL-UNNAMED --add-opens=java.prefs/java.util.prefs=ALL-UNNAMED --add-opens=java.prefs/java.util.prefs=ALL-UNNAMED --add-opens=java.base/java.nio.charset=ALL-UNNAMED --add-opens=java.base/java.net=ALL-UNNAMED --add-opens=java.base/java.util.concurrent.atomic=ALL-UNNAMED -Xmx2048m -Dfile.encoding=UTF-8 -Duser.country=RU -Duser.language=ru -Duser.variant 
java_command: org.gradle.launcher.daemon.bootstrap.GradleDaemon 7.2
java_class_path (initial): C:\Users\Admin\.gradle\wrapper\dists\gradle-7.2-bin\2dnblmf4td7x66yl1d74lt32g\gradle-7.2\lib\gradle-launcher-7.2.jar
Launcher Type: SUN_STANDARD

[Global flags]
     intx CICompilerCount                          = 3                                         {product} {ergonomic}
     uint ConcGCThreads                            = 1                                         {product} {ergonomic}
     uint G1ConcRefinementThreads                  = 4                                         {product} {ergonomic}
   size_t G1HeapRegionSize                         = 1048576                                   {product} {ergonomic}
    uintx GCDrainStackTargetSize                   = 64                                        {product} {ergonomic}
   size_t InitialHeapSize                          = 134217728                                 {product} {ergonomic}
   size_t MarkStackSize                            = 4194304                                   {product} {ergonomic}
   size_t MaxHeapSize                              = 2147483648                                {product} {command line}
   size_t MaxNewSize                               = 1287651328                                {product} {ergonomic}
   size_t MinHeapDeltaBytes                        = 1048576                                   {product} {ergonomic}
    uintx NonNMethodCodeHeapSize                   = 5830732                                {pd product} {ergonomic}
    uintx NonProfiledCodeHeapSize                  = 122913754                              {pd product} {ergonomic}
    uintx ProfiledCodeHeapSize                     = 122913754                              {pd product} {ergonomic}
    uintx ReservedCodeCacheSize                    = 251658240                              {pd product} {ergonomic}
     bool SegmentedCodeCache                       = true                                      {product} {ergonomic}
     bool UseCompressedClassPointers               = true                                 {lp64_product} {ergonomic}
     bool UseCompressedOops                        = true                                 {lp64_product} {ergonomic}
     bool UseG1GC                                  = true                                      {product} {ergonomic}
     bool UseLargePagesIndividualAllocation        = false                                  {pd product} {ergonomic}

Logging:
Log output configuration:
 #0: stdout all=warning uptime,level,tags
 #1: stderr all=off uptime,level,tags

Environment Variables:
JAVA_HOME=C:\Program Files\Java\jdk-14.0.1
PATH=C:\Program Files (x86)\Common Files\Oracle\Java\javapath;C:\ProgramData\Oracle\Java\javapath;C:\Windows\system32;C:\Windows;C:\Windows\System32\Wbem;C:\Windows\System32\WindowsPowerShell\v1.0\;C:\Program Files\dotnet\;C:\Program Files\Microsoft SQL Server\130\Tools\Binn\;C:\Program Files (x86)\NVIDIA Corporation\PhysX\Common;C:\Program Files\NVIDIA Corporation\NVIDIA NvDLISR;E:\Matlab\runtime\win32;E:\Matlab\runtime\win64;E:\Matlab\bin;E:\Matlab\polyspace\bin;C:\Program Files\Microsoft SQL Server\Client SDK\ODBC\170\Tools\Binn\;C:\WINDOWS\system32;C:\WINDOWS;C:\WINDOWS\System32\Wbem;C:\WINDOWS\System32\WindowsPowerShell\v1.0\;C:\WINDOWS\System32\OpenSSH\;C:\Program Files\Java\jdk-14.0.1\bin;C:\Users\Admin\AppData\Local\Microsoft\WindowsApps;C:\Users\Admin\AppData\Local\atom\bin;C:\Users\Admin\AppData\Local\Microsoft\WindowsApps;C:\Program Files (x86)\clisp-2.49;C:\Users\Admin\AppData\Local\Programs\Microsoft VS Code\bin;C:\Users\Admin\AppData\Local\GitHubDesktop\bin
USERNAME=Admin
OS=Windows_NT
PROCESSOR_IDENTIFIER=Intel64 Family 6 Model 60 Stepping 3, GenuineIntel



---------------  S Y S T E M  ---------------

OS: Windows 10 , 64 bit Build 19041 (10.0.19041.1566)
OS uptime: 0 days 22:57 hours

CPU:total 4 (initial active 4) (4 cores per cpu, 1 threads per core) family 6 model 60 stepping 3 microcode 0x27, cmov, cx8, fxsr, mmx, sse, sse2, sse3, ssse3, sse4.1, sse4.2, popcnt, avx, avx2, aes, clmul, erms, lzcnt, tsc, tscinvbit, bmi1, bmi2, fma

Memory: 4k page, system-wide physical 8071M (1117M free)
TotalPageFile size 11247M (AvailPageFile size 14M)
current process WorkingSet (physical memory assigned to process): 438M, peak: 442M
current process commit charge ("private bytes"): 466M, peak: 502M

vm_info: OpenJDK 64-Bit Server VM (11.0.11+9-b60-7590822) for windows-amd64 JRE (11.0.11+9-b60-7590822), built on Jul 29 2021 21:43:44 by "builder" with MS VC++ 14.0 (VS2015)

END.
