#
# There is insufficient memory for the Java Runtime Environment to continue.
# Native memory allocation (malloc) failed to allocate 1787856 bytes for Chunk::new
# Possible reasons:
#   The system is out of physical RAM or swap space
#   The process is running with CompressedOops enabled, and the Java Heap may be blocking the growth of the native heap
# Possible solutions:
#   Reduce memory load on the system
#   Increase physical memory or swap space
#   Check if swap backing store is full
#   Decrease Java heap size (-Xmx/-Xms)
#   Decrease number of Java threads
#   Decrease Java thread stack sizes (-Xss)
#   Set larger code cache with -XX:ReservedCodeCacheSize=
#   JVM is running with Unscaled Compressed Oops mode in which the Java heap is
#     placed in the first 4GB address space. The Java Heap base address is the
#     maximum limit for the native heap growth. Please use -XX:HeapBaseMinAddress
#     to set the Java Heap base and to place the Java Heap above 4GB virtual address.
# This output file may be truncated or incomplete.
#
#  Out of Memory Error (./src/hotspot/share/memory/arena.cpp:197), pid=6464, tid=2672
#
# JRE version: OpenJDK Runtime Environment (11.0.11+9) (build 11.0.11+9-b60-7590822)
# Java VM: OpenJDK 64-Bit Server VM (11.0.11+9-b60-7590822, mixed mode, tiered, compressed oops, g1 gc, windows-amd64)
# No core dump will be written. Minidumps are not enabled by default on client versions of Windows
#

---------------  S U M M A R Y ------------

Command Line: --add-opens=java.base/java.util=ALL-UNNAMED --add-opens=java.base/java.lang=ALL-UNNAMED --add-opens=java.base/java.lang.invoke=ALL-UNNAMED --add-opens=java.base/java.util=ALL-UNNAMED --add-opens=java.prefs/java.util.prefs=ALL-UNNAMED --add-opens=java.prefs/java.util.prefs=ALL-UNNAMED --add-opens=java.base/java.nio.charset=ALL-UNNAMED --add-opens=java.base/java.net=ALL-UNNAMED --add-opens=java.base/java.util.concurrent.atomic=ALL-UNNAMED -Xmx2048m -Dfile.encoding=UTF-8 -Duser.country=RU -Duser.language=ru -Duser.variant org.gradle.launcher.daemon.bootstrap.GradleDaemon 7.2

Host: Intel(R) Core(TM) i5-4430 CPU @ 3.00GHz, 4 cores, 7G,  Windows 10 , 64 bit Build 19041 (10.0.19041.1566)
Time: Sat Apr  9 02:21:58 2022 RTZ 2 (зима) elapsed time: 11.350352 seconds (0d 0h 0m 11s)

---------------  T H R E A D  ---------------

Current thread (0x0000020bf2bf1000):  JavaThread "C2 CompilerThread1" daemon [_thread_in_native, id=2672, stack(0x0000004980f00000,0x0000004981000000)]


Current CompileTask:
C2:  11350 7805       4       org.gradle.internal.instantiation.generator.AbstractClassGenerator::inspectType (560 bytes)

Stack: [0x0000004980f00000,0x0000004981000000]
Native frames: (J=compiled Java code, j=interpreted, Vv=VM code, C=native code)
V  [jvm.dll+0x5f214a]
V  [jvm.dll+0x726fb5]
V  [jvm.dll+0x7285cd]
V  [jvm.dll+0x728c83]
V  [jvm.dll+0x243278]
V  [jvm.dll+0xbc53c]
V  [jvm.dll+0xbca3c]
V  [jvm.dll+0x353e7d]
V  [jvm.dll+0x19875c]
V  [jvm.dll+0x1fc2ee]
V  [jvm.dll+0x1fb3d4]
V  [jvm.dll+0x183d6c]
V  [jvm.dll+0x209a57]
V  [jvm.dll+0x2082a1]
V  [jvm.dll+0x6ef58f]
V  [jvm.dll+0x6e80b5]
V  [jvm.dll+0x5f1036]
C  [ucrtbase.dll+0x21bb2]
C  [KERNEL32.DLL+0x17034]
C  [ntdll.dll+0x52651]


---------------  P R O C E S S  ---------------

Threads class SMR info:
_java_thread_list=0x0000020bf7d92740, length=80, elements={
0x0000020bd6b50000, 0x0000020bf0738000, 0x0000020bf0741800, 0x0000020bf0754800,
0x0000020bf0758800, 0x0000020bf0759800, 0x0000020bf075f000, 0x0000020bf0765800,
0x0000020bf076f800, 0x0000020bf1233800, 0x0000020bf3cc9800, 0x0000020bf31d9000,
0x0000020bf3726800, 0x0000020bf1f5b800, 0x0000020bf2061800, 0x0000020bf36f1000,
0x0000020bf372f800, 0x0000020bf3f97800, 0x0000020bf2c4e800, 0x0000020bf2aa4800,
0x0000020bf2aa0800, 0x0000020bf2aa1800, 0x0000020bf2aa2000, 0x0000020bf2bf1000,
0x0000020bf2aa3000, 0x0000020bf2aa4000, 0x0000020bf2aa5800, 0x0000020bf2a9f800,
0x0000020bf2aa6000, 0x0000020bf433c800, 0x0000020bf4337800, 0x0000020bf4338000,
0x0000020bf4339000, 0x0000020bf433d000, 0x0000020bf433e000, 0x0000020bf433a000,
0x0000020bf433a800, 0x0000020bf4340800, 0x0000020bf433f800, 0x0000020bf4343800,
0x0000020bf4341000, 0x0000020bf4344800, 0x0000020bf433e800, 0x0000020bf4342000,
0x0000020bf4345800, 0x0000020bf4343000, 0x0000020bf330c000, 0x0000020bf3309800,
0x0000020bf330d800, 0x0000020bf330b000, 0x0000020bf330e800, 0x0000020bf330a800,
0x0000020bf3308800, 0x0000020bf330d000, 0x0000020bf3312800, 0x0000020bf3313800,
0x0000020bf3315000, 0x0000020bf3311000, 0x0000020bf330f000, 0x0000020bf3311800,
0x0000020bf3316000, 0x0000020bf3314000, 0x0000020bf3310000, 0x0000020bf3316800,
0x0000020bf3317800, 0x0000020bf3c8b800, 0x0000020bf3c8f000, 0x0000020bf3c8f800,
0x0000020bf3c8c800, 0x0000020bf3c8d000, 0x0000020bf3c90800, 0x0000020bf3c8a800,
0x0000020bf3c91000, 0x0000020bf3c92000, 0x0000020bf3c93000, 0x0000020bf3c93800,
0x0000020bf3c8e000, 0x0000020bf3c95800, 0x0000020bf3c99800, 0x0000020bf3c94800
}

Java Threads: ( => current thread )
  0x0000020bd6b50000 JavaThread "main" [_thread_blocked, id=4536, stack(0x00000049fed00000,0x00000049fee00000)]
  0x0000020bf0738000 JavaThread "Reference Handler" daemon [_thread_blocked, id=12248, stack(0x00000049ff400000,0x00000049ff500000)]
  0x0000020bf0741800 JavaThread "Finalizer" daemon [_thread_blocked, id=5172, stack(0x00000049ff500000,0x00000049ff600000)]
  0x0000020bf0754800 JavaThread "Signal Dispatcher" daemon [_thread_blocked, id=12704, stack(0x00000049ff600000,0x00000049ff700000)]
  0x0000020bf0758800 JavaThread "Attach Listener" daemon [_thread_blocked, id=12744, stack(0x00000049ff700000,0x00000049ff800000)]
  0x0000020bf0759800 JavaThread "Service Thread" daemon [_thread_blocked, id=11848, stack(0x00000049ff800000,0x00000049ff900000)]
  0x0000020bf075f000 JavaThread "C2 CompilerThread0" daemon [_thread_in_native, id=16680, stack(0x00000049ff900000,0x00000049ffa00000)]
  0x0000020bf0765800 JavaThread "C1 CompilerThread0" daemon [_thread_blocked, id=14308, stack(0x00000049ffa00000,0x00000049ffb00000)]
  0x0000020bf076f800 JavaThread "Sweeper thread" daemon [_thread_blocked, id=11664, stack(0x00000049ffb00000,0x00000049ffc00000)]
  0x0000020bf1233800 JavaThread "Common-Cleaner" daemon [_thread_blocked, id=15724, stack(0x00000049ffc00000,0x00000049ffd00000)]
  0x0000020bf3cc9800 JavaThread "Daemon health stats" [_thread_blocked, id=10352, stack(0x0000004980200000,0x0000004980300000)]
  0x0000020bf31d9000 JavaThread "Incoming local TCP Connector on port 50639" [_thread_in_native, id=12468, stack(0x0000004980100000,0x0000004980200000)]
  0x0000020bf3726800 JavaThread "Daemon periodic checks" [_thread_blocked, id=1996, stack(0x0000004980300000,0x0000004980400000)]
  0x0000020bf1f5b800 JavaThread "Daemon" [_thread_blocked, id=132, stack(0x0000004980400000,0x0000004980500000)]
  0x0000020bf2061800 JavaThread "Handler for socket connection from /127.0.0.1:50639 to /127.0.0.1:50640" [_thread_in_native, id=6748, stack(0x0000004980500000,0x0000004980600000)]
  0x0000020bf36f1000 JavaThread "Cancel handler" [_thread_blocked, id=14416, stack(0x0000004980600000,0x0000004980700000)]
  0x0000020bf372f800 JavaThread "Daemon worker" [_thread_in_vm, id=13612, stack(0x0000004980700000,0x0000004980800000)]
  0x0000020bf3f97800 JavaThread "Asynchronous log dispatcher for DefaultDaemonConnection: socket connection from /127.0.0.1:50639 to /127.0.0.1:50640" [_thread_blocked, id=13524, stack(0x0000004980800000,0x0000004980900000)]
  0x0000020bf2c4e800 JavaThread "Stdin handler" [_thread_blocked, id=3312, stack(0x0000004980900000,0x0000004980a00000)]
  0x0000020bf2aa4800 JavaThread "Daemon client event forwarder" [_thread_blocked, id=17072, stack(0x0000004980a00000,0x0000004980b00000)]
  0x0000020bf2aa0800 JavaThread "Cache worker for journal cache (C:\Users\Admin\.gradle\caches\journal-1)" [_thread_blocked, id=9172, stack(0x0000004980b00000,0x0000004980c00000)]
  0x0000020bf2aa1800 JavaThread "File lock request listener" [_thread_in_native, id=12348, stack(0x0000004980c00000,0x0000004980d00000)]
  0x0000020bf2aa2000 JavaThread "Cache worker for file hash cache (C:\Users\Admin\.gradle\caches\7.2\fileHashes)" [_thread_blocked, id=16156, stack(0x0000004980d00000,0x0000004980e00000)]
=>0x0000020bf2bf1000 JavaThread "C2 CompilerThread1" daemon [_thread_in_native, id=2672, stack(0x0000004980f00000,0x0000004981000000)]
  0x0000020bf2aa3000 JavaThread "Cache worker for file hash cache (D:\Android\countriesApp\.gradle\7.2\fileHashes)" [_thread_blocked, id=12372, stack(0x0000004981000000,0x0000004981100000)]
  0x0000020bf2aa4000 JavaThread "File watcher server" daemon [_thread_in_native, id=3684, stack(0x0000004981100000,0x0000004981200000)]
  0x0000020bf2aa5800 JavaThread "File watcher consumer" daemon [_thread_blocked, id=6128, stack(0x0000004981200000,0x0000004981300000)]
  0x0000020bf2a9f800 JavaThread "Cache worker for checksums cache (D:\Android\countriesApp\.gradle\checksums)" [_thread_blocked, id=5784, stack(0x0000004981300000,0x0000004981400000)]
  0x0000020bf2aa6000 JavaThread "Cache worker for cache directory md-supplier (C:\Users\Admin\.gradle\caches\7.2\md-supplier)" [_thread_blocked, id=9220, stack(0x0000004981400000,0x0000004981500000)]
  0x0000020bf433c800 JavaThread "Cache worker for cache directory md-rule (C:\Users\Admin\.gradle\caches\7.2\md-rule)" [_thread_blocked, id=1304, stack(0x0000004981500000,0x0000004981600000)]
  0x0000020bf4337800 JavaThread "Cache worker for execution history cache (C:\Users\Admin\.gradle\caches\7.2\executionHistory)" [_thread_blocked, id=12640, stack(0x0000004981600000,0x0000004981700000)]
  0x0000020bf4338000 JavaThread "jar transforms" [_thread_blocked, id=16920, stack(0x0000004981700000,0x0000004981800000)]
  0x0000020bf4339000 JavaThread "Cache worker for file content cache (C:\Users\Admin\.gradle\caches\7.2\fileContent)" [_thread_blocked, id=3512, stack(0x0000004981800000,0x0000004981900000)]
  0x0000020bf433d000 JavaThread "jar transforms Thread 2" [_thread_blocked, id=4300, stack(0x0000004981900000,0x0000004981a00000)]
  0x0000020bf433e000 JavaThread "Cache worker for dependencies-accessors (D:\Android\countriesApp\.gradle\7.2\dependencies-accessors)" [_thread_blocked, id=2008, stack(0x0000004981a00000,0x0000004981b00000)]
  0x0000020bf433a000 JavaThread "jar transforms Thread 3" [_thread_blocked, id=11964, stack(0x0000004981b00000,0x0000004981c00000)]
  0x0000020bf433a800 JavaThread "Cache worker for Build Output Cleanup Cache (D:\Android\countriesApp\.gradle\buildOutputCleanup)" [_thread_blocked, id=8108, stack(0x0000004981c00000,0x0000004981d00000)]
  0x0000020bf4340800 JavaThread "Unconstrained build operations" [_thread_blocked, id=8792, stack(0x0000004981d00000,0x0000004981e00000)]
  0x0000020bf433f800 JavaThread "Unconstrained build operations Thread 2" [_thread_blocked, id=9536, stack(0x0000004981e00000,0x0000004981f00000)]
  0x0000020bf4343800 JavaThread "Unconstrained build operations Thread 3" [_thread_blocked, id=224, stack(0x0000004981f00000,0x0000004982000000)]
  0x0000020bf4341000 JavaThread "Unconstrained build operations Thread 4" [_thread_blocked, id=9224, stack(0x0000004982000000,0x0000004982100000)]
  0x0000020bf4344800 JavaThread "Unconstrained build operations Thread 5" [_thread_blocked, id=10832, stack(0x0000004982100000,0x0000004982200000)]
  0x0000020bf433e800 JavaThread "Unconstrained build operations Thread 6" [_thread_blocked, id=6056, stack(0x0000004982200000,0x0000004982300000)]
  0x0000020bf4342000 JavaThread "Unconstrained build operations Thread 7" [_thread_blocked, id=10452, stack(0x0000004982300000,0x0000004982400000)]
  0x0000020bf4345800 JavaThread "Unconstrained build operations Thread 8" [_thread_blocked, id=4724, stack(0x0000004982400000,0x0000004982500000)]
  0x0000020bf4343000 JavaThread "Unconstrained build operations Thread 9" [_thread_blocked, id=3540, stack(0x0000004982500000,0x0000004982600000)]
  0x0000020bf330c000 JavaThread "Unconstrained build operations Thread 10" [_thread_blocked, id=1628, stack(0x0000004982600000,0x0000004982700000)]
  0x0000020bf3309800 JavaThread "Unconstrained build operations Thread 11" [_thread_blocked, id=10076, stack(0x0000004982700000,0x0000004982800000)]
  0x0000020bf330d800 JavaThread "Unconstrained build operations Thread 12" [_thread_blocked, id=16892, stack(0x0000004982800000,0x0000004982900000)]
  0x0000020bf330b000 JavaThread "Unconstrained build operations Thread 13" [_thread_blocked, id=6736, stack(0x0000004982900000,0x0000004982a00000)]
  0x0000020bf330e800 JavaThread "Unconstrained build operations Thread 14" [_thread_blocked, id=11788, stack(0x0000004982a00000,0x0000004982b00000)]
  0x0000020bf330a800 JavaThread "Unconstrained build operations Thread 15" [_thread_blocked, id=11508, stack(0x0000004982b00000,0x0000004982c00000)]
  0x0000020bf3308800 JavaThread "Unconstrained build operations Thread 16" [_thread_blocked, id=12292, stack(0x0000004982c00000,0x0000004982d00000)]
  0x0000020bf330d000 JavaThread "Unconstrained build operations Thread 17" [_thread_blocked, id=9880, stack(0x0000004982d00000,0x0000004982e00000)]
  0x0000020bf3312800 JavaThread "Unconstrained build operations Thread 18" [_thread_blocked, id=10728, stack(0x0000004982e00000,0x0000004982f00000)]
  0x0000020bf3313800 JavaThread "Unconstrained build operations Thread 19" [_thread_blocked, id=12888, stack(0x0000004982f00000,0x0000004983000000)]
  0x0000020bf3315000 JavaThread "Unconstrained build operations Thread 20" [_thread_blocked, id=14112, stack(0x0000004983000000,0x0000004983100000)]
  0x0000020bf3311000 JavaThread "Unconstrained build operations Thread 21" [_thread_blocked, id=15248, stack(0x0000004983100000,0x0000004983200000)]
  0x0000020bf330f000 JavaThread "Unconstrained build operations Thread 22" [_thread_blocked, id=200, stack(0x0000004983200000,0x0000004983300000)]
  0x0000020bf3311800 JavaThread "Unconstrained build operations Thread 23" [_thread_blocked, id=8100, stack(0x0000004983300000,0x0000004983400000)]
  0x0000020bf3316000 JavaThread "Unconstrained build operations Thread 24" [_thread_blocked, id=9884, stack(0x0000004983400000,0x0000004983500000)]
  0x0000020bf3314000 JavaThread "Unconstrained build operations Thread 25" [_thread_blocked, id=10624, stack(0x0000004983500000,0x0000004983600000)]
  0x0000020bf3310000 JavaThread "Unconstrained build operations Thread 26" [_thread_blocked, id=12780, stack(0x0000004983600000,0x0000004983700000)]
  0x0000020bf3316800 JavaThread "Unconstrained build operations Thread 27" [_thread_blocked, id=14352, stack(0x0000004983700000,0x0000004983800000)]
  0x0000020bf3317800 JavaThread "Unconstrained build operations Thread 28" [_thread_blocked, id=12332, stack(0x0000004983800000,0x0000004983900000)]
  0x0000020bf3c8b800 JavaThread "Unconstrained build operations Thread 29" [_thread_blocked, id=16400, stack(0x0000004983900000,0x0000004983a00000)]
  0x0000020bf3c8f000 JavaThread "Unconstrained build operations Thread 30" [_thread_blocked, id=1256, stack(0x0000004983a00000,0x0000004983b00000)]
  0x0000020bf3c8f800 JavaThread "Unconstrained build operations Thread 31" [_thread_blocked, id=4852, stack(0x0000004983b00000,0x0000004983c00000)]
  0x0000020bf3c8c800 JavaThread "Unconstrained build operations Thread 32" [_thread_blocked, id=15380, stack(0x0000004983c00000,0x0000004983d00000)]
  0x0000020bf3c8d000 JavaThread "Unconstrained build operations Thread 33" [_thread_blocked, id=14364, stack(0x0000004983d00000,0x0000004983e00000)]
  0x0000020bf3c90800 JavaThread "Unconstrained build operations Thread 34" [_thread_blocked, id=10012, stack(0x0000004983e00000,0x0000004983f00000)]
  0x0000020bf3c8a800 JavaThread "Unconstrained build operations Thread 35" [_thread_blocked, id=13132, stack(0x0000004983f00000,0x0000004984000000)]
  0x0000020bf3c91000 JavaThread "Unconstrained build operations Thread 36" [_thread_blocked, id=10700, stack(0x0000004984000000,0x0000004984100000)]
  0x0000020bf3c92000 JavaThread "Unconstrained build operations Thread 37" [_thread_blocked, id=14640, stack(0x0000004984100000,0x0000004984200000)]
  0x0000020bf3c93000 JavaThread "Unconstrained build operations Thread 38" [_thread_blocked, id=15612, stack(0x0000004984200000,0x0000004984300000)]
  0x0000020bf3c93800 JavaThread "Unconstrained build operations Thread 39" [_thread_blocked, id=15300, stack(0x0000004984300000,0x0000004984400000)]
  0x0000020bf3c8e000 JavaThread "Unconstrained build operations Thread 40" [_thread_blocked, id=8024, stack(0x0000004984400000,0x0000004984500000)]
  0x0000020bf3c95800 JavaThread "jar transforms Thread 4" [_thread_blocked, id=16060, stack(0x0000004984500000,0x0000004984600000)]
  0x0000020bf3c99800 JavaThread "Memory manager" [_thread_blocked, id=7756, stack(0x0000004984600000,0x0000004984700000)]
  0x0000020bf3c94800 JavaThread "build event listener" [_thread_blocked, id=5772, stack(0x0000004984700000,0x0000004984800000)]

Other Threads:
  0x0000020bf0735800 VMThread "VM Thread" [stack: 0x00000049ff300000,0x00000049ff400000] [id=8428]
  0x0000020bf124c800 WatcherThread [stack: 0x00000049ffd00000,0x00000049ffe00000] [id=9916]
  0x0000020bd6b68800 GCTaskThread "GC Thread#0" [stack: 0x00000049fee00000,0x00000049fef00000] [id=10680]
  0x0000020bf17c5800 GCTaskThread "GC Thread#1" [stack: 0x00000049fff00000,0x0000004a00000000] [id=8272]
  0x0000020bf1a2c800 GCTaskThread "GC Thread#2" [stack: 0x0000004980000000,0x0000004980100000] [id=14792]
  0x0000020bf262f800 GCTaskThread "GC Thread#3" [stack: 0x0000004980e00000,0x0000004980f00000] [id=10516]
  0x0000020bd6b9b000 ConcurrentGCThread "G1 Main Marker" [stack: 0x00000049fef00000,0x00000049ff000000] [id=9276]
  0x0000020bd6b9d800 ConcurrentGCThread "G1 Conc#0" [stack: 0x00000049ff000000,0x00000049ff100000] [id=13408]
  0x0000020bf0580800 ConcurrentGCThread "G1 Refine#0" [stack: 0x00000049ff100000,0x00000049ff200000] [id=12832]
  0x0000020bf0581000 ConcurrentGCThread "G1 Young RemSet Sampling" [stack: 0x00000049ff200000,0x00000049ff300000] [id=13520]

Threads with active compile tasks:
C2 CompilerThread0  11413 7825       4       java.lang.Class::annotationData (44 bytes)
C2 CompilerThread1  11414 7805       4       org.gradle.internal.instantiation.generator.AbstractClassGenerator::inspectType (560 bytes)

VM state:not at safepoint (normal execution)

VM Mutex/Monitor currently owned by a thread: None

Heap address: 0x0000000080000000, size: 2048 MB, Compressed Oops mode: 32-bit
Narrow klass base: 0x0000000000000000, Narrow klass shift: 3
Compressed class space size: 1073741824 Address: 0x0000000100000000

Heap:
 garbage-first heap   total 189440K, used 90247K [0x0000000080000000, 0x0000000100000000)
  region size 1024K, 31 young (31744K), 9 survivors (9216K)
 Metaspace       used 83010K, capacity 84793K, committed 84956K, reserved 1122304K
  class space    used 10720K, capacity 11378K, committed 11392K, reserved 1048576K
Heap Regions: E=young(eden), S=young(survivor), O=old, HS=humongous(starts), HC=humongous(continues), CS=collection set, F=free, A=archive, TAMS=top-at-mark-start (previous, next)
|   0|0x0000000080000000, 0x0000000080100000, 0x0000000080100000|100%| O|  |TAMS 0x0000000080100000, 0x0000000080000000| Untracked 
|   1|0x0000000080100000, 0x0000000080200000, 0x0000000080200000|100%| O|  |TAMS 0x0000000080200000, 0x0000000080100000| Untracked 
|   2|0x0000000080200000, 0x0000000080300000, 0x0000000080300000|100%| O|  |TAMS 0x0000000080300000, 0x0000000080200000| Untracked 
|   3|0x0000000080300000, 0x0000000080400000, 0x0000000080400000|100%|HS|  |TAMS 0x0000000080400000, 0x0000000080300000| Complete 
|   4|0x0000000080400000, 0x0000000080500000, 0x0000000080500000|100%|HC|  |TAMS 0x0000000080500000, 0x0000000080400000| Complete 
|   5|0x0000000080500000, 0x0000000080600000, 0x0000000080600000|100%|HC|  |TAMS 0x0000000080600000, 0x0000000080500000| Complete 
|   6|0x0000000080600000, 0x0000000080700000, 0x0000000080700000|100%| O|  |TAMS 0x0000000080700000, 0x0000000080600000| Untracked 
|   7|0x0000000080700000, 0x0000000080800000, 0x0000000080800000|100%| O|  |TAMS 0x0000000080800000, 0x0000000080700000| Untracked 
|   8|0x0000000080800000, 0x0000000080900000, 0x0000000080900000|100%| O|  |TAMS 0x0000000080900000, 0x0000000080800000| Untracked 
|   9|0x0000000080900000, 0x0000000080a00000, 0x0000000080a00000|100%| O|  |TAMS 0x0000000080a00000, 0x0000000080900000| Untracked 
|  10|0x0000000080a00000, 0x0000000080b00000, 0x0000000080b00000|100%| O|  |TAMS 0x0000000080b00000, 0x0000000080a00000| Untracked 
|  11|0x0000000080b00000, 0x0000000080c00000, 0x0000000080c00000|100%| O|  |TAMS 0x0000000080c00000, 0x0000000080b00000| Untracked 
|  12|0x0000000080c00000, 0x0000000080d00000, 0x0000000080d00000|100%| O|  |TAMS 0x0000000080d00000, 0x0000000080c00000| Untracked 
|  13|0x0000000080d00000, 0x0000000080e00000, 0x0000000080e00000|100%| O|  |TAMS 0x0000000080e00000, 0x0000000080d00000| Untracked 
|  14|0x0000000080e00000, 0x0000000080f00000, 0x0000000080f00000|100%| O|  |TAMS 0x0000000080f00000, 0x0000000080e00000| Untracked 
|  15|0x0000000080f00000, 0x0000000081000000, 0x0000000081000000|100%| O|  |TAMS 0x0000000081000000, 0x0000000080f00000| Untracked 
|  16|0x0000000081000000, 0x0000000081100000, 0x0000000081100000|100%| O|  |TAMS 0x0000000081100000, 0x0000000081000000| Untracked 
|  17|0x0000000081100000, 0x0000000081200000, 0x0000000081200000|100%|HS|  |TAMS 0x0000000081200000, 0x0000000081100000| Complete 
|  18|0x0000000081200000, 0x0000000081300000, 0x0000000081300000|100%| O|  |TAMS 0x0000000081300000, 0x0000000081200000| Untracked 
|  19|0x0000000081300000, 0x0000000081400000, 0x0000000081400000|100%| O|  |TAMS 0x0000000081400000, 0x0000000081300000| Untracked 
|  20|0x0000000081400000, 0x0000000081500000, 0x0000000081500000|100%| O|  |TAMS 0x0000000081500000, 0x0000000081400000| Untracked 
|  21|0x0000000081500000, 0x0000000081600000, 0x0000000081600000|100%| O|  |TAMS 0x0000000081600000, 0x0000000081500000| Untracked 
|  22|0x0000000081600000, 0x0000000081700000, 0x0000000081700000|100%| O|  |TAMS 0x0000000081700000, 0x0000000081600000| Untracked 
|  23|0x0000000081700000, 0x0000000081800000, 0x0000000081800000|100%|HS|  |TAMS 0x0000000081800000, 0x0000000081700000| Complete 
|  24|0x0000000081800000, 0x0000000081900000, 0x0000000081900000|100%|HS|  |TAMS 0x0000000081900000, 0x0000000081800000| Complete 
|  25|0x0000000081900000, 0x0000000081a00000, 0x0000000081a00000|100%|HS|  |TAMS 0x0000000081a00000, 0x0000000081900000| Complete 
|  26|0x0000000081a00000, 0x0000000081b00000, 0x0000000081b00000|100%|HS|  |TAMS 0x0000000081b00000, 0x0000000081a00000| Complete 
|  27|0x0000000081b00000, 0x0000000081c00000, 0x0000000081c00000|100%|HC|  |TAMS 0x0000000081c00000, 0x0000000081b00000| Complete 
|  28|0x0000000081c00000, 0x0000000081d00000, 0x0000000081d00000|100%|HC|  |TAMS 0x0000000081d00000, 0x0000000081c00000| Complete 
|  29|0x0000000081d00000, 0x0000000081e00000, 0x0000000081e00000|100%|HS|  |TAMS 0x0000000081e00000, 0x0000000081d00000| Complete 
|  30|0x0000000081e00000, 0x0000000081f00000, 0x0000000081f00000|100%|HC|  |TAMS 0x0000000081f00000, 0x0000000081e00000| Complete 
|  31|0x0000000081f00000, 0x0000000082000000, 0x0000000082000000|100%| O|  |TAMS 0x0000000082000000, 0x0000000081f00000| Untracked 
|  32|0x0000000082000000, 0x0000000082100000, 0x0000000082100000|100%| O|  |TAMS 0x0000000082100000, 0x0000000082000000| Untracked 
|  33|0x0000000082100000, 0x0000000082200000, 0x0000000082200000|100%| O|  |TAMS 0x0000000082200000, 0x0000000082100000| Untracked 
|  34|0x0000000082200000, 0x0000000082300000, 0x0000000082300000|100%| O|  |TAMS 0x0000000082300000, 0x0000000082200000| Untracked 
|  35|0x0000000082300000, 0x0000000082400000, 0x0000000082400000|100%| O|  |TAMS 0x0000000082400000, 0x0000000082300000| Untracked 
|  36|0x0000000082400000, 0x0000000082500000, 0x0000000082500000|100%| O|  |TAMS 0x0000000082500000, 0x0000000082400000| Untracked 
|  37|0x0000000082500000, 0x0000000082600000, 0x0000000082600000|100%| O|  |TAMS 0x0000000082600000, 0x0000000082500000| Untracked 
|  38|0x0000000082600000, 0x0000000082700000, 0x0000000082700000|100%| O|  |TAMS 0x0000000082700000, 0x0000000082600000| Untracked 
|  39|0x0000000082700000, 0x0000000082800000, 0x0000000082800000|100%| O|  |TAMS 0x0000000082800000, 0x0000000082700000| Untracked 
|  40|0x0000000082800000, 0x0000000082900000, 0x0000000082900000|100%| O|  |TAMS 0x0000000082900000, 0x0000000082800000| Untracked 
|  41|0x0000000082900000, 0x0000000082a00000, 0x0000000082a00000|100%| O|  |TAMS 0x0000000082a00000, 0x0000000082900000| Untracked 
|  42|0x0000000082a00000, 0x0000000082b00000, 0x0000000082b00000|100%| O|  |TAMS 0x0000000082b00000, 0x0000000082a00000| Untracked 
|  43|0x0000000082b00000, 0x0000000082c00000, 0x0000000082c00000|100%| O|  |TAMS 0x0000000082c00000, 0x0000000082b00000| Untracked 
|  44|0x0000000082c00000, 0x0000000082d00000, 0x0000000082d00000|100%| O|  |TAMS 0x0000000082d00000, 0x0000000082c00000| Untracked 
|  45|0x0000000082d00000, 0x0000000082e00000, 0x0000000082e00000|100%| O|  |TAMS 0x0000000082d00000, 0x0000000082d00000| Untracked 
|  46|0x0000000082e00000, 0x0000000082f00000, 0x0000000082f00000|100%| O|  |TAMS 0x0000000082e00000, 0x0000000082e00000| Untracked 
|  47|0x0000000082f00000, 0x0000000083000000, 0x0000000083000000|100%| O|  |TAMS 0x0000000082f00000, 0x0000000082f00000| Untracked 
|  48|0x0000000083000000, 0x0000000083100000, 0x0000000083100000|100%| O|  |TAMS 0x0000000083100000, 0x0000000083000000| Untracked 
|  49|0x0000000083100000, 0x0000000083200000, 0x0000000083200000|100%| O|  |TAMS 0x0000000083100000, 0x0000000083100000| Untracked 
|  50|0x0000000083200000, 0x0000000083300000, 0x0000000083300000|100%| O|  |TAMS 0x0000000083200000, 0x0000000083200000| Untracked 
|  51|0x0000000083300000, 0x0000000083400000, 0x0000000083400000|100%| O|  |TAMS 0x0000000083300000, 0x0000000083300000| Untracked 
|  52|0x0000000083400000, 0x0000000083500000, 0x0000000083500000|100%| O|  |TAMS 0x0000000083400000, 0x0000000083400000| Untracked 
|  53|0x0000000083500000, 0x0000000083600000, 0x0000000083600000|100%| O|  |TAMS 0x0000000083500000, 0x0000000083500000| Untracked 
|  54|0x0000000083600000, 0x0000000083700000, 0x0000000083700000|100%| O|  |TAMS 0x0000000083600000, 0x0000000083600000| Untracked 
|  55|0x0000000083700000, 0x0000000083800000, 0x0000000083800000|100%| O|  |TAMS 0x0000000083700000, 0x0000000083700000| Untracked 
|  56|0x0000000083800000, 0x0000000083900000, 0x0000000083900000|100%| O|  |TAMS 0x0000000083900000, 0x0000000083800000| Untracked 
|  57|0x0000000083900000, 0x0000000083a00000, 0x0000000083a00000|100%| O|  |TAMS 0x0000000083987e00, 0x0000000083900000| Untracked 
|  58|0x0000000083a00000, 0x0000000083a72c08, 0x0000000083b00000| 44%| O|  |TAMS 0x0000000083a00000, 0x0000000083a00000| Untracked 
|  59|0x0000000083b00000, 0x0000000083b00000, 0x0000000083c00000|  0%| F|  |TAMS 0x0000000083b00000, 0x0000000083b00000| Untracked 
|  60|0x0000000083c00000, 0x0000000083c00000, 0x0000000083d00000|  0%| F|  |TAMS 0x0000000083c00000, 0x0000000083c00000| Untracked 
|  61|0x0000000083d00000, 0x0000000083d00000, 0x0000000083e00000|  0%| F|  |TAMS 0x0000000083d00000, 0x0000000083d00000| Untracked 
|  62|0x0000000083e00000, 0x0000000083e00000, 0x0000000083f00000|  0%| F|  |TAMS 0x0000000083e00000, 0x0000000083e00000| Untracked 
|  63|0x0000000083f00000, 0x0000000083f00000, 0x0000000084000000|  0%| F|  |TAMS 0x0000000083f00000, 0x0000000083f00000| Untracked 
|  64|0x0000000084000000, 0x0000000084000000, 0x0000000084100000|  0%| F|  |TAMS 0x0000000084000000, 0x0000000084000000| Untracked 
|  65|0x0000000084100000, 0x0000000084100000, 0x0000000084200000|  0%| F|  |TAMS 0x0000000084100000, 0x0000000084100000| Untracked 
|  66|0x0000000084200000, 0x0000000084200000, 0x0000000084300000|  0%| F|  |TAMS 0x0000000084200000, 0x0000000084200000| Untracked 
|  67|0x0000000084300000, 0x0000000084300000, 0x0000000084400000|  0%| F|  |TAMS 0x0000000084300000, 0x0000000084300000| Untracked 
|  68|0x0000000084400000, 0x0000000084400000, 0x0000000084500000|  0%| F|  |TAMS 0x0000000084400000, 0x0000000084400000| Untracked 
|  69|0x0000000084500000, 0x0000000084500000, 0x0000000084600000|  0%| F|  |TAMS 0x0000000084500000, 0x0000000084500000| Untracked 
|  70|0x0000000084600000, 0x0000000084600000, 0x0000000084700000|  0%| F|  |TAMS 0x0000000084600000, 0x0000000084600000| Untracked 
|  71|0x0000000084700000, 0x0000000084700000, 0x0000000084800000|  0%| F|  |TAMS 0x0000000084700000, 0x0000000084700000| Untracked 
|  72|0x0000000084800000, 0x0000000084800000, 0x0000000084900000|  0%| F|  |TAMS 0x0000000084800000, 0x0000000084800000| Untracked 
|  73|0x0000000084900000, 0x0000000084900000, 0x0000000084a00000|  0%| F|  |TAMS 0x0000000084900000, 0x0000000084900000| Untracked 
|  74|0x0000000084a00000, 0x0000000084a00000, 0x0000000084b00000|  0%| F|  |TAMS 0x0000000084a00000, 0x0000000084a00000| Untracked 
|  75|0x0000000084b00000, 0x0000000084b00000, 0x0000000084c00000|  0%| F|  |TAMS 0x0000000084b00000, 0x0000000084b00000| Untracked 
|  76|0x0000000084c00000, 0x0000000084c00000, 0x0000000084d00000|  0%| F|  |TAMS 0x0000000084c00000, 0x0000000084c00000| Untracked 
|  77|0x0000000084d00000, 0x0000000084d00000, 0x0000000084e00000|  0%| F|  |TAMS 0x0000000084d00000, 0x0000000084d00000| Untracked 
|  78|0x0000000084e00000, 0x0000000084e00000, 0x0000000084f00000|  0%| F|  |TAMS 0x0000000084e00000, 0x0000000084e00000| Untracked 
|  79|0x0000000084f00000, 0x0000000084f00000, 0x0000000085000000|  0%| F|  |TAMS 0x0000000084f00000, 0x0000000084f00000| Untracked 
|  80|0x0000000085000000, 0x0000000085000000, 0x0000000085100000|  0%| F|  |TAMS 0x0000000085000000, 0x0000000085000000| Untracked 
|  81|0x0000000085100000, 0x0000000085100000, 0x0000000085200000|  0%| F|  |TAMS 0x0000000085100000, 0x0000000085100000| Untracked 
|  82|0x0000000085200000, 0x0000000085200000, 0x0000000085300000|  0%| F|  |TAMS 0x0000000085200000, 0x0000000085200000| Untracked 
|  83|0x0000000085300000, 0x0000000085300000, 0x0000000085400000|  0%| F|  |TAMS 0x0000000085300000, 0x0000000085300000| Untracked 
|  84|0x0000000085400000, 0x0000000085400000, 0x0000000085500000|  0%| F|  |TAMS 0x0000000085400000, 0x0000000085400000| Untracked 
|  85|0x0000000085500000, 0x0000000085500000, 0x0000000085600000|  0%| F|  |TAMS 0x0000000085500000, 0x0000000085500000| Untracked 
|  86|0x0000000085600000, 0x0000000085600000, 0x0000000085700000|  0%| F|  |TAMS 0x0000000085600000, 0x0000000085600000| Untracked 
|  87|0x0000000085700000, 0x0000000085700000, 0x0000000085800000|  0%| F|  |TAMS 0x0000000085700000, 0x0000000085700000| Untracked 
|  88|0x0000000085800000, 0x0000000085800000, 0x0000000085900000|  0%| F|  |TAMS 0x0000000085800000, 0x0000000085800000| Untracked 
|  89|0x0000000085900000, 0x0000000085900000, 0x0000000085a00000|  0%| F|  |TAMS 0x0000000085900000, 0x0000000085900000| Untracked 
|  90|0x0000000085a00000, 0x0000000085a00000, 0x0000000085b00000|  0%| F|  |TAMS 0x0000000085a00000, 0x0000000085a00000| Untracked 
|  91|0x0000000085b00000, 0x0000000085b00000, 0x0000000085c00000|  0%| F|  |TAMS 0x0000000085b00000, 0x0000000085b00000| Untracked 
|  92|0x0000000085c00000, 0x0000000085c00000, 0x0000000085d00000|  0%| F|  |TAMS 0x0000000085c00000, 0x0000000085c00000| Untracked 
|  93|0x0000000085d00000, 0x0000000085d00000, 0x0000000085e00000|  0%| F|  |TAMS 0x0000000085d00000, 0x0000000085d00000| Untracked 
|  94|0x0000000085e00000, 0x0000000085e00000, 0x0000000085f00000|  0%| F|  |TAMS 0x0000000085e00000, 0x0000000085e00000| Untracked 
|  95|0x0000000085f00000, 0x0000000085f00000, 0x0000000086000000|  0%| F|  |TAMS 0x0000000085f00000, 0x0000000085f00000| Untracked 
|  96|0x0000000086000000, 0x0000000086000000, 0x0000000086100000|  0%| F|  |TAMS 0x0000000086000000, 0x0000000086000000| Untracked 
|  97|0x0000000086100000, 0x0000000086100000, 0x0000000086200000|  0%| F|  |TAMS 0x0000000086100000, 0x0000000086100000| Untracked 
|  98|0x0000000086200000, 0x0000000086200000, 0x0000000086300000|  0%| F|  |TAMS 0x0000000086200000, 0x0000000086200000| Untracked 
|  99|0x0000000086300000, 0x0000000086300000, 0x0000000086400000|  0%| F|  |TAMS 0x0000000086300000, 0x0000000086300000| Untracked 
| 100|0x0000000086400000, 0x0000000086400000, 0x0000000086500000|  0%| F|  |TAMS 0x0000000086400000, 0x0000000086400000| Untracked 
| 101|0x0000000086500000, 0x0000000086500000, 0x0000000086600000|  0%| F|  |TAMS 0x0000000086500000, 0x0000000086500000| Untracked 
| 102|0x0000000086600000, 0x0000000086600000, 0x0000000086700000|  0%| F|  |TAMS 0x0000000086600000, 0x0000000086600000| Untracked 
| 103|0x0000000086700000, 0x0000000086700000, 0x0000000086800000|  0%| F|  |TAMS 0x0000000086700000, 0x0000000086700000| Untracked 
| 104|0x0000000086800000, 0x0000000086800000, 0x0000000086900000|  0%| F|  |TAMS 0x0000000086800000, 0x0000000086800000| Untracked 
| 105|0x0000000086900000, 0x00000000869af020, 0x0000000086a00000| 68%| S|CS|TAMS 0x0000000086900000, 0x0000000086900000| Complete 
| 106|0x0000000086a00000, 0x0000000086b00000, 0x0000000086b00000|100%| S|CS|TAMS 0x0000000086a00000, 0x0000000086a00000| Complete 
| 107|0x0000000086b00000, 0x0000000086c00000, 0x0000000086c00000|100%| S|CS|TAMS 0x0000000086b00000, 0x0000000086b00000| Complete 
| 108|0x0000000086c00000, 0x0000000086d00000, 0x0000000086d00000|100%| S|CS|TAMS 0x0000000086c00000, 0x0000000086c00000| Complete 
| 109|0x0000000086d00000, 0x0000000086e00000, 0x0000000086e00000|100%| S|CS|TAMS 0x0000000086d00000, 0x0000000086d00000| Complete 
| 110|0x0000000086e00000, 0x0000000086f00000, 0x0000000086f00000|100%| S|CS|TAMS 0x0000000086e00000, 0x0000000086e00000| Complete 
| 111|0x0000000086f00000, 0x0000000087000000, 0x0000000087000000|100%| S|CS|TAMS 0x0000000086f00000, 0x0000000086f00000| Complete 
| 112|0x0000000087000000, 0x0000000087100000, 0x0000000087100000|100%| S|CS|TAMS 0x0000000087000000, 0x0000000087000000| Complete 
| 113|0x0000000087100000, 0x0000000087200000, 0x0000000087200000|100%| S|CS|TAMS 0x0000000087100000, 0x0000000087100000| Complete 
| 114|0x0000000087200000, 0x0000000087200000, 0x0000000087300000|  0%| F|  |TAMS 0x0000000087200000, 0x0000000087200000| Untracked 
| 115|0x0000000087300000, 0x0000000087300000, 0x0000000087400000|  0%| F|  |TAMS 0x0000000087300000, 0x0000000087300000| Untracked 
| 116|0x0000000087400000, 0x0000000087400000, 0x0000000087500000|  0%| F|  |TAMS 0x0000000087400000, 0x0000000087400000| Untracked 
| 117|0x0000000087500000, 0x0000000087500000, 0x0000000087600000|  0%| F|  |TAMS 0x0000000087500000, 0x0000000087500000| Untracked 
| 118|0x0000000087600000, 0x0000000087600000, 0x0000000087700000|  0%| F|  |TAMS 0x0000000087600000, 0x0000000087600000| Untracked 
| 119|0x0000000087700000, 0x0000000087700000, 0x0000000087800000|  0%| F|  |TAMS 0x0000000087700000, 0x0000000087700000| Untracked 
| 120|0x0000000087800000, 0x0000000087800000, 0x0000000087900000|  0%| F|  |TAMS 0x0000000087800000, 0x0000000087800000| Untracked 
| 121|0x0000000087900000, 0x0000000087900000, 0x0000000087a00000|  0%| F|  |TAMS 0x0000000087900000, 0x0000000087900000| Untracked 
| 122|0x0000000087a00000, 0x0000000087a00000, 0x0000000087b00000|  0%| F|  |TAMS 0x0000000087a00000, 0x0000000087a00000| Untracked 
| 123|0x0000000087b00000, 0x0000000087b00000, 0x0000000087c00000|  0%| F|  |TAMS 0x0000000087b00000, 0x0000000087b00000| Untracked 
| 124|0x0000000087c00000, 0x0000000087c00000, 0x0000000087d00000|  0%| F|  |TAMS 0x0000000087c00000, 0x0000000087c00000| Untracked 
| 125|0x0000000087d00000, 0x0000000087d00000, 0x0000000087e00000|  0%| F|  |TAMS 0x0000000087d00000, 0x0000000087d00000| Untracked 
| 126|0x0000000087e00000, 0x0000000087e00000, 0x0000000087f00000|  0%| F|  |TAMS 0x0000000087e00000, 0x0000000087e00000| Untracked 
| 127|0x0000000087f00000, 0x0000000087f00000, 0x0000000088000000|  0%| F|  |TAMS 0x0000000087f00000, 0x0000000087f00000| Untracked 
| 128|0x0000000088000000, 0x0000000088000000, 0x0000000088100000|  0%| F|  |TAMS 0x0000000088000000, 0x0000000088000000| Untracked 
| 129|0x0000000088100000, 0x0000000088100000, 0x0000000088200000|  0%| F|  |TAMS 0x0000000088100000, 0x0000000088100000| Untracked 
| 130|0x0000000088200000, 0x0000000088200000, 0x0000000088300000|  0%| F|  |TAMS 0x0000000088200000, 0x0000000088200000| Untracked 
| 131|0x0000000088300000, 0x0000000088300000, 0x0000000088400000|  0%| F|  |TAMS 0x0000000088300000, 0x0000000088300000| Untracked 
| 132|0x0000000088400000, 0x0000000088400000, 0x0000000088500000|  0%| F|  |TAMS 0x0000000088400000, 0x0000000088400000| Untracked 
| 133|0x0000000088500000, 0x0000000088500000, 0x0000000088600000|  0%| F|  |TAMS 0x0000000088500000, 0x0000000088500000| Untracked 
| 134|0x0000000088600000, 0x0000000088600000, 0x0000000088700000|  0%| F|  |TAMS 0x0000000088600000, 0x0000000088600000| Untracked 
| 135|0x0000000088700000, 0x0000000088700000, 0x0000000088800000|  0%| F|  |TAMS 0x0000000088700000, 0x0000000088700000| Untracked 
| 136|0x0000000088800000, 0x0000000088800000, 0x0000000088900000|  0%| F|  |TAMS 0x0000000088800000, 0x0000000088800000| Untracked 
| 137|0x0000000088900000, 0x0000000088900000, 0x0000000088a00000|  0%| F|  |TAMS 0x0000000088900000, 0x0000000088900000| Untracked 
| 138|0x0000000088a00000, 0x0000000088a00000, 0x0000000088b00000|  0%| F|  |TAMS 0x0000000088a00000, 0x0000000088a00000| Untracked 
| 139|0x0000000088b00000, 0x0000000088b00000, 0x0000000088c00000|  0%| F|  |TAMS 0x0000000088b00000, 0x0000000088b00000| Untracked 
| 140|0x0000000088c00000, 0x0000000088c00000, 0x0000000088d00000|  0%| F|  |TAMS 0x0000000088c00000, 0x0000000088c00000| Untracked 
| 141|0x0000000088d00000, 0x0000000088d00000, 0x0000000088e00000|  0%| F|  |TAMS 0x0000000088d00000, 0x0000000088d00000| Untracked 
| 142|0x0000000088e00000, 0x0000000088e00000, 0x0000000088f00000|  0%| F|  |TAMS 0x0000000088e00000, 0x0000000088e00000| Untracked 
| 143|0x0000000088f00000, 0x0000000088f00000, 0x0000000089000000|  0%| F|  |TAMS 0x0000000088f00000, 0x0000000088f00000| Untracked 
| 144|0x0000000089000000, 0x0000000089000000, 0x0000000089100000|  0%| F|  |TAMS 0x0000000089000000, 0x0000000089000000| Untracked 
| 145|0x0000000089100000, 0x0000000089100000, 0x0000000089200000|  0%| F|  |TAMS 0x0000000089100000, 0x0000000089100000| Untracked 
| 146|0x0000000089200000, 0x0000000089200000, 0x0000000089300000|  0%| F|  |TAMS 0x0000000089200000, 0x0000000089200000| Untracked 
| 147|0x0000000089300000, 0x0000000089300000, 0x0000000089400000|  0%| F|  |TAMS 0x0000000089300000, 0x0000000089300000| Untracked 
| 148|0x0000000089400000, 0x0000000089400000, 0x0000000089500000|  0%| F|  |TAMS 0x0000000089400000, 0x0000000089400000| Untracked 
| 149|0x0000000089500000, 0x0000000089500000, 0x0000000089600000|  0%| F|  |TAMS 0x0000000089500000, 0x0000000089500000| Untracked 
| 150|0x0000000089600000, 0x0000000089600000, 0x0000000089700000|  0%| F|  |TAMS 0x0000000089600000, 0x0000000089600000| Untracked 
| 151|0x0000000089700000, 0x0000000089700000, 0x0000000089800000|  0%| F|  |TAMS 0x0000000089700000, 0x0000000089700000| Untracked 
| 152|0x0000000089800000, 0x0000000089800000, 0x0000000089900000|  0%| F|  |TAMS 0x0000000089800000, 0x0000000089800000| Untracked 
| 153|0x0000000089900000, 0x0000000089900000, 0x0000000089a00000|  0%| F|  |TAMS 0x0000000089900000, 0x0000000089900000| Untracked 
| 154|0x0000000089a00000, 0x0000000089a00000, 0x0000000089b00000|  0%| F|  |TAMS 0x0000000089a00000, 0x0000000089a00000| Untracked 
| 155|0x0000000089b00000, 0x0000000089b00000, 0x0000000089c00000|  0%| F|  |TAMS 0x0000000089b00000, 0x0000000089b00000| Untracked 
| 156|0x0000000089c00000, 0x0000000089c00000, 0x0000000089d00000|  0%| F|  |TAMS 0x0000000089c00000, 0x0000000089c00000| Untracked 
| 157|0x0000000089d00000, 0x0000000089d00000, 0x0000000089e00000|  0%| F|  |TAMS 0x0000000089d00000, 0x0000000089d00000| Untracked 
| 158|0x0000000089e00000, 0x0000000089e00000, 0x0000000089f00000|  0%| F|  |TAMS 0x0000000089e00000, 0x0000000089e00000| Untracked 
| 159|0x0000000089f00000, 0x0000000089f00000, 0x000000008a000000|  0%| F|  |TAMS 0x0000000089f00000, 0x0000000089f00000| Untracked 
| 160|0x000000008a000000, 0x000000008a000000, 0x000000008a100000|  0%| F|  |TAMS 0x000000008a000000, 0x000000008a000000| Untracked 
| 161|0x000000008a100000, 0x000000008a100000, 0x000000008a200000|  0%| F|  |TAMS 0x000000008a100000, 0x000000008a100000| Untracked 
| 162|0x000000008a200000, 0x000000008a280800, 0x000000008a300000| 50%| E|  |TAMS 0x000000008a200000, 0x000000008a200000| Complete 
| 163|0x000000008a300000, 0x000000008a400000, 0x000000008a400000|100%| E|CS|TAMS 0x000000008a300000, 0x000000008a300000| Complete 
| 164|0x000000008a400000, 0x000000008a500000, 0x000000008a500000|100%| E|CS|TAMS 0x000000008a400000, 0x000000008a400000| Complete 
| 165|0x000000008a500000, 0x000000008a600000, 0x000000008a600000|100%| E|CS|TAMS 0x000000008a500000, 0x000000008a500000| Complete 
| 166|0x000000008a600000, 0x000000008a700000, 0x000000008a700000|100%| E|CS|TAMS 0x000000008a600000, 0x000000008a600000| Complete 
| 167|0x000000008a700000, 0x000000008a800000, 0x000000008a800000|100%| E|CS|TAMS 0x000000008a700000, 0x000000008a700000| Complete 
| 168|0x000000008a800000, 0x000000008a900000, 0x000000008a900000|100%| E|CS|TAMS 0x000000008a800000, 0x000000008a800000| Complete 
| 169|0x000000008a900000, 0x000000008aa00000, 0x000000008aa00000|100%| E|CS|TAMS 0x000000008a900000, 0x000000008a900000| Complete 
| 170|0x000000008aa00000, 0x000000008ab00000, 0x000000008ab00000|100%| E|CS|TAMS 0x000000008aa00000, 0x000000008aa00000| Complete 
| 171|0x000000008ab00000, 0x000000008ac00000, 0x000000008ac00000|100%| E|CS|TAMS 0x000000008ab00000, 0x000000008ab00000| Complete 
| 172|0x000000008ac00000, 0x000000008ad00000, 0x000000008ad00000|100%| E|CS|TAMS 0x000000008ac00000, 0x000000008ac00000| Complete 
| 173|0x000000008ad00000, 0x000000008ae00000, 0x000000008ae00000|100%| E|CS|TAMS 0x000000008ad00000, 0x000000008ad00000| Complete 
| 174|0x000000008ae00000, 0x000000008af00000, 0x000000008af00000|100%| E|CS|TAMS 0x000000008ae00000, 0x000000008ae00000| Complete 
| 175|0x000000008af00000, 0x000000008b000000, 0x000000008b000000|100%| E|CS|TAMS 0x000000008af00000, 0x000000008af00000| Complete 
| 176|0x000000008b000000, 0x000000008b100000, 0x000000008b100000|100%| E|CS|TAMS 0x000000008b000000, 0x000000008b000000| Complete 
| 177|0x000000008b100000, 0x000000008b200000, 0x000000008b200000|100%| E|CS|TAMS 0x000000008b100000, 0x000000008b100000| Complete 
| 178|0x000000008b200000, 0x000000008b300000, 0x000000008b300000|100%| E|CS|TAMS 0x000000008b200000, 0x000000008b200000| Complete 
| 179|0x000000008b300000, 0x000000008b400000, 0x000000008b400000|100%| E|CS|TAMS 0x000000008b300000, 0x000000008b300000| Complete 
| 180|0x000000008b400000, 0x000000008b500000, 0x000000008b500000|100%| E|CS|TAMS 0x000000008b400000, 0x000000008b400000| Complete 
| 181|0x000000008b500000, 0x000000008b600000, 0x000000008b600000|100%| E|CS|TAMS 0x000000008b500000, 0x000000008b500000| Complete 
| 182|0x000000008b600000, 0x000000008b700000, 0x000000008b700000|100%| E|CS|TAMS 0x000000008b600000, 0x000000008b600000| Complete 
| 183|0x000000008b700000, 0x000000008b800000, 0x000000008b800000|100%| E|CS|TAMS 0x000000008b700000, 0x000000008b700000| Complete 
| 184|0x000000008b800000, 0x000000008b900000, 0x000000008b900000|100%| E|CS|TAMS 0x000000008b800000, 0x000000008b800000| Complete 

Card table byte_map: [0x0000020be9a50000,0x0000020be9e50000] _byte_map_base: 0x0000020be9650000

Marking Bits (Prev, Next): (CMBitMap*) 0x0000020bd6b924c8, (CMBitMap*) 0x0000020bd6b92500
 Prev Bits: [0x0000020bea250000, 0x0000020bec250000)
 Next Bits: [0x0000020bec250000, 0x0000020bee250000)

Polling page: 0x0000020bd4990000

Metaspace:

Usage:
  Non-class:     71.70 MB capacity,    70.62 MB ( 99%) used,   897.27 KB (  1%) free+waste,   203.63 KB ( <1%) overhead. 
      Class:     11.14 MB capacity,    10.47 MB ( 94%) used,   593.14 KB (  5%) free+waste,    93.25 KB ( <1%) overhead. 
       Both:     82.84 MB capacity,    81.09 MB ( 98%) used,     1.46 MB (  2%) free+waste,   296.88 KB ( <1%) overhead. 

Virtual space:
  Non-class space:       72.00 MB reserved,      71.84 MB (>99%) committed 
      Class space:        1.00 GB reserved,      11.25 MB (  1%) committed 
             Both:        1.07 GB reserved,      83.09 MB (  8%) committed 

Chunk freelists:
   Non-Class:  20.00 KB
       Class:  14.00 KB
        Both:  34.00 KB

MaxMetaspaceSize: 17179869184.00 GB
CompressedClassSpaceSize: 1.00 GB

CodeHeap 'non-profiled nmethods': size=120064Kb used=4522Kb max_used=4522Kb free=115541Kb
 bounds [0x0000020be2110000, 0x0000020be2580000, 0x0000020be9650000]
CodeHeap 'profiled nmethods': size=120000Kb used=17140Kb max_used=17140Kb free=102860Kb
 bounds [0x0000020bdabe0000, 0x0000020bdbca0000, 0x0000020be2110000]
CodeHeap 'non-nmethods': size=5696Kb used=2275Kb max_used=2315Kb free=3420Kb
 bounds [0x0000020bda650000, 0x0000020bda8c0000, 0x0000020bdabe0000]
 total_blobs=8970 nmethods=8097 adapters=784
 compilation: enabled
              stopped_count=0, restarted_count=0
 full_count=0

Compilation events (20 events):
Event: 11.341 Thread 0x0000020bf0765800 8064       2       org.gradle.api.internal.tasks.properties.DefaultTypeMetadataStore$DefaultPropertyMetadata::<init> (15 bytes)
Event: 11.341 Thread 0x0000020bf0765800 nmethod 8064 0x0000020bdbc70f10 code [0x0000020bdbc710c0, 0x0000020bdbc71258]
Event: 11.341 Thread 0x0000020bf0765800 8065       2       com.google.common.collect.SingletonImmutableSet::contains (9 bytes)
Event: 11.342 Thread 0x0000020bf0765800 nmethod 8065 0x0000020bdbc71310 code [0x0000020bdbc714c0, 0x0000020bdbc715e8]
Event: 11.345 Thread 0x0000020bf0765800 8066       2       java.util.TreeSet::<init> (12 bytes)
Event: 11.345 Thread 0x0000020bf0765800 nmethod 8066 0x0000020bdbc71690 code [0x0000020bdbc71840, 0x0000020bdbc719f8]
Event: 11.346 Thread 0x0000020bf0765800 8067       2       sun.reflect.annotation.AnnotationInvocationHandler::hashCodeImpl (69 bytes)
Event: 11.346 Thread 0x0000020bf0765800 nmethod 8067 0x0000020bdbc71a90 code [0x0000020bdbc71cc0, 0x0000020bdbc71ff8]
Event: 11.346 Thread 0x0000020bf0765800 8068       2       com.google.common.collect.MultimapBuilder$MultimapBuilderWithKeys::arrayListValues (6 bytes)
Event: 11.346 Thread 0x0000020bf0765800 nmethod 8068 0x0000020bdbc72210 code [0x0000020bdbc723c0, 0x0000020bdbc725a8]
Event: 11.346 Thread 0x0000020bf0765800 8074       2       org.gradle.internal.service.scopes.ExecutionGlobalServices$$Lambda$224/0x0000000100400c40::test (8 bytes)
Event: 11.346 Thread 0x0000020bf0765800 nmethod 8074 0x0000020bdbc72690 code [0x0000020bdbc72840, 0x0000020bdbc729c8]
Event: 11.346 Thread 0x0000020bf0765800 8075       2       org.gradle.internal.service.scopes.ExecutionGlobalServices::lambda$createAnnotationMetadataStore$2 (7 bytes)
Event: 11.346 Thread 0x0000020bf0765800 nmethod 8075 0x0000020bdbc72b10 code [0x0000020bdbc72d00, 0x0000020bdbc72fd8]
Event: 11.346 Thread 0x0000020bf0765800 8073       2       org.gradle.internal.reflect.annotations.impl.DefaultTypeAnnotationMetadataStore$PropertyAnnotationMetadataBuilder::<init> (89 bytes)
Event: 11.348 Thread 0x0000020bf0765800 nmethod 8073 0x0000020bdbc73190 code [0x0000020bdbc73480, 0x0000020bdbc74988]
Event: 11.348 Thread 0x0000020bf0765800 8072       2       com.google.common.collect.MultimapBuilder$MultimapBuilderWithKeys$1::build (22 bytes)
Event: 11.348 Thread 0x0000020bf0765800 nmethod 8072 0x0000020bdbc75010 code [0x0000020bdbc75200, 0x0000020bdbc755d8]
Event: 11.348 Thread 0x0000020bf0765800 8069       2       com.google.common.collect.MultimapBuilder$MultimapBuilderWithKeys::arrayListValues (17 bytes)
Event: 11.348 Thread 0x0000020bf0765800 nmethod 8069 0x0000020bdbc75790 code [0x0000020bdbc75940, 0x0000020bdbc75b28]

GC Heap History (20 events):
Event: 4.966 GC heap before
{Heap before GC invocations=6 (full 0):
 garbage-first heap   total 131072K, used 71517K [0x0000000080000000, 0x0000000100000000)
  region size 1024K, 58 young (59392K), 6 survivors (6144K)
 Metaspace       used 35059K, capacity 35858K, committed 36048K, reserved 1081344K
  class space    used 4557K, capacity 4863K, committed 4864K, reserved 1048576K
}
Event: 4.976 GC heap after
{Heap after GC invocations=7 (full 0):
 garbage-first heap   total 131072K, used 22725K [0x0000000080000000, 0x0000000100000000)
  region size 1024K, 6 young (6144K), 6 survivors (6144K)
 Metaspace       used 35059K, capacity 35858K, committed 36048K, reserved 1081344K
  class space    used 4557K, capacity 4863K, committed 4864K, reserved 1048576K
}
Event: 5.627 GC heap before
{Heap before GC invocations=8 (full 0):
 garbage-first heap   total 131072K, used 90309K [0x0000000080000000, 0x0000000100000000)
  region size 1024K, 70 young (71680K), 6 survivors (6144K)
 Metaspace       used 39907K, capacity 40862K, committed 40988K, reserved 1085440K
  class space    used 5100K, capacity 5438K, committed 5504K, reserved 1048576K
}
Event: 5.638 GC heap after
{Heap after GC invocations=9 (full 0):
 garbage-first heap   total 131072K, used 27843K [0x0000000080000000, 0x0000000100000000)
  region size 1024K, 9 young (9216K), 9 survivors (9216K)
 Metaspace       used 39907K, capacity 40862K, committed 40988K, reserved 1085440K
  class space    used 5100K, capacity 5438K, committed 5504K, reserved 1048576K
}
Event: 6.294 GC heap before
{Heap before GC invocations=9 (full 0):
 garbage-first heap   total 131072K, used 94403K [0x0000000080000000, 0x0000000100000000)
  region size 1024K, 73 young (74752K), 9 survivors (9216K)
 Metaspace       used 45836K, capacity 46889K, committed 47004K, reserved 1089536K
  class space    used 5881K, capacity 6287K, committed 6400K, reserved 1048576K
}
Event: 6.305 GC heap after
{Heap after GC invocations=10 (full 0):
 garbage-first heap   total 131072K, used 29696K [0x0000000080000000, 0x0000000100000000)
  region size 1024K, 7 young (7168K), 7 survivors (7168K)
 Metaspace       used 45836K, capacity 46889K, committed 47004K, reserved 1089536K
  class space    used 5881K, capacity 6287K, committed 6400K, reserved 1048576K
}
Event: 7.353 GC heap before
{Heap before GC invocations=10 (full 0):
 garbage-first heap   total 131072K, used 105472K [0x0000000080000000, 0x0000000100000000)
  region size 1024K, 73 young (74752K), 7 survivors (7168K)
 Metaspace       used 48690K, capacity 49910K, committed 50204K, reserved 1093632K
  class space    used 6203K, capacity 6677K, committed 6784K, reserved 1048576K
}
Event: 7.365 GC heap after
{Heap after GC invocations=11 (full 0):
 garbage-first heap   total 157696K, used 48727K [0x0000000080000000, 0x0000000100000000)
  region size 1024K, 10 young (10240K), 10 survivors (10240K)
 Metaspace       used 48690K, capacity 49910K, committed 50204K, reserved 1093632K
  class space    used 6203K, capacity 6677K, committed 6784K, reserved 1048576K
}
Event: 8.208 GC heap before
{Heap before GC invocations=11 (full 0):
 garbage-first heap   total 157696K, used 117335K [0x0000000080000000, 0x0000000100000000)
  region size 1024K, 77 young (78848K), 10 survivors (10240K)
 Metaspace       used 58241K, capacity 59620K, committed 59804K, reserved 1101824K
  class space    used 7339K, capacity 7840K, committed 7936K, reserved 1048576K
}
Event: 8.222 GC heap after
{Heap after GC invocations=12 (full 0):
 garbage-first heap   total 157696K, used 51445K [0x0000000080000000, 0x0000000100000000)
  region size 1024K, 3 young (3072K), 3 survivors (3072K)
 Metaspace       used 58241K, capacity 59620K, committed 59804K, reserved 1101824K
  class space    used 7339K, capacity 7840K, committed 7936K, reserved 1048576K
}
Event: 8.283 GC heap before
{Heap before GC invocations=12 (full 0):
 garbage-first heap   total 157696K, used 54517K [0x0000000080000000, 0x0000000100000000)
  region size 1024K, 7 young (7168K), 3 survivors (3072K)
 Metaspace       used 59163K, capacity 60512K, committed 60636K, reserved 1101824K
  class space    used 7457K, capacity 7988K, committed 8064K, reserved 1048576K
}
Event: 8.287 GC heap after
{Heap after GC invocations=13 (full 0):
 garbage-first heap   total 157696K, used 51430K [0x0000000080000000, 0x0000000100000000)
  region size 1024K, 3 young (3072K), 3 survivors (3072K)
 Metaspace       used 59163K, capacity 60512K, committed 60636K, reserved 1101824K
  class space    used 7457K, capacity 7988K, committed 8064K, reserved 1048576K
}
Event: 9.009 GC heap before
{Heap before GC invocations=14 (full 0):
 garbage-first heap   total 157696K, used 113894K [0x0000000080000000, 0x0000000100000000)
  region size 1024K, 64 young (65536K), 3 survivors (3072K)
 Metaspace       used 65205K, capacity 66610K, committed 66780K, reserved 1107968K
  class space    used 8206K, capacity 8774K, committed 8832K, reserved 1048576K
}
Event: 9.019 GC heap after
{Heap after GC invocations=15 (full 0):
 garbage-first heap   total 157696K, used 56863K [0x0000000080000000, 0x0000000100000000)
  region size 1024K, 8 young (8192K), 8 survivors (8192K)
 Metaspace       used 65205K, capacity 66610K, committed 66780K, reserved 1107968K
  class space    used 8206K, capacity 8774K, committed 8832K, reserved 1048576K
}
Event: 9.530 GC heap before
{Heap before GC invocations=16 (full 0):
 garbage-first heap   total 157696K, used 117279K [0x0000000080000000, 0x0000000100000000)
  region size 1024K, 67 young (68608K), 8 survivors (8192K)
 Metaspace       used 68023K, capacity 69590K, committed 69724K, reserved 1110016K
  class space    used 8574K, capacity 9164K, committed 9216K, reserved 1048576K
}
Event: 9.540 GC heap after
{Heap after GC invocations=17 (full 0):
 garbage-first heap   total 157696K, used 60584K [0x0000000080000000, 0x0000000100000000)
  region size 1024K, 5 young (5120K), 5 survivors (5120K)
 Metaspace       used 68023K, capacity 69590K, committed 69724K, reserved 1110016K
  class space    used 8574K, capacity 9164K, committed 9216K, reserved 1048576K
}
Event: 10.224 GC heap before
{Heap before GC invocations=17 (full 0):
 garbage-first heap   total 157696K, used 119976K [0x0000000080000000, 0x0000000100000000)
  region size 1024K, 63 young (64512K), 5 survivors (5120K)
 Metaspace       used 73993K, capacity 75523K, committed 75740K, reserved 1116160K
  class space    used 9494K, capacity 10095K, committed 10112K, reserved 1048576K
}
Event: 10.233 GC heap after
{Heap after GC invocations=18 (full 0):
 garbage-first heap   total 189440K, used 64023K [0x0000000080000000, 0x0000000100000000)
  region size 1024K, 8 young (8192K), 8 survivors (8192K)
 Metaspace       used 73993K, capacity 75523K, committed 75740K, reserved 1116160K
  class space    used 9494K, capacity 10095K, committed 10112K, reserved 1048576K
}
Event: 11.145 GC heap before
{Heap before GC invocations=18 (full 0):
 garbage-first heap   total 189440K, used 136727K [0x0000000080000000, 0x0000000100000000)
  region size 1024K, 79 young (80896K), 8 survivors (8192K)
 Metaspace       used 81470K, capacity 83202K, committed 83292K, reserved 1122304K
  class space    used 10543K, capacity 11193K, committed 11264K, reserved 1048576K
}
Event: 11.158 GC heap after
{Heap after GC invocations=19 (full 0):
 garbage-first heap   total 189440K, used 68743K [0x0000000080000000, 0x0000000100000000)
  region size 1024K, 9 young (9216K), 9 survivors (9216K)
 Metaspace       used 81470K, capacity 83202K, committed 83292K, reserved 1122304K
  class space    used 10543K, capacity 11193K, committed 11264K, reserved 1048576K
}

Deoptimization events (20 events):
Event: 11.100 Thread 0x0000020bf372f800 Uncommon trap: trap_request=0xffffff4d fr.pc=0x0000020be23cdbfc relative=0x000000000000067c
Event: 11.100 Thread 0x0000020bf372f800 Uncommon trap: reason=unstable_if action=reinterpret pc=0x0000020be23cdbfc method=java.util.HashMap.putVal(ILjava/lang/Object;Ljava/lang/Object;ZZ)Ljava/lang/Object; @ 109 c2
Event: 11.100 Thread 0x0000020bf372f800 DEOPT PACKING pc=0x0000020be23cdbfc sp=0x00000049807f8d60
Event: 11.100 Thread 0x0000020bf372f800 DEOPT UNPACKING pc=0x0000020bda67662f sp=0x00000049807f8ce8 mode 2
Event: 11.126 Thread 0x0000020bf372f800 DEOPT PACKING pc=0x0000020bdb7d18d6 sp=0x00000049807f7e80
Event: 11.126 Thread 0x0000020bf372f800 DEOPT UNPACKING pc=0x0000020bda676dde sp=0x00000049807f7420 mode 0
Event: 11.145 Thread 0x0000020bf372f800 DEOPT PACKING pc=0x0000020bdb7d18d6 sp=0x00000049807f7e00
Event: 11.145 Thread 0x0000020bf372f800 DEOPT UNPACKING pc=0x0000020bda676dde sp=0x00000049807f73a0 mode 0
Event: 11.162 Thread 0x0000020bf372f800 DEOPT PACKING pc=0x0000020bdb36f3d4 sp=0x00000049807f7ac0
Event: 11.162 Thread 0x0000020bf372f800 DEOPT UNPACKING pc=0x0000020bda676dde sp=0x00000049807f6ef8 mode 0
Event: 11.162 Thread 0x0000020bf372f800 DEOPT PACKING pc=0x0000020bdb36f44c sp=0x00000049807f7b30
Event: 11.162 Thread 0x0000020bf372f800 DEOPT UNPACKING pc=0x0000020bda676dde sp=0x00000049807f6fd0 mode 0
Event: 11.162 Thread 0x0000020bf372f800 DEOPT PACKING pc=0x0000020bdb9f1d7c sp=0x00000049807f7ba0
Event: 11.162 Thread 0x0000020bf372f800 DEOPT UNPACKING pc=0x0000020bda676dde sp=0x00000049807f6fa0 mode 0
Event: 11.302 Thread 0x0000020bf372f800 Uncommon trap: trap_request=0xffffff7e fr.pc=0x0000020be24f88b4 relative=0x0000000000000334
Event: 11.302 Thread 0x0000020bf372f800 Uncommon trap: reason=predicate action=maybe_recompile pc=0x0000020be24f88b4 method=com.google.common.collect.ImmutableCollection$Builder.addAll(Ljava/lang/Iterable;)Lcom/google/common/collect/ImmutableCollection$Builder; @ 13 c2
Event: 11.302 Thread 0x0000020bf372f800 DEOPT PACKING pc=0x0000020be24f88b4 sp=0x00000049807fa0f0
Event: 11.302 Thread 0x0000020bf372f800 DEOPT UNPACKING pc=0x0000020bda67662f sp=0x00000049807fa0c0 mode 2
Event: 11.310 Thread 0x0000020bf372f800 DEOPT PACKING pc=0x0000020bdb7d18d6 sp=0x00000049807f9440
Event: 11.310 Thread 0x0000020bf372f800 DEOPT UNPACKING pc=0x0000020bda676dde sp=0x00000049807f89e0 mode 0

Classes redefined (0 events):
No events

Internal exceptions (20 events):
Event: 10.209 Thread 0x0000020bf372f800 Exception <a 'java/lang/ClassNotFoundException'{0x000000008615c368}: com/android/build/gradle/internal/api/ApkVariantOutputImplBeanInfo> (0x000000008615c368) thrown at [./src/hotspot/share/classfile/systemDictionary.cpp, line 231]
Event: 10.210 Thread 0x0000020bf372f800 Exception <a 'java/lang/ClassNotFoundException'{0x00000000861785b8}: com/android/build/gradle/internal/api/BaseVariantOutputImplBeanInfo> (0x00000000861785b8) thrown at [./src/hotspot/share/classfile/systemDictionary.cpp, line 231]
Event: 10.210 Thread 0x0000020bf372f800 Exception <a 'java/lang/ClassNotFoundException'{0x0000000086194ad0}: com/android/build/gradle/internal/api/BaseVariantOutputImplCustomizer> (0x0000000086194ad0) thrown at [./src/hotspot/share/classfile/systemDictionary.cpp, line 231]
Event: 10.211 Thread 0x0000020bf372f800 Exception <a 'java/lang/ClassNotFoundException'{0x00000000861c3420}: com/android/build/gradle/internal/api/ApkVariantOutputImplCustomizer> (0x00000000861c3420) thrown at [./src/hotspot/share/classfile/systemDictionary.cpp, line 231]
Event: 10.212 Thread 0x0000020bf372f800 Exception <a 'java/lang/ClassNotFoundException'{0x00000000861ee3f8}: com/android/build/gradle/internal/api/ApkVariantOutputImpl_DecoratedCustomizer> (0x00000000861ee3f8) thrown at [./src/hotspot/share/classfile/systemDictionary.cpp, line 231]
Event: 10.246 Thread 0x0000020bf372f800 Exception <a 'java/lang/ClassNotFoundException'{0x000000008b729980}: com/android/build/gradle/internal/api/ReadOnlyBuildTypeBeanInfo> (0x000000008b729980) thrown at [./src/hotspot/share/classfile/systemDictionary.cpp, line 231]
Event: 10.247 Thread 0x0000020bf372f800 Exception <a 'java/lang/ClassNotFoundException'{0x000000008b745c10}: com/android/build/gradle/internal/api/ReadOnlyBaseConfigBeanInfo> (0x000000008b745c10) thrown at [./src/hotspot/share/classfile/systemDictionary.cpp, line 231]
Event: 10.247 Thread 0x0000020bf372f800 Exception <a 'java/lang/ClassNotFoundException'{0x000000008b762280}: com/android/build/gradle/internal/api/ReadOnlyBaseConfigCustomizer> (0x000000008b762280) thrown at [./src/hotspot/share/classfile/systemDictionary.cpp, line 231]
Event: 10.248 Thread 0x0000020bf372f800 Exception <a 'java/lang/ClassNotFoundException'{0x000000008b78dc48}: com/android/build/gradle/internal/api/ReadOnlyBuildTypeCustomizer> (0x000000008b78dc48) thrown at [./src/hotspot/share/classfile/systemDictionary.cpp, line 231]
Event: 10.637 Thread 0x0000020bf372f800 Exception <a 'sun/nio/fs/WindowsException'{0x0000000089aca860}> (0x0000000089aca860) thrown at [./src/hotspot/share/prims/jni.cpp, line 615]
Event: 10.637 Thread 0x0000020bf372f800 Exception <a 'sun/nio/fs/WindowsException'{0x0000000089acac38}> (0x0000000089acac38) thrown at [./src/hotspot/share/prims/jni.cpp, line 615]
Event: 10.733 Thread 0x0000020bf372f800 Exception <a 'java/lang/NullPointerException'{0x00000000890d2990}> (0x00000000890d2990) thrown at [./src/hotspot/share/interpreter/linkResolver.cpp, line 1440]
Event: 10.802 Thread 0x0000020bf372f800 Implicit null exception at 0x0000020be24e026b to 0x0000020be24e1ccc
Event: 10.932 Thread 0x0000020bf372f800 Exception <a 'java/lang/NoSuchMethodError'{0x0000000087f40b40}: 'int java.lang.invoke.DirectMethodHandle$Holder.invokeStatic(java.lang.Object, java.lang.Object, int, java.lang.Object)'> (0x0000000087f40b40) thrown at [./src/hotspot/share/interpreter/linkResolver.cpp, line 773]
Event: 10.933 Thread 0x0000020bf372f800 Exception <a 'java/lang/NoSuchMethodError'{0x0000000087f479e8}: 'java.lang.Object java.lang.invoke.Invokers$Holder.linkToTargetMethod(java.lang.Object, int, java.lang.Object)'> (0x0000000087f479e8) thrown at [./src/hotspot/share/interpreter/linkResolver.cpp, line 773]
Event: 11.006 Thread 0x0000020bf372f800 Exception <a 'sun/nio/fs/WindowsException'{0x0000000087e79310}> (0x0000000087e79310) thrown at [./src/hotspot/share/prims/jni.cpp, line 615]
Event: 11.006 Thread 0x0000020bf372f800 Exception <a 'sun/nio/fs/WindowsException'{0x0000000087e7a610}> (0x0000000087e7a610) thrown at [./src/hotspot/share/prims/jni.cpp, line 615]
Event: 11.006 Thread 0x0000020bf372f800 Exception <a 'sun/nio/fs/WindowsException'{0x0000000087e7b948}> (0x0000000087e7b948) thrown at [./src/hotspot/share/prims/jni.cpp, line 615]
Event: 11.006 Thread 0x0000020bf372f800 Exception <a 'sun/nio/fs/WindowsException'{0x0000000087e7cc80}> (0x0000000087e7cc80) thrown at [./src/hotspot/share/prims/jni.cpp, line 615]
Event: 11.332 Thread 0x0000020bf372f800 Exception <a 'java/lang/NoSuchMethodError'{0x000000008aa54688}: 'java.lang.Object java.lang.invoke.Invokers$Holder.linkToTargetMethod(java.lang.Object, int, int, java.lang.Object)'> (0x000000008aa54688) thrown at [./src/hotspot/share/interpreter/linkResolver.cpp, line 773]

Events (20 events):
Event: 11.331 loading class com/android/build/gradle/tasks/SourceSetInputs$initialise$2
Event: 11.331 loading class com/android/build/gradle/tasks/SourceSetInputs$initialise$2 done
Event: 11.332 loading class com/android/build/gradle/tasks/MergeResources
Event: 11.332 loading class com/android/build/gradle/tasks/MergeResources done
Event: 11.332 loading class com/android/build/gradle/tasks/MergeResources
Event: 11.332 loading class com/android/build/gradle/tasks/MergeResources done
Event: 11.333 Executing VM operation: RevokeBias
Event: 11.333 Executing VM operation: RevokeBias done
Event: 11.341 loading class org/gradle/api/internal/artifacts/ivyservice/moduleconverter/dependencies/DefaultLocalConfigurationMetadataBuilder$DefaultLocalFileDependencyMetadata
Event: 11.341 loading class org/gradle/api/internal/artifacts/ivyservice/moduleconverter/dependencies/DefaultLocalConfigurationMetadataBuilder$DefaultLocalFileDependencyMetadata done
Event: 11.342 loading class org/gradle/api/internal/artifacts/ivyservice/resolveengine/artifact/FileDependencyArtifactSet
Event: 11.342 loading class org/gradle/api/internal/artifacts/ivyservice/resolveengine/artifact/FileDependencyArtifactSet done
Event: 11.342 loading class org/gradle/api/internal/artifacts/ivyservice/resolveengine/artifact/LocalFileDependencyBackedArtifactSet
Event: 11.342 loading class org/gradle/api/internal/artifacts/ivyservice/resolveengine/artifact/LocalFileDependencyBackedArtifactSet done
Event: 11.343 loading class org/gradle/api/internal/artifacts/ivyservice/resolveengine/artifact/LocalDependencyFiles
Event: 11.343 loading class org/gradle/api/internal/artifacts/ivyservice/resolveengine/artifact/LocalDependencyFiles done
Event: 11.343 loading class org/gradle/api/internal/file/AbstractFileCollection$1
Event: 11.343 loading class org/gradle/api/internal/file/AbstractFileCollection$1 done
Event: 11.344 loading class com/android/build/gradle/internal/TaskManager$createMockableJarTask$1$1
Event: 11.344 loading class com/android/build/gradle/internal/TaskManager$createMockableJarTask$1$1 done


Dynamic libraries:
0x00007ff7fdb70000 - 0x00007ff7fdb7a000 	D:\AndroidStudio\jre\bin\java.exe
0x00007fff90910000 - 0x00007fff90b05000 	C:\WINDOWS\SYSTEM32\ntdll.dll
0x00007fff672b0000 - 0x00007fff672c6000 	C:\Program Files\AVAST Software\Avast\aswhook.dll
0x00007fff8f950000 - 0x00007fff8fa0e000 	C:\WINDOWS\System32\KERNEL32.DLL
0x00007fff8e410000 - 0x00007fff8e6d8000 	C:\WINDOWS\System32\KERNELBASE.dll
0x00007fff8e7d0000 - 0x00007fff8e8d0000 	C:\WINDOWS\System32\ucrtbase.dll
0x00007fff69ff0000 - 0x00007fff6a009000 	D:\AndroidStudio\jre\bin\jli.dll
0x00007fff8eb20000 - 0x00007fff8ecc0000 	C:\WINDOWS\System32\USER32.dll
0x00007fff67c60000 - 0x00007fff67c77000 	D:\AndroidStudio\jre\bin\VCRUNTIME140.dll
0x00007fff8e2d0000 - 0x00007fff8e2f2000 	C:\WINDOWS\System32\win32u.dll
0x00007fff8e970000 - 0x00007fff8e99b000 	C:\WINDOWS\System32\GDI32.dll
0x00007fff79930000 - 0x00007fff79bca000 	C:\WINDOWS\WinSxS\amd64_microsoft.windows.common-controls_6595b64144ccf1df_6.0.19041.1110_none_60b5254171f9507e\COMCTL32.dll
0x00007fff8e300000 - 0x00007fff8e40b000 	C:\WINDOWS\System32\gdi32full.dll
0x00007fff8e9a0000 - 0x00007fff8ea3e000 	C:\WINDOWS\System32\msvcrt.dll
0x00007fff8e8d0000 - 0x00007fff8e96d000 	C:\WINDOWS\System32\msvcp_win.dll
0x00007fff8fd70000 - 0x00007fff8fda0000 	C:\WINDOWS\System32\IMM32.DLL
0x00007fff3f780000 - 0x00007fff3f81d000 	D:\AndroidStudio\jre\bin\msvcp140.dll
0x00007fff2f750000 - 0x00007fff30225000 	D:\AndroidStudio\jre\bin\server\jvm.dll
0x00007fff8fcc0000 - 0x00007fff8fd6e000 	C:\WINDOWS\System32\ADVAPI32.dll
0x00007fff8ef20000 - 0x00007fff8efbc000 	C:\WINDOWS\System32\sechost.dll
0x00007fff8ed80000 - 0x00007fff8eea5000 	C:\WINDOWS\System32\RPCRT4.dll
0x00007fff8fcb0000 - 0x00007fff8fcb8000 	C:\WINDOWS\System32\PSAPI.DLL
0x00007fff794d0000 - 0x00007fff794d9000 	C:\WINDOWS\SYSTEM32\WSOCK32.dll
0x00007fff8eeb0000 - 0x00007fff8ef1b000 	C:\WINDOWS\System32\WS2_32.dll
0x00007fff7ddd0000 - 0x00007fff7ddf7000 	C:\WINDOWS\SYSTEM32\WINMM.dll
0x00007fff88390000 - 0x00007fff8839a000 	C:\WINDOWS\SYSTEM32\VERSION.dll
0x00007fff8bf60000 - 0x00007fff8bf72000 	C:\WINDOWS\SYSTEM32\kernel.appcore.dll
0x00007fff7e500000 - 0x00007fff7e511000 	D:\AndroidStudio\jre\bin\verify.dll
0x00007fff86e50000 - 0x00007fff87034000 	C:\WINDOWS\SYSTEM32\DBGHELP.DLL
0x00007fff872f0000 - 0x00007fff8731c000 	C:\WINDOWS\SYSTEM32\dbgcore.DLL
0x00007fff8e030000 - 0x00007fff8e0b2000 	C:\WINDOWS\System32\bcryptPrimitives.dll
0x00007fff7c530000 - 0x00007fff7c559000 	D:\AndroidStudio\jre\bin\java.dll
0x00007fff8b850000 - 0x00007fff8b85b000 	D:\AndroidStudio\jre\bin\jimage.dll
0x00007fff7de00000 - 0x00007fff7de18000 	D:\AndroidStudio\jre\bin\zip.dll
0x00007fff90120000 - 0x00007fff90864000 	C:\WINDOWS\System32\SHELL32.dll
0x00007fff8c160000 - 0x00007fff8c8f4000 	C:\WINDOWS\SYSTEM32\windows.storage.dll
0x00007fff8f5f0000 - 0x00007fff8f944000 	C:\WINDOWS\System32\combase.dll
0x00007fff8d9c0000 - 0x00007fff8d9ec000 	C:\WINDOWS\SYSTEM32\Wldp.dll
0x00007fff8fab0000 - 0x00007fff8fb5d000 	C:\WINDOWS\System32\SHCORE.dll
0x00007fff90870000 - 0x00007fff908c5000 	C:\WINDOWS\System32\shlwapi.dll
0x00007fff8df70000 - 0x00007fff8df8f000 	C:\WINDOWS\SYSTEM32\profapi.dll
0x00007fff6b0e0000 - 0x00007fff6b0fa000 	D:\AndroidStudio\jre\bin\net.dll
0x00007fff7dfd0000 - 0x00007fff7e0d9000 	C:\WINDOWS\SYSTEM32\WINHTTP.dll
0x00007fff8d720000 - 0x00007fff8d78a000 	C:\WINDOWS\system32\mswsock.dll
0x00007fff6b0c0000 - 0x00007fff6b0d4000 	D:\AndroidStudio\jre\bin\nio.dll
0x00007fff59bf0000 - 0x00007fff59c17000 	C:\Users\Admin\.gradle\native\e1d6ef7f7dcc3fd88c89a11ec53ec762bb8ba0a96d01ffa2cd45eb1d1d8dd5c5\windows-amd64\native-platform.dll
0x00007fff352c0000 - 0x00007fff35404000 	C:\Users\Admin\.gradle\native\5664cfc778a61ccfe75a443a1ab52a65af34e5dc3c78e0209fed803814484fcb\windows-amd64\native-platform-file-events.dll
0x00007fff84d30000 - 0x00007fff84d3a000 	D:\AndroidStudio\jre\bin\management.dll
0x00007fff849d0000 - 0x00007fff849dd000 	D:\AndroidStudio\jre\bin\management_ext.dll
0x00007fff8d910000 - 0x00007fff8d928000 	C:\WINDOWS\SYSTEM32\CRYPTSP.dll
0x00007fff8d0a0000 - 0x00007fff8d0d4000 	C:\WINDOWS\system32\rsaenh.dll
0x00007fff8e7a0000 - 0x00007fff8e7c7000 	C:\WINDOWS\System32\bcrypt.dll
0x00007fff8df30000 - 0x00007fff8df5e000 	C:\WINDOWS\SYSTEM32\USERENV.dll
0x00007fff8d930000 - 0x00007fff8d93c000 	C:\WINDOWS\SYSTEM32\CRYPTBASE.dll
0x00007fff8d410000 - 0x00007fff8d44b000 	C:\WINDOWS\SYSTEM32\IPHLPAPI.DLL
0x00007fff8f5e0000 - 0x00007fff8f5e8000 	C:\WINDOWS\System32\NSI.dll
0x00007fff87df0000 - 0x00007fff87e07000 	C:\WINDOWS\SYSTEM32\dhcpcsvc6.DLL
0x00007fff883c0000 - 0x00007fff883dd000 	C:\WINDOWS\SYSTEM32\dhcpcsvc.DLL
0x00007fff8d450000 - 0x00007fff8d51a000 	C:\WINDOWS\SYSTEM32\DNSAPI.dll

dbghelp: loaded successfully - version: 4.0.5 - missing functions: none
symbol engine: initialized successfully - sym options: 0x614 - pdb path: .;D:\AndroidStudio\jre\bin;C:\WINDOWS\SYSTEM32;C:\Program Files\AVAST Software\Avast;C:\WINDOWS\WinSxS\amd64_microsoft.windows.common-controls_6595b64144ccf1df_6.0.19041.1110_none_60b5254171f9507e;D:\AndroidStudio\jre\bin\server;C:\Users\Admin\.gradle\native\e1d6ef7f7dcc3fd88c89a11ec53ec762bb8ba0a96d01ffa2cd45eb1d1d8dd5c5\windows-amd64;C:\Users\Admin\.gradle\native\5664cfc778a61ccfe75a443a1ab52a65af34e5dc3c78e0209fed803814484fcb\windows-amd64

VM Arguments:
jvm_args: --add-opens=java.base/java.util=ALL-UNNAMED --add-opens=java.base/java.lang=ALL-UNNAMED --add-opens=java.base/java.lang.invoke=ALL-UNNAMED --add-opens=java.base/java.util=ALL-UNNAMED --add-opens=java.prefs/java.util.prefs=ALL-UNNAMED --add-opens=java.prefs/java.util.prefs=ALL-UNNAMED --add-opens=java.base/java.nio.charset=ALL-UNNAMED --add-opens=java.base/java.net=ALL-UNNAMED --add-opens=java.base/java.util.concurrent.atomic=ALL-UNNAMED -Xmx2048m -Dfile.encoding=UTF-8 -Duser.country=RU -Duser.language=ru -Duser.variant 
java_command: org.gradle.launcher.daemon.bootstrap.GradleDaemon 7.2
java_class_path (initial): C:\Users\Admin\.gradle\wrapper\dists\gradle-7.2-bin\2dnblmf4td7x66yl1d74lt32g\gradle-7.2\lib\gradle-launcher-7.2.jar
Launcher Type: SUN_STANDARD

[Global flags]
     intx CICompilerCount                          = 3                                         {product} {ergonomic}
     uint ConcGCThreads                            = 1                                         {product} {ergonomic}
     uint G1ConcRefinementThreads                  = 4                                         {product} {ergonomic}
   size_t G1HeapRegionSize                         = 1048576                                   {product} {ergonomic}
    uintx GCDrainStackTargetSize                   = 64                                        {product} {ergonomic}
   size_t InitialHeapSize                          = 134217728                                 {product} {ergonomic}
   size_t MarkStackSize                            = 4194304                                   {product} {ergonomic}
   size_t MaxHeapSize                              = 2147483648                                {product} {command line}
   size_t MaxNewSize                               = 1287651328                                {product} {ergonomic}
   size_t MinHeapDeltaBytes                        = 1048576                                   {product} {ergonomic}
    uintx NonNMethodCodeHeapSize                   = 5830732                                {pd product} {ergonomic}
    uintx NonProfiledCodeHeapSize                  = 122913754                              {pd product} {ergonomic}
    uintx ProfiledCodeHeapSize                     = 122913754                              {pd product} {ergonomic}
    uintx ReservedCodeCacheSize                    = 251658240                              {pd product} {ergonomic}
     bool SegmentedCodeCache                       = true                                      {product} {ergonomic}
     bool UseCompressedClassPointers               = true                                 {lp64_product} {ergonomic}
     bool UseCompressedOops                        = true                                 {lp64_product} {ergonomic}
     bool UseG1GC                                  = true                                      {product} {ergonomic}
     bool UseLargePagesIndividualAllocation        = false                                  {pd product} {ergonomic}

Logging:
Log output configuration:
 #0: stdout all=warning uptime,level,tags
 #1: stderr all=off uptime,level,tags

Environment Variables:
JAVA_HOME=C:\Program Files\Java\jdk-14.0.1
PATH=C:\Program Files (x86)\Common Files\Oracle\Java\javapath;C:\ProgramData\Oracle\Java\javapath;C:\Windows\system32;C:\Windows;C:\Windows\System32\Wbem;C:\Windows\System32\WindowsPowerShell\v1.0\;C:\Program Files\dotnet\;C:\Program Files\Microsoft SQL Server\130\Tools\Binn\;C:\Program Files (x86)\NVIDIA Corporation\PhysX\Common;C:\Program Files\NVIDIA Corporation\NVIDIA NvDLISR;E:\Matlab\runtime\win32;E:\Matlab\runtime\win64;E:\Matlab\bin;E:\Matlab\polyspace\bin;C:\Program Files\Microsoft SQL Server\Client SDK\ODBC\170\Tools\Binn\;C:\WINDOWS\system32;C:\WINDOWS;C:\WINDOWS\System32\Wbem;C:\WINDOWS\System32\WindowsPowerShell\v1.0\;C:\WINDOWS\System32\OpenSSH\;C:\Program Files\Java\jdk-14.0.1\bin;C:\Users\Admin\AppData\Local\Microsoft\WindowsApps;C:\Users\Admin\AppData\Local\atom\bin;C:\Users\Admin\AppData\Local\Microsoft\WindowsApps;C:\Program Files (x86)\clisp-2.49;C:\Users\Admin\AppData\Local\Programs\Microsoft VS Code\bin;C:\Users\Admin\AppData\Local\GitHubDesktop\bin
USERNAME=Admin
OS=Windows_NT
PROCESSOR_IDENTIFIER=Intel64 Family 6 Model 60 Stepping 3, GenuineIntel



---------------  S Y S T E M  ---------------

OS: Windows 10 , 64 bit Build 19041 (10.0.19041.1566)
OS uptime: 0 days 22:58 hours

CPU:total 4 (initial active 4) (4 cores per cpu, 1 threads per core) family 6 model 60 stepping 3 microcode 0x27, cmov, cx8, fxsr, mmx, sse, sse2, sse3, ssse3, sse4.1, sse4.2, popcnt, avx, avx2, aes, clmul, erms, lzcnt, tsc, tscinvbit, bmi1, bmi2, fma

Memory: 4k page, system-wide physical 8071M (1138M free)
TotalPageFile size 11247M (AvailPageFile size 9M)
current process WorkingSet (physical memory assigned to process): 428M, peak: 432M
current process commit charge ("private bytes"): 459M, peak: 464M

vm_info: OpenJDK 64-Bit Server VM (11.0.11+9-b60-7590822) for windows-amd64 JRE (11.0.11+9-b60-7590822), built on Jul 29 2021 21:43:44 by "builder" with MS VC++ 14.0 (VS2015)

END.
