#
# There is insufficient memory for the Java Runtime Environment to continue.
# Native memory allocation (mmap) failed to map 38797312 bytes for Failed to commit area from 0x000000008b900000 to 0x000000008de00000 of length 38797312.
# Possible reasons:
#   The system is out of physical RAM or swap space
#   The process is running with CompressedOops enabled, and the Java Heap may be blocking the growth of the native heap
# Possible solutions:
#   Reduce memory load on the system
#   Increase physical memory or swap space
#   Check if swap backing store is full
#   Decrease Java heap size (-Xmx/-Xms)
#   Decrease number of Java threads
#   Decrease Java thread stack sizes (-Xss)
#   Set larger code cache with -XX:ReservedCodeCacheSize=
#   JVM is running with Unscaled Compressed Oops mode in which the Java heap is
#     placed in the first 4GB address space. The Java Heap base address is the
#     maximum limit for the native heap growth. Please use -XX:HeapBaseMinAddress
#     to set the Java Heap base and to place the Java Heap above 4GB virtual address.
# This output file may be truncated or incomplete.
#
#  Out of Memory Error (./src/hotspot/os/windows/os_windows.cpp:3301), pid=10176, tid=14848
#
# JRE version: OpenJDK Runtime Environment (11.0.11+9) (build 11.0.11+9-b60-7590822)
# Java VM: OpenJDK 64-Bit Server VM (11.0.11+9-b60-7590822, mixed mode, tiered, compressed oops, g1 gc, windows-amd64)
# No core dump will be written. Minidumps are not enabled by default on client versions of Windows
#

---------------  S U M M A R Y ------------

Command Line: --add-opens=java.base/java.util=ALL-UNNAMED --add-opens=java.base/java.lang=ALL-UNNAMED --add-opens=java.base/java.lang.invoke=ALL-UNNAMED --add-opens=java.base/java.util=ALL-UNNAMED --add-opens=java.prefs/java.util.prefs=ALL-UNNAMED --add-opens=java.prefs/java.util.prefs=ALL-UNNAMED --add-opens=java.base/java.nio.charset=ALL-UNNAMED --add-opens=java.base/java.net=ALL-UNNAMED --add-opens=java.base/java.util.concurrent.atomic=ALL-UNNAMED -Xmx2048m -Dfile.encoding=UTF-8 -Duser.country=RU -Duser.language=ru -Duser.variant org.gradle.launcher.daemon.bootstrap.GradleDaemon 7.2

Host: Intel(R) Core(TM) i5-4430 CPU @ 3.00GHz, 4 cores, 7G,  Windows 10 , 64 bit Build 19041 (10.0.19041.1566)
Time: Sat Apr  9 02:24:23 2022 RTZ 2 (зима) elapsed time: 13.606524 seconds (0d 0h 0m 13s)

---------------  T H R E A D  ---------------

Current thread (0x0000015d7ef3a000):  VMThread "VM Thread" [stack: 0x0000000a5cf00000,0x0000000a5d000000] [id=14848]

Stack: [0x0000000a5cf00000,0x0000000a5d000000]
[error occurred during error reporting (printing stack bounds), id 0xc0000005, EXCEPTION_ACCESS_VIOLATION (0xc0000005) at pc=0x0000015d00000f2d]

Native frames: (J=compiled Java code, j=interpreted, Vv=VM code, C=native code)
V  [jvm.dll+0x5f214a]
V  [jvm.dll+0x726fb5]
V  [jvm.dll+0x7285cd]
V  [jvm.dll+0x728be5]
V  [jvm.dll+0x728b9b]
V  [jvm.dll+0x5f14e8]
V  [jvm.dll+0x5f1c78]
C  [ntdll.dll+0xa20cf]
C  [ntdll.dll+0x51454]
C  [ntdll.dll+0xa0bfe]
C  0x0000015d00000f2d

VM_Operation (0x0000000a628f9840): G1CollectForAllocation, mode: safepoint, requested by thread 0x0000015d18276000


---------------  P R O C E S S  ---------------

Threads class SMR info:
_java_thread_list=0x0000015d17e7f590, length=88, elements={
0x0000015d74372000, 0x0000015d7f7a1800, 0x0000015d7ef89800, 0x0000015d7f7a3000,
0x0000015d7f7a6800, 0x0000015d7f7a7800, 0x0000015d7f7a8800, 0x0000015d7f7ad800,
0x0000015d7f7ae800, 0x0000015d7f927000, 0x0000015d107ce800, 0x0000015d10565000,
0x0000015d104b8800, 0x0000015d104b7800, 0x0000015d10d20800, 0x0000015d112e4000,
0x0000015d10721000, 0x0000015d0fbff000, 0x0000015d0fbff800, 0x0000015d1177e800,
0x0000015d117d5800, 0x0000015d11780000, 0x0000015d11781000, 0x0000015d1177f800,
0x0000015d1177c000, 0x0000015d1177b800, 0x0000015d1177d000, 0x0000015d11782000,
0x0000015d1177d800, 0x0000015d149ef000, 0x0000015d149ef800, 0x0000015d149f3000,
0x0000015d149f1800, 0x0000015d149f6000, 0x0000015d149f7000, 0x0000015d149f8000,
0x0000015d149f8800, 0x0000015d149f5800, 0x0000015d149f9800, 0x0000015d149fa800,
0x0000015d149f4800, 0x0000015d149fb000, 0x0000015d149fc000, 0x0000015d149fd000,
0x0000015d15469800, 0x0000015d1546b800, 0x0000015d1546c000, 0x0000015d1546d000,
0x0000015d15468000, 0x0000015d1546e000, 0x0000015d1546a800, 0x0000015d1546e800,
0x0000015d15469000, 0x0000015d15472800, 0x0000015d15475000, 0x0000015d15472000,
0x0000015d15470000, 0x0000015d15474800, 0x0000015d1546f800, 0x0000015d15471000,
0x0000015d15473800, 0x0000015d15476000, 0x0000015d15477000, 0x0000015d1408c000,
0x0000015d1408d000, 0x0000015d1408b800, 0x0000015d1408e000, 0x0000015d1408e800,
0x0000015d1408f800, 0x0000015d14089800, 0x0000015d14090000, 0x0000015d1408a800,
0x0000015d14092000, 0x0000015d14091000, 0x0000015d14092800, 0x0000015d14096000,
0x0000015d14094800, 0x0000015d14097800, 0x0000015d14098800, 0x0000015d14097000,
0x0000015d14093800, 0x0000015d18273800, 0x0000015d18278800, 0x0000015d18275000,
0x0000015d18277000, 0x0000015d18276000, 0x0000015d18277800, 0x0000015d18279000
}

Java Threads: ( => current thread )
  0x0000015d74372000 JavaThread "main" [_thread_blocked, id=15468, stack(0x0000000a5c900000,0x0000000a5ca00000)]
  0x0000015d7f7a1800 JavaThread "Reference Handler" daemon [_thread_blocked, id=11684, stack(0x0000000a5d000000,0x0000000a5d100000)]
  0x0000015d7ef89800 JavaThread "Finalizer" daemon [_thread_blocked, id=9968, stack(0x0000000a5d100000,0x0000000a5d200000)]
  0x0000015d7f7a3000 JavaThread "Signal Dispatcher" daemon [_thread_blocked, id=10112, stack(0x0000000a5d200000,0x0000000a5d300000)]
  0x0000015d7f7a6800 JavaThread "Attach Listener" daemon [_thread_blocked, id=14020, stack(0x0000000a5d300000,0x0000000a5d400000)]
  0x0000015d7f7a7800 JavaThread "Service Thread" daemon [_thread_blocked, id=9212, stack(0x0000000a5d400000,0x0000000a5d500000)]
  0x0000015d7f7a8800 JavaThread "C2 CompilerThread0" daemon [_thread_blocked, id=5084, stack(0x0000000a5d500000,0x0000000a5d600000)]
  0x0000015d7f7ad800 JavaThread "C1 CompilerThread0" daemon [_thread_blocked, id=10328, stack(0x0000000a5d600000,0x0000000a5d700000)]
  0x0000015d7f7ae800 JavaThread "Sweeper thread" daemon [_thread_blocked, id=13980, stack(0x0000000a5d700000,0x0000000a5d800000)]
  0x0000015d7f927000 JavaThread "Common-Cleaner" daemon [_thread_blocked, id=7744, stack(0x0000000a5d800000,0x0000000a5d900000)]
  0x0000015d107ce800 JavaThread "Daemon health stats" [_thread_blocked, id=16596, stack(0x0000000a5dd00000,0x0000000a5de00000)]
  0x0000015d10565000 JavaThread "Incoming local TCP Connector on port 50648" [_thread_in_native, id=10840, stack(0x0000000a5da00000,0x0000000a5db00000)]
  0x0000015d104b8800 JavaThread "Daemon periodic checks" [_thread_blocked, id=11292, stack(0x0000000a5de00000,0x0000000a5df00000)]
  0x0000015d104b7800 JavaThread "Daemon" [_thread_blocked, id=6448, stack(0x0000000a5df00000,0x0000000a5e000000)]
  0x0000015d10d20800 JavaThread "Handler for socket connection from /127.0.0.1:50648 to /127.0.0.1:50649" [_thread_in_native, id=7748, stack(0x0000000a5e000000,0x0000000a5e100000)]
  0x0000015d112e4000 JavaThread "Cancel handler" [_thread_blocked, id=4084, stack(0x0000000a5e100000,0x0000000a5e200000)]
  0x0000015d10721000 JavaThread "Daemon worker" [_thread_blocked, id=11076, stack(0x0000000a5e200000,0x0000000a5e300000)]
  0x0000015d0fbff000 JavaThread "Asynchronous log dispatcher for DefaultDaemonConnection: socket connection from /127.0.0.1:50648 to /127.0.0.1:50649" [_thread_blocked, id=6188, stack(0x0000000a5e300000,0x0000000a5e400000)]
  0x0000015d0fbff800 JavaThread "Stdin handler" [_thread_blocked, id=16584, stack(0x0000000a5e400000,0x0000000a5e500000)]
  0x0000015d1177e800 JavaThread "Daemon client event forwarder" [_thread_blocked, id=13560, stack(0x0000000a5e500000,0x0000000a5e600000)]
  0x0000015d117d5800 JavaThread "C2 CompilerThread1" daemon [_thread_in_native, id=7872, stack(0x0000000a5e600000,0x0000000a5e700000)]
  0x0000015d11780000 JavaThread "Cache worker for journal cache (C:\Users\Admin\.gradle\caches\journal-1)" [_thread_blocked, id=13220, stack(0x0000000a5e800000,0x0000000a5e900000)]
  0x0000015d11781000 JavaThread "File lock request listener" [_thread_in_native, id=10888, stack(0x0000000a5e900000,0x0000000a5ea00000)]
  0x0000015d1177f800 JavaThread "Cache worker for file hash cache (C:\Users\Admin\.gradle\caches\7.2\fileHashes)" [_thread_blocked, id=7276, stack(0x0000000a5ea00000,0x0000000a5eb00000)]
  0x0000015d1177c000 JavaThread "Cache worker for file hash cache (D:\Android\countriesApp\.gradle\7.2\fileHashes)" [_thread_blocked, id=5156, stack(0x0000000a5eb00000,0x0000000a5ec00000)]
  0x0000015d1177b800 JavaThread "File watcher server" daemon [_thread_blocked, id=15120, stack(0x0000000a5ec00000,0x0000000a5ed00000)]
  0x0000015d1177d000 JavaThread "File watcher consumer" daemon [_thread_blocked, id=10536, stack(0x0000000a5ed00000,0x0000000a5ee00000)]
  0x0000015d11782000 JavaThread "Cache worker for checksums cache (D:\Android\countriesApp\.gradle\checksums)" [_thread_blocked, id=7304, stack(0x0000000a5ee00000,0x0000000a5ef00000)]
  0x0000015d1177d800 JavaThread "Cache worker for cache directory md-supplier (C:\Users\Admin\.gradle\caches\7.2\md-supplier)" [_thread_blocked, id=8640, stack(0x0000000a5ef00000,0x0000000a5f000000)]
  0x0000015d149ef000 JavaThread "Cache worker for cache directory md-rule (C:\Users\Admin\.gradle\caches\7.2\md-rule)" [_thread_blocked, id=8424, stack(0x0000000a5f000000,0x0000000a5f100000)]
  0x0000015d149ef800 JavaThread "Cache worker for execution history cache (C:\Users\Admin\.gradle\caches\7.2\executionHistory)" [_thread_blocked, id=236, stack(0x0000000a5f100000,0x0000000a5f200000)]
  0x0000015d149f3000 JavaThread "jar transforms" [_thread_blocked, id=8144, stack(0x0000000a5f200000,0x0000000a5f300000)]
  0x0000015d149f1800 JavaThread "Cache worker for file content cache (C:\Users\Admin\.gradle\caches\7.2\fileContent)" [_thread_blocked, id=14564, stack(0x0000000a5f300000,0x0000000a5f400000)]
  0x0000015d149f6000 JavaThread "jar transforms Thread 2" [_thread_blocked, id=10220, stack(0x0000000a5f400000,0x0000000a5f500000)]
  0x0000015d149f7000 JavaThread "Cache worker for dependencies-accessors (D:\Android\countriesApp\.gradle\7.2\dependencies-accessors)" [_thread_blocked, id=8716, stack(0x0000000a5f500000,0x0000000a5f600000)]
  0x0000015d149f8000 JavaThread "jar transforms Thread 3" [_thread_blocked, id=8288, stack(0x0000000a5f600000,0x0000000a5f700000)]
  0x0000015d149f8800 JavaThread "Cache worker for Build Output Cleanup Cache (D:\Android\countriesApp\.gradle\buildOutputCleanup)" [_thread_blocked, id=9840, stack(0x0000000a5f700000,0x0000000a5f800000)]
  0x0000015d149f5800 JavaThread "Unconstrained build operations" [_thread_blocked, id=6116, stack(0x0000000a5f800000,0x0000000a5f900000)]
  0x0000015d149f9800 JavaThread "Unconstrained build operations Thread 2" [_thread_blocked, id=5140, stack(0x0000000a5f900000,0x0000000a5fa00000)]
  0x0000015d149fa800 JavaThread "Unconstrained build operations Thread 3" [_thread_blocked, id=704, stack(0x0000000a5fa00000,0x0000000a5fb00000)]
  0x0000015d149f4800 JavaThread "Unconstrained build operations Thread 4" [_thread_blocked, id=14688, stack(0x0000000a5fb00000,0x0000000a5fc00000)]
  0x0000015d149fb000 JavaThread "Unconstrained build operations Thread 5" [_thread_blocked, id=12132, stack(0x0000000a5fc00000,0x0000000a5fd00000)]
  0x0000015d149fc000 JavaThread "Unconstrained build operations Thread 6" [_thread_blocked, id=6308, stack(0x0000000a5fd00000,0x0000000a5fe00000)]
  0x0000015d149fd000 JavaThread "Unconstrained build operations Thread 7" [_thread_blocked, id=14712, stack(0x0000000a5fe00000,0x0000000a5ff00000)]
  0x0000015d15469800 JavaThread "Unconstrained build operations Thread 8" [_thread_blocked, id=6512, stack(0x0000000a5ff00000,0x0000000a60000000)]
  0x0000015d1546b800 JavaThread "Unconstrained build operations Thread 9" [_thread_blocked, id=8576, stack(0x0000000a60000000,0x0000000a60100000)]
  0x0000015d1546c000 JavaThread "Unconstrained build operations Thread 10" [_thread_blocked, id=16300, stack(0x0000000a60100000,0x0000000a60200000)]
  0x0000015d1546d000 JavaThread "Unconstrained build operations Thread 11" [_thread_blocked, id=6580, stack(0x0000000a60200000,0x0000000a60300000)]
  0x0000015d15468000 JavaThread "Unconstrained build operations Thread 12" [_thread_blocked, id=13540, stack(0x0000000a60300000,0x0000000a60400000)]
  0x0000015d1546e000 JavaThread "Unconstrained build operations Thread 13" [_thread_blocked, id=11628, stack(0x0000000a60400000,0x0000000a60500000)]
  0x0000015d1546a800 JavaThread "Unconstrained build operations Thread 14" [_thread_blocked, id=11976, stack(0x0000000a60500000,0x0000000a60600000)]
  0x0000015d1546e800 JavaThread "Unconstrained build operations Thread 15" [_thread_blocked, id=17192, stack(0x0000000a60600000,0x0000000a60700000)]
  0x0000015d15469000 JavaThread "Unconstrained build operations Thread 16" [_thread_blocked, id=13652, stack(0x0000000a60700000,0x0000000a60800000)]
  0x0000015d15472800 JavaThread "Unconstrained build operations Thread 17" [_thread_blocked, id=17172, stack(0x0000000a60800000,0x0000000a60900000)]
  0x0000015d15475000 JavaThread "Unconstrained build operations Thread 18" [_thread_blocked, id=9032, stack(0x0000000a60900000,0x0000000a60a00000)]
  0x0000015d15472000 JavaThread "Unconstrained build operations Thread 19" [_thread_blocked, id=13804, stack(0x0000000a60a00000,0x0000000a60b00000)]
  0x0000015d15470000 JavaThread "Unconstrained build operations Thread 20" [_thread_blocked, id=5508, stack(0x0000000a60b00000,0x0000000a60c00000)]
  0x0000015d15474800 JavaThread "Unconstrained build operations Thread 21" [_thread_blocked, id=15056, stack(0x0000000a60c00000,0x0000000a60d00000)]
  0x0000015d1546f800 JavaThread "Unconstrained build operations Thread 22" [_thread_blocked, id=13992, stack(0x0000000a60d00000,0x0000000a60e00000)]
  0x0000015d15471000 JavaThread "Unconstrained build operations Thread 23" [_thread_blocked, id=7528, stack(0x0000000a60e00000,0x0000000a60f00000)]
  0x0000015d15473800 JavaThread "Unconstrained build operations Thread 24" [_thread_blocked, id=2116, stack(0x0000000a60f00000,0x0000000a61000000)]
  0x0000015d15476000 JavaThread "Unconstrained build operations Thread 25" [_thread_blocked, id=15984, stack(0x0000000a61000000,0x0000000a61100000)]
  0x0000015d15477000 JavaThread "Unconstrained build operations Thread 26" [_thread_blocked, id=10216, stack(0x0000000a61100000,0x0000000a61200000)]
  0x0000015d1408c000 JavaThread "Unconstrained build operations Thread 27" [_thread_blocked, id=15460, stack(0x0000000a61200000,0x0000000a61300000)]
  0x0000015d1408d000 JavaThread "Unconstrained build operations Thread 28" [_thread_blocked, id=5504, stack(0x0000000a61300000,0x0000000a61400000)]
  0x0000015d1408b800 JavaThread "Unconstrained build operations Thread 29" [_thread_blocked, id=7984, stack(0x0000000a61400000,0x0000000a61500000)]
  0x0000015d1408e000 JavaThread "Unconstrained build operations Thread 30" [_thread_blocked, id=17264, stack(0x0000000a61500000,0x0000000a61600000)]
  0x0000015d1408e800 JavaThread "Unconstrained build operations Thread 31" [_thread_blocked, id=16212, stack(0x0000000a61600000,0x0000000a61700000)]
  0x0000015d1408f800 JavaThread "Unconstrained build operations Thread 32" [_thread_blocked, id=8912, stack(0x0000000a61700000,0x0000000a61800000)]
  0x0000015d14089800 JavaThread "Unconstrained build operations Thread 33" [_thread_blocked, id=8044, stack(0x0000000a61800000,0x0000000a61900000)]
  0x0000015d14090000 JavaThread "Unconstrained build operations Thread 34" [_thread_blocked, id=3256, stack(0x0000000a61900000,0x0000000a61a00000)]
  0x0000015d1408a800 JavaThread "Unconstrained build operations Thread 35" [_thread_blocked, id=8940, stack(0x0000000a61a00000,0x0000000a61b00000)]
  0x0000015d14092000 JavaThread "Unconstrained build operations Thread 36" [_thread_blocked, id=7408, stack(0x0000000a61b00000,0x0000000a61c00000)]
  0x0000015d14091000 JavaThread "Unconstrained build operations Thread 37" [_thread_blocked, id=1592, stack(0x0000000a61c00000,0x0000000a61d00000)]
  0x0000015d14092800 JavaThread "Unconstrained build operations Thread 38" [_thread_blocked, id=11916, stack(0x0000000a61d00000,0x0000000a61e00000)]
  0x0000015d14096000 JavaThread "Unconstrained build operations Thread 39" [_thread_blocked, id=5032, stack(0x0000000a61e00000,0x0000000a61f00000)]
  0x0000015d14094800 JavaThread "Unconstrained build operations Thread 40" [_thread_blocked, id=8348, stack(0x0000000a61f00000,0x0000000a62000000)]
  0x0000015d14097800 JavaThread "jar transforms Thread 4" [_thread_blocked, id=4912, stack(0x0000000a62000000,0x0000000a62100000)]
  0x0000015d14098800 JavaThread "Memory manager" [_thread_blocked, id=7196, stack(0x0000000a62100000,0x0000000a62200000)]
  0x0000015d14097000 JavaThread "build event listener" [_thread_blocked, id=15792, stack(0x0000000a62200000,0x0000000a62300000)]
  0x0000015d14093800 JavaThread "build event listener" [_thread_blocked, id=16976, stack(0x0000000a62300000,0x0000000a62400000)]
  0x0000015d18273800 JavaThread "pool-3-thread-1" [_thread_blocked, id=12000, stack(0x0000000a62400000,0x0000000a62500000)]
  0x0000015d18278800 JavaThread "build event listener" [_thread_blocked, id=11164, stack(0x0000000a62500000,0x0000000a62600000)]
  0x0000015d18275000 JavaThread "Execution worker for ':'" [_thread_blocked, id=8072, stack(0x0000000a62600000,0x0000000a62700000)]
  0x0000015d18277000 JavaThread "Execution worker for ':' Thread 2" [_thread_blocked, id=12284, stack(0x0000000a62700000,0x0000000a62800000)]
  0x0000015d18276000 JavaThread "Execution worker for ':' Thread 3" [_thread_blocked, id=6408, stack(0x0000000a62800000,0x0000000a62900000)]
  0x0000015d18277800 JavaThread "Cache worker for execution history cache (D:\Android\countriesApp\.gradle\7.2\executionHistory)" [_thread_blocked, id=1716, stack(0x0000000a62900000,0x0000000a62a00000)]
  0x0000015d18279000 JavaThread "WorkerExecutor Queue" [_thread_blocked, id=13732, stack(0x0000000a62a00000,0x0000000a62b00000)]

Other Threads:
=>0x0000015d7ef3a000 VMThread "VM Thread" [stack: 0x0000000a5cf00000,0x0000000a5d000000] [id=14848]
  0x0000015d7f977800 WatcherThread [stack: 0x0000000a5d900000,0x0000000a5da00000] [id=12852]
  0x0000015d74389800 GCTaskThread "GC Thread#0" [stack: 0x0000000a5ca00000,0x0000000a5cb00000] [id=11668]
  0x0000015d0f0f1800 GCTaskThread "GC Thread#1" [stack: 0x0000000a5db00000,0x0000000a5dc00000] [id=17180]
  0x0000015d0f1cc800 GCTaskThread "GC Thread#2" [stack: 0x0000000a5dc00000,0x0000000a5dd00000] [id=9752]
  0x0000015d10d60800 GCTaskThread "GC Thread#3" [stack: 0x0000000a5e700000,0x0000000a5e800000] [id=15732]
  0x0000015d743c1000 ConcurrentGCThread "G1 Main Marker" [stack: 0x0000000a5cb00000,0x0000000a5cc00000] [id=6324]
  0x0000015d743c2000 ConcurrentGCThread "G1 Conc#0" [stack: 0x0000000a5cc00000,0x0000000a5cd00000] [id=15124]
  0x0000015d7eda0800 ConcurrentGCThread "G1 Refine#0" [stack: 0x0000000a5cd00000,0x0000000a5ce00000] [id=3712]
  0x0000015d7eda1000 ConcurrentGCThread "G1 Young RemSet Sampling" [stack: 0x0000000a5ce00000,0x0000000a5cf00000] [id=4172]

Threads with active compile tasks:
C2 CompilerThread0  13629 10794       4       org.apache.xerces.dom.ParentNode::internalInsertBefore (651 bytes)
C1 CompilerThread0  13629 10827       2       com.android.ide.common.blame.SourceFile::equals (55 bytes)
C2 CompilerThread1  13629 10663       4       com.google.common.collect.LinkedListMultimap$DistinctKeyIterator::next (81 bytes)

VM state:at safepoint (normal execution)

VM Mutex/Monitor currently owned by a thread:  ([mutex/lock_event])
[0x0000015d7436f070] Threads_lock - owner thread: 0x0000015d7ef3a000
[0x0000015d7436e890] Heap_lock - owner thread: 0x0000015d18276000

Heap address: 0x0000000080000000, size: 2048 MB, Compressed Oops mode: 32-bit
Narrow klass base: 0x0000000000000000, Narrow klass shift: 3
Compressed class space size: 1073741824 Address: 0x0000000100000000

Heap:
 garbage-first heap   total 227328K, used 102257K [0x0000000080000000, 0x0000000100000000)
  region size 1024K, 9 young (9216K), 9 survivors (9216K)
 Metaspace       used 90595K, capacity 92708K, committed 92964K, reserved 1130496K
  class space    used 11560K, capacity 12369K, committed 12416K, reserved 1048576K
Heap Regions: E=young(eden), S=young(survivor), O=old, HS=humongous(starts), HC=humongous(continues), CS=collection set, F=free, A=archive, TAMS=top-at-mark-start (previous, next)
|   0|0x0000000080000000, 0x0000000080100000, 0x0000000080100000|100%| O|  |TAMS 0x0000000080100000, 0x0000000080000000| Untracked 
|   1|0x0000000080100000, 0x0000000080200000, 0x0000000080200000|100%| O|  |TAMS 0x0000000080200000, 0x0000000080100000| Untracked 
|   2|0x0000000080200000, 0x0000000080300000, 0x0000000080300000|100%| O|  |TAMS 0x0000000080300000, 0x0000000080200000| Untracked 
|   3|0x0000000080300000, 0x0000000080400000, 0x0000000080400000|100%|HS|  |TAMS 0x0000000080400000, 0x0000000080300000| Complete 
|   4|0x0000000080400000, 0x0000000080500000, 0x0000000080500000|100%|HC|  |TAMS 0x0000000080500000, 0x0000000080400000| Complete 
|   5|0x0000000080500000, 0x0000000080600000, 0x0000000080600000|100%|HC|  |TAMS 0x0000000080600000, 0x0000000080500000| Complete 
|   6|0x0000000080600000, 0x0000000080700000, 0x0000000080700000|100%| O|  |TAMS 0x0000000080700000, 0x0000000080600000| Untracked 
|   7|0x0000000080700000, 0x0000000080800000, 0x0000000080800000|100%| O|  |TAMS 0x0000000080800000, 0x0000000080700000| Untracked 
|   8|0x0000000080800000, 0x0000000080900000, 0x0000000080900000|100%| O|  |TAMS 0x0000000080900000, 0x0000000080800000| Untracked 
|   9|0x0000000080900000, 0x0000000080a00000, 0x0000000080a00000|100%| O|  |TAMS 0x0000000080a00000, 0x0000000080900000| Untracked 
|  10|0x0000000080a00000, 0x0000000080b00000, 0x0000000080b00000|100%| O|  |TAMS 0x0000000080b00000, 0x0000000080a00000| Untracked 
|  11|0x0000000080b00000, 0x0000000080c00000, 0x0000000080c00000|100%| O|  |TAMS 0x0000000080c00000, 0x0000000080b00000| Untracked 
|  12|0x0000000080c00000, 0x0000000080d00000, 0x0000000080d00000|100%| O|  |TAMS 0x0000000080d00000, 0x0000000080c00000| Untracked 
|  13|0x0000000080d00000, 0x0000000080e00000, 0x0000000080e00000|100%| O|  |TAMS 0x0000000080e00000, 0x0000000080d00000| Untracked 
|  14|0x0000000080e00000, 0x0000000080f00000, 0x0000000080f00000|100%| O|  |TAMS 0x0000000080f00000, 0x0000000080e00000| Untracked 
|  15|0x0000000080f00000, 0x0000000081000000, 0x0000000081000000|100%| O|  |TAMS 0x0000000081000000, 0x0000000080f00000| Untracked 
|  16|0x0000000081000000, 0x0000000081100000, 0x0000000081100000|100%|HS|  |TAMS 0x0000000081100000, 0x0000000081000000| Complete 
|  17|0x0000000081100000, 0x0000000081200000, 0x0000000081200000|100%| O|  |TAMS 0x0000000081200000, 0x0000000081100000| Untracked 
|  18|0x0000000081200000, 0x0000000081300000, 0x0000000081300000|100%| O|  |TAMS 0x0000000081300000, 0x0000000081200000| Untracked 
|  19|0x0000000081300000, 0x0000000081400000, 0x0000000081400000|100%| O|  |TAMS 0x0000000081400000, 0x0000000081300000| Untracked 
|  20|0x0000000081400000, 0x0000000081500000, 0x0000000081500000|100%| O|  |TAMS 0x0000000081500000, 0x0000000081400000| Untracked 
|  21|0x0000000081500000, 0x0000000081600000, 0x0000000081600000|100%| O|  |TAMS 0x0000000081600000, 0x0000000081500000| Untracked 
|  22|0x0000000081600000, 0x0000000081700000, 0x0000000081700000|100%| O|  |TAMS 0x0000000081700000, 0x0000000081600000| Untracked 
|  23|0x0000000081700000, 0x0000000081800000, 0x0000000081800000|100%|HS|  |TAMS 0x0000000081800000, 0x0000000081700000| Complete 
|  24|0x0000000081800000, 0x0000000081900000, 0x0000000081900000|100%|HS|  |TAMS 0x0000000081900000, 0x0000000081800000| Complete 
|  25|0x0000000081900000, 0x0000000081a00000, 0x0000000081a00000|100%|HS|  |TAMS 0x0000000081a00000, 0x0000000081900000| Complete 
|  26|0x0000000081a00000, 0x0000000081b00000, 0x0000000081b00000|100%|HS|  |TAMS 0x0000000081b00000, 0x0000000081a00000| Complete 
|  27|0x0000000081b00000, 0x0000000081c00000, 0x0000000081c00000|100%|HC|  |TAMS 0x0000000081c00000, 0x0000000081b00000| Complete 
|  28|0x0000000081c00000, 0x0000000081d00000, 0x0000000081d00000|100%|HC|  |TAMS 0x0000000081d00000, 0x0000000081c00000| Complete 
|  29|0x0000000081d00000, 0x0000000081e00000, 0x0000000081e00000|100%|HS|  |TAMS 0x0000000081e00000, 0x0000000081d00000| Complete 
|  30|0x0000000081e00000, 0x0000000081f00000, 0x0000000081f00000|100%|HC|  |TAMS 0x0000000081f00000, 0x0000000081e00000| Complete 
|  31|0x0000000081f00000, 0x0000000082000000, 0x0000000082000000|100%| O|  |TAMS 0x0000000082000000, 0x0000000081f00000| Untracked 
|  32|0x0000000082000000, 0x0000000082100000, 0x0000000082100000|100%| O|  |TAMS 0x0000000082100000, 0x0000000082000000| Untracked 
|  33|0x0000000082100000, 0x0000000082200000, 0x0000000082200000|100%| O|  |TAMS 0x0000000082200000, 0x0000000082100000| Untracked 
|  34|0x0000000082200000, 0x0000000082300000, 0x0000000082300000|100%| O|  |TAMS 0x0000000082300000, 0x0000000082200000| Untracked 
|  35|0x0000000082300000, 0x0000000082400000, 0x0000000082400000|100%| O|  |TAMS 0x0000000082400000, 0x0000000082300000| Untracked 
|  36|0x0000000082400000, 0x0000000082500000, 0x0000000082500000|100%| O|  |TAMS 0x0000000082500000, 0x0000000082400000| Untracked 
|  37|0x0000000082500000, 0x0000000082600000, 0x0000000082600000|100%| O|  |TAMS 0x0000000082600000, 0x0000000082500000| Untracked 
|  38|0x0000000082600000, 0x0000000082700000, 0x0000000082700000|100%| O|  |TAMS 0x0000000082700000, 0x0000000082600000| Untracked 
|  39|0x0000000082700000, 0x0000000082800000, 0x0000000082800000|100%| O|  |TAMS 0x0000000082800000, 0x0000000082700000| Untracked 
|  40|0x0000000082800000, 0x0000000082900000, 0x0000000082900000|100%| O|  |TAMS 0x0000000082900000, 0x0000000082800000| Untracked 
|  41|0x0000000082900000, 0x0000000082a00000, 0x0000000082a00000|100%| O|  |TAMS 0x0000000082a00000, 0x0000000082900000| Untracked 
|  42|0x0000000082a00000, 0x0000000082b00000, 0x0000000082b00000|100%| O|  |TAMS 0x0000000082b00000, 0x0000000082a00000| Untracked 
|  43|0x0000000082b00000, 0x0000000082c00000, 0x0000000082c00000|100%| O|  |TAMS 0x0000000082c00000, 0x0000000082b00000| Untracked 
|  44|0x0000000082c00000, 0x0000000082d00000, 0x0000000082d00000|100%| O|  |TAMS 0x0000000082d00000, 0x0000000082c00000| Untracked 
|  45|0x0000000082d00000, 0x0000000082e00000, 0x0000000082e00000|100%| O|  |TAMS 0x0000000082e00000, 0x0000000082d00000| Untracked 
|  46|0x0000000082e00000, 0x0000000082f00000, 0x0000000082f00000|100%| O|  |TAMS 0x0000000082f00000, 0x0000000082e00000| Untracked 
|  47|0x0000000082f00000, 0x0000000083000000, 0x0000000083000000|100%| O|  |TAMS 0x0000000083000000, 0x0000000082f00000| Untracked 
|  48|0x0000000083000000, 0x0000000083100000, 0x0000000083100000|100%| O|  |TAMS 0x0000000083071400, 0x0000000083000000| Untracked 
|  49|0x0000000083100000, 0x0000000083200000, 0x0000000083200000|100%| O|  |TAMS 0x0000000083100000, 0x0000000083100000| Untracked 
|  50|0x0000000083200000, 0x0000000083300000, 0x0000000083300000|100%| O|  |TAMS 0x0000000083200000, 0x0000000083200000| Untracked 
|  51|0x0000000083300000, 0x0000000083400000, 0x0000000083400000|100%| O|  |TAMS 0x0000000083300000, 0x0000000083300000| Untracked 
|  52|0x0000000083400000, 0x0000000083500000, 0x0000000083500000|100%| O|  |TAMS 0x0000000083400000, 0x0000000083400000| Untracked 
|  53|0x0000000083500000, 0x0000000083600000, 0x0000000083600000|100%| O|  |TAMS 0x0000000083500000, 0x0000000083500000| Untracked 
|  54|0x0000000083600000, 0x0000000083700000, 0x0000000083700000|100%| O|  |TAMS 0x0000000083600000, 0x0000000083600000| Untracked 
|  55|0x0000000083700000, 0x0000000083800000, 0x0000000083800000|100%| O|  |TAMS 0x0000000083700000, 0x0000000083700000| Untracked 
|  56|0x0000000083800000, 0x0000000083900000, 0x0000000083900000|100%| O|  |TAMS 0x0000000083800000, 0x0000000083800000| Untracked 
|  57|0x0000000083900000, 0x0000000083a00000, 0x0000000083a00000|100%| O|  |TAMS 0x0000000083900000, 0x0000000083900000| Untracked 
|  58|0x0000000083a00000, 0x0000000083b00000, 0x0000000083b00000|100%| O|  |TAMS 0x0000000083a00000, 0x0000000083a00000| Untracked 
|  59|0x0000000083b00000, 0x0000000083c00000, 0x0000000083c00000|100%| O|  |TAMS 0x0000000083b00000, 0x0000000083b00000| Untracked 
|  60|0x0000000083c00000, 0x0000000083d00000, 0x0000000083d00000|100%| O|  |TAMS 0x0000000083c00000, 0x0000000083c00000| Untracked 
|  61|0x0000000083d00000, 0x0000000083e00000, 0x0000000083e00000|100%| O|  |TAMS 0x0000000083d00000, 0x0000000083d00000| Untracked 
|  62|0x0000000083e00000, 0x0000000083f00000, 0x0000000083f00000|100%| O|  |TAMS 0x0000000083e00000, 0x0000000083e00000| Untracked 
|  63|0x0000000083f00000, 0x0000000084000000, 0x0000000084000000|100%| O|  |TAMS 0x0000000083f00000, 0x0000000083f00000| Untracked 
|  64|0x0000000084000000, 0x0000000084100000, 0x0000000084100000|100%| O|  |TAMS 0x0000000084000000, 0x0000000084000000| Untracked 
|  65|0x0000000084100000, 0x0000000084200000, 0x0000000084200000|100%| O|  |TAMS 0x0000000084100000, 0x0000000084100000| Untracked 
|  66|0x0000000084200000, 0x0000000084300000, 0x0000000084300000|100%| O|  |TAMS 0x0000000084200000, 0x0000000084200000| Untracked 
|  67|0x0000000084300000, 0x0000000084400000, 0x0000000084400000|100%| O|  |TAMS 0x0000000084300000, 0x0000000084300000| Untracked 
|  68|0x0000000084400000, 0x0000000084500000, 0x0000000084500000|100%| O|  |TAMS 0x0000000084400000, 0x0000000084400000| Untracked 
|  69|0x0000000084500000, 0x0000000084600000, 0x0000000084600000|100%| O|  |TAMS 0x0000000084500000, 0x0000000084500000| Untracked 
|  70|0x0000000084600000, 0x0000000084700000, 0x0000000084700000|100%| O|  |TAMS 0x0000000084600000, 0x0000000084600000| Untracked 
|  71|0x0000000084700000, 0x0000000084800000, 0x0000000084800000|100%| O|  |TAMS 0x0000000084700000, 0x0000000084700000| Untracked 
|  72|0x0000000084800000, 0x0000000084900000, 0x0000000084900000|100%| O|  |TAMS 0x0000000084800000, 0x0000000084800000| Untracked 
|  73|0x0000000084900000, 0x0000000084a00000, 0x0000000084a00000|100%| O|  |TAMS 0x0000000084900000, 0x0000000084900000| Untracked 
|  74|0x0000000084a00000, 0x0000000084b00000, 0x0000000084b00000|100%| O|  |TAMS 0x0000000084a00000, 0x0000000084a00000| Untracked 
|  75|0x0000000084b00000, 0x0000000084b00000, 0x0000000084c00000|  0%| F|  |TAMS 0x0000000084b00000, 0x0000000084b00000| Untracked 
|  76|0x0000000084c00000, 0x0000000084c00000, 0x0000000084d00000|  0%| F|  |TAMS 0x0000000084c00000, 0x0000000084c00000| Untracked 
|  77|0x0000000084d00000, 0x0000000084e00000, 0x0000000084e00000|100%|HS|  |TAMS 0x0000000084d00000, 0x0000000084d00000| Complete 
|  78|0x0000000084e00000, 0x0000000084f00000, 0x0000000084f00000|100%| O|  |TAMS 0x0000000084e00000, 0x0000000084e00000| Untracked 
|  79|0x0000000084f00000, 0x0000000085000000, 0x0000000085000000|100%| O|  |TAMS 0x0000000084f00000, 0x0000000084f00000| Untracked 
|  80|0x0000000085000000, 0x0000000085100000, 0x0000000085100000|100%| O|  |TAMS 0x0000000085000000, 0x0000000085000000| Untracked 
|  81|0x0000000085100000, 0x0000000085200000, 0x0000000085200000|100%| O|  |TAMS 0x0000000085100000, 0x0000000085100000| Untracked 
|  82|0x0000000085200000, 0x0000000085300000, 0x0000000085300000|100%| O|  |TAMS 0x0000000085200000, 0x0000000085200000| Untracked 
|  83|0x0000000085300000, 0x0000000085400000, 0x0000000085400000|100%| O|  |TAMS 0x0000000085300000, 0x0000000085300000| Untracked 
|  84|0x0000000085400000, 0x0000000085500000, 0x0000000085500000|100%| O|  |TAMS 0x0000000085400000, 0x0000000085400000| Untracked 
|  85|0x0000000085500000, 0x0000000085600000, 0x0000000085600000|100%| O|  |TAMS 0x0000000085500000, 0x0000000085500000| Untracked 
|  86|0x0000000085600000, 0x0000000085700000, 0x0000000085700000|100%| O|  |TAMS 0x0000000085600000, 0x0000000085600000| Untracked 
|  87|0x0000000085700000, 0x0000000085800000, 0x0000000085800000|100%| O|  |TAMS 0x0000000085700000, 0x0000000085700000| Untracked 
|  88|0x0000000085800000, 0x0000000085900000, 0x0000000085900000|100%| O|  |TAMS 0x0000000085800000, 0x0000000085800000| Untracked 
|  89|0x0000000085900000, 0x0000000085a00000, 0x0000000085a00000|100%| O|  |TAMS 0x0000000085900000, 0x0000000085900000| Untracked 
|  90|0x0000000085a00000, 0x0000000085b00000, 0x0000000085b00000|100%| O|  |TAMS 0x0000000085a00000, 0x0000000085a00000| Untracked 
|  91|0x0000000085b00000, 0x0000000085c00000, 0x0000000085c00000|100%| O|  |TAMS 0x0000000085b00000, 0x0000000085b00000| Untracked 
|  92|0x0000000085c00000, 0x0000000085cdc600, 0x0000000085d00000| 86%| O|  |TAMS 0x0000000085c00000, 0x0000000085c00000| Untracked 
|  93|0x0000000085d00000, 0x0000000085d00000, 0x0000000085e00000|  0%| F|  |TAMS 0x0000000085d00000, 0x0000000085d00000| Untracked 
|  94|0x0000000085e00000, 0x0000000085e00000, 0x0000000085f00000|  0%| F|  |TAMS 0x0000000085e00000, 0x0000000085e00000| Untracked 
|  95|0x0000000085f00000, 0x0000000085f00000, 0x0000000086000000|  0%| F|  |TAMS 0x0000000085f00000, 0x0000000085f00000| Untracked 
|  96|0x0000000086000000, 0x0000000086000000, 0x0000000086100000|  0%| F|  |TAMS 0x0000000086000000, 0x0000000086000000| Untracked 
|  97|0x0000000086100000, 0x0000000086100000, 0x0000000086200000|  0%| F|  |TAMS 0x0000000086100000, 0x0000000086100000| Untracked 
|  98|0x0000000086200000, 0x0000000086200000, 0x0000000086300000|  0%| F|  |TAMS 0x0000000086200000, 0x0000000086200000| Untracked 
|  99|0x0000000086300000, 0x0000000086300000, 0x0000000086400000|  0%| F|  |TAMS 0x0000000086300000, 0x0000000086300000| Untracked 
| 100|0x0000000086400000, 0x0000000086400000, 0x0000000086500000|  0%| F|  |TAMS 0x0000000086400000, 0x0000000086400000| Untracked 
| 101|0x0000000086500000, 0x0000000086500000, 0x0000000086600000|  0%| F|  |TAMS 0x0000000086500000, 0x0000000086500000| Untracked 
| 102|0x0000000086600000, 0x0000000086600000, 0x0000000086700000|  0%| F|  |TAMS 0x0000000086600000, 0x0000000086600000| Untracked 
| 103|0x0000000086700000, 0x0000000086700000, 0x0000000086800000|  0%| F|  |TAMS 0x0000000086700000, 0x0000000086700000| Untracked 
| 104|0x0000000086800000, 0x0000000086800000, 0x0000000086900000|  0%| F|  |TAMS 0x0000000086800000, 0x0000000086800000| Untracked 
| 105|0x0000000086900000, 0x0000000086900000, 0x0000000086a00000|  0%| F|  |TAMS 0x0000000086900000, 0x0000000086900000| Untracked 
| 106|0x0000000086a00000, 0x0000000086b00000, 0x0000000086b00000|100%| S|CS|TAMS 0x0000000086a00000, 0x0000000086a00000| Complete 
| 107|0x0000000086b00000, 0x0000000086c00000, 0x0000000086c00000|100%| S|CS|TAMS 0x0000000086b00000, 0x0000000086b00000| Complete 
| 108|0x0000000086c00000, 0x0000000086d00000, 0x0000000086d00000|100%| S|CS|TAMS 0x0000000086c00000, 0x0000000086c00000| Complete 
| 109|0x0000000086d00000, 0x0000000086d00000, 0x0000000086e00000|  0%| F|  |TAMS 0x0000000086d00000, 0x0000000086d00000| Untracked 
| 110|0x0000000086e00000, 0x0000000086e00000, 0x0000000086f00000|  0%| F|  |TAMS 0x0000000086e00000, 0x0000000086e00000| Untracked 
| 111|0x0000000086f00000, 0x0000000086f00000, 0x0000000087000000|  0%| F|  |TAMS 0x0000000086f00000, 0x0000000086f00000| Untracked 
| 112|0x0000000087000000, 0x0000000087000000, 0x0000000087100000|  0%| F|  |TAMS 0x0000000087000000, 0x0000000087000000| Untracked 
| 113|0x0000000087100000, 0x0000000087100000, 0x0000000087200000|  0%| F|  |TAMS 0x0000000087100000, 0x0000000087100000| Untracked 
| 114|0x0000000087200000, 0x0000000087200000, 0x0000000087300000|  0%| F|  |TAMS 0x0000000087200000, 0x0000000087200000| Untracked 
| 115|0x0000000087300000, 0x0000000087300000, 0x0000000087400000|  0%| F|  |TAMS 0x0000000087300000, 0x0000000087300000| Untracked 
| 116|0x0000000087400000, 0x0000000087400000, 0x0000000087500000|  0%| F|  |TAMS 0x0000000087400000, 0x0000000087400000| Untracked 
| 117|0x0000000087500000, 0x0000000087500000, 0x0000000087600000|  0%| F|  |TAMS 0x0000000087500000, 0x0000000087500000| Untracked 
| 118|0x0000000087600000, 0x0000000087700000, 0x0000000087700000|100%| S|CS|TAMS 0x0000000087600000, 0x0000000087600000| Complete 
| 119|0x0000000087700000, 0x0000000087800000, 0x0000000087800000|100%| S|CS|TAMS 0x0000000087700000, 0x0000000087700000| Complete 
| 120|0x0000000087800000, 0x0000000087900000, 0x0000000087900000|100%| S|CS|TAMS 0x0000000087800000, 0x0000000087800000| Complete 
| 121|0x0000000087900000, 0x0000000087a00000, 0x0000000087a00000|100%| S|CS|TAMS 0x0000000087900000, 0x0000000087900000| Complete 
| 122|0x0000000087a00000, 0x0000000087b00000, 0x0000000087b00000|100%| S|CS|TAMS 0x0000000087a00000, 0x0000000087a00000| Complete 
| 123|0x0000000087b00000, 0x0000000087c00000, 0x0000000087c00000|100%| S|CS|TAMS 0x0000000087b00000, 0x0000000087b00000| Complete 
| 124|0x0000000087c00000, 0x0000000087c00000, 0x0000000087d00000|  0%| F|  |TAMS 0x0000000087c00000, 0x0000000087c00000| Untracked 
| 125|0x0000000087d00000, 0x0000000087d00000, 0x0000000087e00000|  0%| F|  |TAMS 0x0000000087d00000, 0x0000000087d00000| Untracked 
| 126|0x0000000087e00000, 0x0000000087e00000, 0x0000000087f00000|  0%| F|  |TAMS 0x0000000087e00000, 0x0000000087e00000| Untracked 
| 127|0x0000000087f00000, 0x0000000087f00000, 0x0000000088000000|  0%| F|  |TAMS 0x0000000087f00000, 0x0000000087f00000| Untracked 
| 128|0x0000000088000000, 0x0000000088000000, 0x0000000088100000|  0%| F|  |TAMS 0x0000000088000000, 0x0000000088000000| Untracked 
| 129|0x0000000088100000, 0x0000000088100000, 0x0000000088200000|  0%| F|  |TAMS 0x0000000088100000, 0x0000000088100000| Untracked 
| 130|0x0000000088200000, 0x0000000088200000, 0x0000000088300000|  0%| F|  |TAMS 0x0000000088200000, 0x0000000088200000| Untracked 
| 131|0x0000000088300000, 0x0000000088300000, 0x0000000088400000|  0%| F|  |TAMS 0x0000000088300000, 0x0000000088300000| Untracked 
| 132|0x0000000088400000, 0x0000000088400000, 0x0000000088500000|  0%| F|  |TAMS 0x0000000088400000, 0x0000000088400000| Untracked 
| 133|0x0000000088500000, 0x0000000088500000, 0x0000000088600000|  0%| F|  |TAMS 0x0000000088500000, 0x0000000088500000| Untracked 
| 134|0x0000000088600000, 0x0000000088600000, 0x0000000088700000|  0%| F|  |TAMS 0x0000000088600000, 0x0000000088600000| Untracked 
| 135|0x0000000088700000, 0x0000000088700000, 0x0000000088800000|  0%| F|  |TAMS 0x0000000088700000, 0x0000000088700000| Untracked 
| 136|0x0000000088800000, 0x0000000088800000, 0x0000000088900000|  0%| F|  |TAMS 0x0000000088800000, 0x0000000088800000| Untracked 
| 137|0x0000000088900000, 0x0000000088900000, 0x0000000088a00000|  0%| F|  |TAMS 0x0000000088900000, 0x0000000088900000| Untracked 
| 138|0x0000000088a00000, 0x0000000088a00000, 0x0000000088b00000|  0%| F|  |TAMS 0x0000000088a00000, 0x0000000088a00000| Untracked 
| 139|0x0000000088b00000, 0x0000000088b00000, 0x0000000088c00000|  0%| F|  |TAMS 0x0000000088b00000, 0x0000000088b00000| Untracked 
| 140|0x0000000088c00000, 0x0000000088c00000, 0x0000000088d00000|  0%| F|  |TAMS 0x0000000088c00000, 0x0000000088c00000| Untracked 
| 141|0x0000000088d00000, 0x0000000088d00000, 0x0000000088e00000|  0%| F|  |TAMS 0x0000000088d00000, 0x0000000088d00000| Untracked 
| 142|0x0000000088e00000, 0x0000000088e00000, 0x0000000088f00000|  0%| F|  |TAMS 0x0000000088e00000, 0x0000000088e00000| Untracked 
| 143|0x0000000088f00000, 0x0000000088f00000, 0x0000000089000000|  0%| F|  |TAMS 0x0000000088f00000, 0x0000000088f00000| Untracked 
| 144|0x0000000089000000, 0x0000000089000000, 0x0000000089100000|  0%| F|  |TAMS 0x0000000089000000, 0x0000000089000000| Untracked 
| 145|0x0000000089100000, 0x0000000089100000, 0x0000000089200000|  0%| F|  |TAMS 0x0000000089100000, 0x0000000089100000| Untracked 
| 146|0x0000000089200000, 0x0000000089200000, 0x0000000089300000|  0%| F|  |TAMS 0x0000000089200000, 0x0000000089200000| Untracked 
| 147|0x0000000089300000, 0x0000000089300000, 0x0000000089400000|  0%| F|  |TAMS 0x0000000089300000, 0x0000000089300000| Untracked 
| 148|0x0000000089400000, 0x0000000089400000, 0x0000000089500000|  0%| F|  |TAMS 0x0000000089400000, 0x0000000089400000| Untracked 
| 149|0x0000000089500000, 0x0000000089500000, 0x0000000089600000|  0%| F|  |TAMS 0x0000000089500000, 0x0000000089500000| Untracked 
| 150|0x0000000089600000, 0x0000000089600000, 0x0000000089700000|  0%| F|  |TAMS 0x0000000089600000, 0x0000000089600000| Untracked 
| 151|0x0000000089700000, 0x0000000089700000, 0x0000000089800000|  0%| F|  |TAMS 0x0000000089700000, 0x0000000089700000| Untracked 
| 152|0x0000000089800000, 0x0000000089800000, 0x0000000089900000|  0%| F|  |TAMS 0x0000000089800000, 0x0000000089800000| Untracked 
| 153|0x0000000089900000, 0x0000000089900000, 0x0000000089a00000|  0%| F|  |TAMS 0x0000000089900000, 0x0000000089900000| Untracked 
| 154|0x0000000089a00000, 0x0000000089a00000, 0x0000000089b00000|  0%| F|  |TAMS 0x0000000089a00000, 0x0000000089a00000| Untracked 
| 155|0x0000000089b00000, 0x0000000089b00000, 0x0000000089c00000|  0%| F|  |TAMS 0x0000000089b00000, 0x0000000089b00000| Untracked 
| 156|0x0000000089c00000, 0x0000000089c00000, 0x0000000089d00000|  0%| F|  |TAMS 0x0000000089c00000, 0x0000000089c00000| Untracked 
| 157|0x0000000089d00000, 0x0000000089d00000, 0x0000000089e00000|  0%| F|  |TAMS 0x0000000089d00000, 0x0000000089d00000| Untracked 
| 158|0x0000000089e00000, 0x0000000089e00000, 0x0000000089f00000|  0%| F|  |TAMS 0x0000000089e00000, 0x0000000089e00000| Untracked 
| 159|0x0000000089f00000, 0x0000000089f00000, 0x000000008a000000|  0%| F|  |TAMS 0x0000000089f00000, 0x0000000089f00000| Untracked 
| 160|0x000000008a000000, 0x000000008a000000, 0x000000008a100000|  0%| F|  |TAMS 0x000000008a000000, 0x000000008a000000| Untracked 
| 161|0x000000008a100000, 0x000000008a100000, 0x000000008a200000|  0%| F|  |TAMS 0x000000008a100000, 0x000000008a100000| Untracked 
| 162|0x000000008a200000, 0x000000008a200000, 0x000000008a300000|  0%| F|  |TAMS 0x000000008a200000, 0x000000008a200000| Untracked 
| 163|0x000000008a300000, 0x000000008a300000, 0x000000008a400000|  0%| F|  |TAMS 0x000000008a300000, 0x000000008a300000| Untracked 
| 164|0x000000008a400000, 0x000000008a400000, 0x000000008a500000|  0%| F|  |TAMS 0x000000008a400000, 0x000000008a400000| Untracked 
| 165|0x000000008a500000, 0x000000008a500000, 0x000000008a600000|  0%| F|  |TAMS 0x000000008a500000, 0x000000008a500000| Untracked 
| 166|0x000000008a600000, 0x000000008a600000, 0x000000008a700000|  0%| F|  |TAMS 0x000000008a600000, 0x000000008a600000| Untracked 
| 167|0x000000008a700000, 0x000000008a700000, 0x000000008a800000|  0%| F|  |TAMS 0x000000008a700000, 0x000000008a700000| Untracked 
| 168|0x000000008a800000, 0x000000008a800000, 0x000000008a900000|  0%| F|  |TAMS 0x000000008a800000, 0x000000008a800000| Untracked 
| 169|0x000000008a900000, 0x000000008a900000, 0x000000008aa00000|  0%| F|  |TAMS 0x000000008a900000, 0x000000008a900000| Untracked 
| 170|0x000000008aa00000, 0x000000008aa00000, 0x000000008ab00000|  0%| F|  |TAMS 0x000000008aa00000, 0x000000008aa00000| Untracked 
| 171|0x000000008ab00000, 0x000000008ab00000, 0x000000008ac00000|  0%| F|  |TAMS 0x000000008ab00000, 0x000000008ab00000| Untracked 
| 172|0x000000008ac00000, 0x000000008ac00000, 0x000000008ad00000|  0%| F|  |TAMS 0x000000008ac00000, 0x000000008ac00000| Untracked 
| 173|0x000000008ad00000, 0x000000008ad00000, 0x000000008ae00000|  0%| F|  |TAMS 0x000000008ad00000, 0x000000008ad00000| Untracked 
| 174|0x000000008ae00000, 0x000000008ae00000, 0x000000008af00000|  0%| F|  |TAMS 0x000000008ae00000, 0x000000008ae00000| Untracked 
| 175|0x000000008af00000, 0x000000008af00000, 0x000000008b000000|  0%| F|  |TAMS 0x000000008af00000, 0x000000008af00000| Untracked 
| 176|0x000000008b000000, 0x000000008b000000, 0x000000008b100000|  0%| F|  |TAMS 0x000000008b000000, 0x000000008b000000| Untracked 
| 177|0x000000008b100000, 0x000000008b100000, 0x000000008b200000|  0%| F|  |TAMS 0x000000008b100000, 0x000000008b100000| Untracked 
| 178|0x000000008b200000, 0x000000008b200000, 0x000000008b300000|  0%| F|  |TAMS 0x000000008b200000, 0x000000008b200000| Untracked 
| 179|0x000000008b300000, 0x000000008b300000, 0x000000008b400000|  0%| F|  |TAMS 0x000000008b300000, 0x000000008b300000| Untracked 
| 180|0x000000008b400000, 0x000000008b400000, 0x000000008b500000|  0%| F|  |TAMS 0x000000008b400000, 0x000000008b400000| Untracked 
| 181|0x000000008b500000, 0x000000008b500000, 0x000000008b600000|  0%| F|  |TAMS 0x000000008b500000, 0x000000008b500000| Untracked 
| 182|0x000000008b600000, 0x000000008b600000, 0x000000008b700000|  0%| F|  |TAMS 0x000000008b600000, 0x000000008b600000| Untracked 
| 183|0x000000008b700000, 0x000000008b700000, 0x000000008b800000|  0%| F|  |TAMS 0x000000008b700000, 0x000000008b700000| Untracked 
| 184|0x000000008b800000, 0x000000008b800000, 0x000000008b900000|  0%| F|  |TAMS 0x000000008b800000, 0x000000008b800000| Untracked 

Card table byte_map: [0x0000015d78270000,0x0000015d78670000] _byte_map_base: 0x0000015d77e70000

Marking Bits (Prev, Next): (CMBitMap*) 0x0000015d743b80e8, (CMBitMap*) 0x0000015d743b8120
 Prev Bits: [0x0000015d78a70000, 0x0000015d7aa70000)
 Next Bits: [0x0000015d7aa70000, 0x0000015d7ca70000)

Polling page: 0x0000015d722c0000

Metaspace:

Usage:
  Non-class:     78.46 MB capacity,    77.18 MB ( 98%) used,     1.03 MB (  1%) free+waste,   252.69 KB ( <1%) overhead. 
      Class:     12.08 MB capacity,    11.29 MB ( 93%) used,   693.70 KB (  6%) free+waste,   114.44 KB ( <1%) overhead. 
       Both:     90.54 MB capacity,    88.47 MB ( 98%) used,     1.70 MB (  2%) free+waste,   367.13 KB ( <1%) overhead. 

Virtual space:
  Non-class space:       80.00 MB reserved,      78.66 MB ( 98%) committed 
      Class space:        1.00 GB reserved,      12.13 MB (  1%) committed 
             Both:        1.08 GB reserved,      90.79 MB (  8%) committed 

Chunk freelists:
   Non-Class:  17.00 KB
       Class:  15.00 KB
        Both:  32.00 KB

MaxMetaspaceSize: 17179869184.00 GB
CompressedClassSpaceSize: 1.00 GB

CodeHeap 'non-profiled nmethods': size=120064Kb used=5971Kb max_used=5971Kb free=114092Kb
 bounds [0x0000015d07ac0000, 0x0000015d080a0000, 0x0000015d0f000000]
CodeHeap 'profiled nmethods': size=120000Kb used=22662Kb max_used=22662Kb free=97337Kb
 bounds [0x0000015d00590000, 0x0000015d01bc0000, 0x0000015d07ac0000]
CodeHeap 'non-nmethods': size=5696Kb used=2283Kb max_used=2334Kb free=3412Kb
 bounds [0x0000015d00000000, 0x0000015d00270000, 0x0000015d00590000]
 total_blobs=11616 nmethods=10731 adapters=796
 compilation: enabled
              stopped_count=0, restarted_count=0
 full_count=0

Compilation events (20 events):
Event: 13.565 Thread 0x0000015d7f7ad800 nmethod 10815 0x0000015d01ba7f90 code [0x0000015d01ba81c0, 0x0000015d01ba8798]
Event: 13.565 Thread 0x0000015d7f7ad800 10820       2       com.google.common.base.CharMatcher::countIn (39 bytes)
Event: 13.565 Thread 0x0000015d7f7ad800 nmethod 10820 0x0000015d01ba8c10 code [0x0000015d01ba8de0, 0x0000015d01ba8fe8]
Event: 13.565 Thread 0x0000015d7f7ad800 10817       2       com.android.utils.XmlUtils::toXmlTextValue (65 bytes)
Event: 13.565 Thread 0x0000015d7f7ad800 nmethod 10817 0x0000015d01ba9110 code [0x0000015d01ba9340, 0x0000015d01ba98f8]
Event: 13.565 Thread 0x0000015d7f7ad800 10814       2       org.apache.xerces.dom.AttrImpl::getNodeValue (5 bytes)
Event: 13.566 Thread 0x0000015d7f7ad800 nmethod 10814 0x0000015d01ba9d90 code [0x0000015d01ba9f40, 0x0000015d01baa048]
Event: 13.566 Thread 0x0000015d7f7ad800 10819       2       com.android.ide.common.blame.SourcePosition::<init> (38 bytes)
Event: 13.566 Thread 0x0000015d7f7ad800 nmethod 10819 0x0000015d01baa110 code [0x0000015d01baa2c0, 0x0000015d01baa3d8]
Event: 13.566 Thread 0x0000015d7f7ad800 10818       2       com.android.ide.common.blame.SourceFile::getSourcePath (43 bytes)
Event: 13.566 Thread 0x0000015d7f7ad800 nmethod 10818 0x0000015d01baa490 code [0x0000015d01baa680, 0x0000015d01baa948]
Event: 13.566 Thread 0x0000015d7f7ad800 10823       2       org.apache.xerces.dom.CharacterDataImpl::getNodeValue (16 bytes)
Event: 13.566 Thread 0x0000015d7f7ad800 nmethod 10823 0x0000015d01baaa90 code [0x0000015d01baac40, 0x0000015d01baad88]
Event: 13.566 Thread 0x0000015d7f7ad800 10822       2       com.android.ide.common.blame.SourceFilePosition::equals (55 bytes)
Event: 13.566 Thread 0x0000015d7f7ad800 nmethod 10822 0x0000015d01baae10 code [0x0000015d01baafe0, 0x0000015d01bab298]
Event: 13.566 Thread 0x0000015d7f7ad800 10821       2       com.android.utils.PositionXmlParser::getPositionHelper (854 bytes)
Event: 13.570 Thread 0x0000015d7f7ad800 nmethod 10821 0x0000015d01bab410 code [0x0000015d01bab9a0, 0x0000015d01bae1d8]
Event: 13.570 Thread 0x0000015d7f7ad800 10828 %     3       com.android.utils.XmlUtils::toXmlAttributeValue @ 7 (89 bytes)
Event: 13.571 Thread 0x0000015d7f7ad800 nmethod 10828% 0x0000015d01bb0010 code [0x0000015d01bb0300, 0x0000015d01bb1438]
Event: 13.571 Thread 0x0000015d7f7ad800 10827       2       com.android.ide.common.blame.SourceFile::equals (55 bytes)

GC Heap History (20 events):
Event: 5.152 GC heap after
{Heap after GC invocations=10 (full 0):
 garbage-first heap   total 157696K, used 27805K [0x0000000080000000, 0x0000000100000000)
  region size 1024K, 9 young (9216K), 9 survivors (9216K)
 Metaspace       used 40363K, capacity 41229K, committed 41472K, reserved 1085440K
  class space    used 5175K, capacity 5538K, committed 5632K, reserved 1048576K
}
Event: 6.017 GC heap before
{Heap before GC invocations=10 (full 0):
 garbage-first heap   total 157696K, used 105629K [0x0000000080000000, 0x0000000100000000)
  region size 1024K, 85 young (87040K), 9 survivors (9216K)
 Metaspace       used 46974K, capacity 48090K, committed 48256K, reserved 1091584K
  class space    used 6025K, capacity 6474K, committed 6528K, reserved 1048576K
}
Event: 6.027 GC heap after
{Heap after GC invocations=11 (full 0):
 garbage-first heap   total 157696K, used 31240K [0x0000000080000000, 0x0000000100000000)
  region size 1024K, 9 young (9216K), 9 survivors (9216K)
 Metaspace       used 46974K, capacity 48090K, committed 48256K, reserved 1091584K
  class space    used 6025K, capacity 6474K, committed 6528K, reserved 1048576K
}
Event: 7.000 GC heap before
{Heap before GC invocations=11 (full 0):
 garbage-first heap   total 157696K, used 124424K [0x0000000080000000, 0x0000000100000000)
  region size 1024K, 92 young (94208K), 9 survivors (9216K)
 Metaspace       used 53084K, capacity 54447K, committed 54656K, reserved 1097728K
  class space    used 6743K, capacity 7273K, committed 7296K, reserved 1048576K
}
Event: 7.011 GC heap after
{Heap after GC invocations=12 (full 0):
 garbage-first heap   total 157696K, used 49152K [0x0000000080000000, 0x0000000100000000)
  region size 1024K, 12 young (12288K), 12 survivors (12288K)
 Metaspace       used 53084K, capacity 54447K, committed 54656K, reserved 1097728K
  class space    used 6743K, capacity 7273K, committed 7296K, reserved 1048576K
}
Event: 7.473 GC heap before
{Heap before GC invocations=12 (full 0):
 garbage-first heap   total 157696K, used 87040K [0x0000000080000000, 0x0000000100000000)
  region size 1024K, 50 young (51200K), 12 survivors (12288K)
 Metaspace       used 58773K, capacity 60117K, committed 60288K, reserved 1101824K
  class space    used 7413K, capacity 7943K, committed 8064K, reserved 1048576K
}
Event: 7.487 GC heap after
{Heap after GC invocations=13 (full 0):
 garbage-first heap   total 157696K, used 52165K [0x0000000080000000, 0x0000000100000000)
  region size 1024K, 3 young (3072K), 3 survivors (3072K)
 Metaspace       used 58773K, capacity 60117K, committed 60288K, reserved 1101824K
  class space    used 7413K, capacity 7943K, committed 8064K, reserved 1048576K
}
Event: 8.181 GC heap before
{Heap before GC invocations=14 (full 0):
 garbage-first heap   total 157696K, used 107461K [0x0000000080000000, 0x0000000100000000)
  region size 1024K, 58 young (59392K), 3 survivors (3072K)
 Metaspace       used 64696K, capacity 66187K, committed 66340K, reserved 1107968K
  class space    used 8154K, capacity 8744K, committed 8832K, reserved 1048576K
}
Event: 8.191 GC heap after
{Heap after GC invocations=15 (full 0):
 garbage-first heap   total 189440K, used 56110K [0x0000000080000000, 0x0000000100000000)
  region size 1024K, 7 young (7168K), 7 survivors (7168K)
 Metaspace       used 64696K, capacity 66187K, committed 66340K, reserved 1107968K
  class space    used 8154K, capacity 8744K, committed 8832K, reserved 1048576K
}
Event: 8.841 GC heap before
{Heap before GC invocations=16 (full 0):
 garbage-first heap   total 189440K, used 127790K [0x0000000080000000, 0x0000000100000000)
  region size 1024K, 76 young (77824K), 7 survivors (7168K)
 Metaspace       used 68027K, capacity 69587K, committed 69796K, reserved 1110016K
  class space    used 8574K, capacity 9164K, committed 9216K, reserved 1048576K
}
Event: 8.850 GC heap after
{Heap after GC invocations=17 (full 0):
 garbage-first heap   total 189440K, used 61240K [0x0000000080000000, 0x0000000100000000)
  region size 1024K, 10 young (10240K), 10 survivors (10240K)
 Metaspace       used 68027K, capacity 69587K, committed 69796K, reserved 1110016K
  class space    used 8574K, capacity 9164K, committed 9216K, reserved 1048576K
}
Event: 9.691 GC heap before
{Heap before GC invocations=17 (full 0):
 garbage-first heap   total 189440K, used 132920K [0x0000000080000000, 0x0000000100000000)
  region size 1024K, 80 young (81920K), 10 survivors (10240K)
 Metaspace       used 75440K, capacity 77060K, committed 77348K, reserved 1116160K
  class space    used 9698K, capacity 10325K, committed 10368K, reserved 1048576K
}
Event: 9.704 GC heap after
{Heap after GC invocations=18 (full 0):
 garbage-first heap   total 189440K, used 65593K [0x0000000080000000, 0x0000000100000000)
  region size 1024K, 10 young (10240K), 10 survivors (10240K)
 Metaspace       used 75440K, capacity 77060K, committed 77348K, reserved 1116160K
  class space    used 9698K, capacity 10325K, committed 10368K, reserved 1048576K
}
Event: 10.532 GC heap before
{Heap before GC invocations=18 (full 0):
 garbage-first heap   total 189440K, used 137273K [0x0000000080000000, 0x0000000100000000)
  region size 1024K, 80 young (81920K), 10 survivors (10240K)
 Metaspace       used 82630K, capacity 84418K, committed 84516K, reserved 1122304K
  class space    used 10676K, capacity 11342K, committed 11392K, reserved 1048576K
}
Event: 10.549 GC heap after
{Heap after GC invocations=19 (full 0):
 garbage-first heap   total 189440K, used 70708K [0x0000000080000000, 0x0000000100000000)
  region size 1024K, 10 young (10240K), 10 survivors (10240K)
 Metaspace       used 82630K, capacity 84418K, committed 84516K, reserved 1122304K
  class space    used 10676K, capacity 11342K, committed 11392K, reserved 1048576K
}
Event: 11.615 GC heap before
{Heap before GC invocations=19 (full 0):
 garbage-first heap   total 189440K, used 141364K [0x0000000080000000, 0x0000000100000000)
  region size 1024K, 80 young (81920K), 10 survivors (10240K)
 Metaspace       used 87180K, capacity 89303K, committed 89636K, reserved 1126400K
  class space    used 11210K, capacity 12033K, committed 12160K, reserved 1048576K
}
Event: 11.631 GC heap after
{Heap after GC invocations=20 (full 0):
 garbage-first heap   total 189440K, used 76436K [0x0000000080000000, 0x0000000100000000)
  region size 1024K, 10 young (10240K), 10 survivors (10240K)
 Metaspace       used 87180K, capacity 89303K, committed 89636K, reserved 1126400K
  class space    used 11210K, capacity 12033K, committed 12160K, reserved 1048576K
}
Event: 12.782 GC heap before
{Heap before GC invocations=20 (full 0):
 garbage-first heap   total 189440K, used 144020K [0x0000000080000000, 0x0000000100000000)
  region size 1024K, 77 young (78848K), 10 survivors (10240K)
 Metaspace       used 88946K, capacity 91036K, committed 91300K, reserved 1128448K
  class space    used 11392K, capacity 12215K, committed 12288K, reserved 1048576K
}
Event: 12.801 GC heap after
{Heap after GC invocations=21 (full 0):
 garbage-first heap   total 189440K, used 85470K [0x0000000080000000, 0x0000000100000000)
  region size 1024K, 9 young (9216K), 9 survivors (9216K)
 Metaspace       used 88946K, capacity 91036K, committed 91300K, reserved 1128448K
  class space    used 11392K, capacity 12215K, committed 12288K, reserved 1048576K
}
Event: 13.571 GC heap before
{Heap before GC invocations=21 (full 0):
 garbage-first heap   total 189440K, used 149982K [0x0000000080000000, 0x0000000100000000)
  region size 1024K, 70 young (71680K), 9 survivors (9216K)
 Metaspace       used 90595K, capacity 92708K, committed 92964K, reserved 1130496K
  class space    used 11560K, capacity 12369K, committed 12416K, reserved 1048576K
}

Deoptimization events (20 events):
Event: 13.543 Thread 0x0000015d18276000 Uncommon trap: trap_request=0xffffffc6 fr.pc=0x0000015d080216b8 relative=0x0000000000000a98
Event: 13.543 Thread 0x0000015d18276000 Uncommon trap: reason=bimorphic_or_optimized_type_check action=maybe_recompile pc=0x0000015d080216b8 method=org.apache.xerces.dom.CoreDocumentImpl.isKidOK(Lorg/w3c/dom/Node;Lorg/w3c/dom/Node;)Z @ 39 c2
Event: 13.543 Thread 0x0000015d18276000 DEOPT PACKING pc=0x0000015d080216b8 sp=0x0000000a628fa3c0
Event: 13.543 Thread 0x0000015d18276000 DEOPT UNPACKING pc=0x0000015d0002662f sp=0x0000000a628fa2e8 mode 2
Event: 13.543 Thread 0x0000015d18276000 Uncommon trap: trap_request=0xffffffc6 fr.pc=0x0000015d08018e9c relative=0x00000000000000dc
Event: 13.543 Thread 0x0000015d18276000 Uncommon trap: reason=bimorphic_or_optimized_type_check action=maybe_recompile pc=0x0000015d08018e9c method=org.apache.xerces.dom.CoreDocumentImpl.isKidOK(Lorg/w3c/dom/Node;Lorg/w3c/dom/Node;)Z @ 39 c2
Event: 13.543 Thread 0x0000015d18276000 DEOPT PACKING pc=0x0000015d08018e9c sp=0x0000000a628fa340
Event: 13.543 Thread 0x0000015d18276000 DEOPT UNPACKING pc=0x0000015d0002662f sp=0x0000000a628fa2d0 mode 2
Event: 13.551 Thread 0x0000015d18276000 Uncommon trap: trap_request=0xffffffc6 fr.pc=0x0000015d0804eba0 relative=0x00000000000012a0
Event: 13.551 Thread 0x0000015d18276000 Uncommon trap: reason=bimorphic_or_optimized_type_check action=maybe_recompile pc=0x0000015d0804eba0 method=org.apache.xerces.dom.AttributeMap.setNamedItem(Lorg/w3c/dom/Node;)Lorg/w3c/dom/Node; @ 4 c2
Event: 13.551 Thread 0x0000015d18276000 DEOPT PACKING pc=0x0000015d0804eba0 sp=0x0000000a628fa290
Event: 13.551 Thread 0x0000015d18276000 DEOPT UNPACKING pc=0x0000015d0002662f sp=0x0000000a628fa270 mode 2
Event: 13.552 Thread 0x0000015d18276000 Uncommon trap: trap_request=0xffffffc6 fr.pc=0x0000015d0804eba0 relative=0x00000000000012a0
Event: 13.552 Thread 0x0000015d18276000 Uncommon trap: reason=bimorphic_or_optimized_type_check action=maybe_recompile pc=0x0000015d0804eba0 method=org.apache.xerces.dom.AttributeMap.setNamedItem(Lorg/w3c/dom/Node;)Lorg/w3c/dom/Node; @ 4 c2
Event: 13.552 Thread 0x0000015d18276000 DEOPT PACKING pc=0x0000015d0804eba0 sp=0x0000000a628fa170
Event: 13.552 Thread 0x0000015d18276000 DEOPT UNPACKING pc=0x0000015d0002662f sp=0x0000000a628fa150 mode 2
Event: 13.557 Thread 0x0000015d18276000 Uncommon trap: trap_request=0xffffff4d fr.pc=0x0000015d08032a8c relative=0x00000000000003ac
Event: 13.557 Thread 0x0000015d18276000 Uncommon trap: reason=unstable_if action=reinterpret pc=0x0000015d08032a8c method=org.apache.xerces.dom.ParentNode.nodeListItem(I)Lorg/w3c/dom/Node; @ 87 c2
Event: 13.557 Thread 0x0000015d18276000 DEOPT PACKING pc=0x0000015d08032a8c sp=0x0000000a628fa2d0
Event: 13.557 Thread 0x0000015d18276000 DEOPT UNPACKING pc=0x0000015d0002662f sp=0x0000000a628fa208 mode 2

Classes redefined (0 events):
No events

Internal exceptions (20 events):
Event: 11.806 Thread 0x0000015d14096000 Implicit null exception at 0x0000015d07fbe7d5 to 0x0000015d07fbec88
Event: 12.007 Thread 0x0000015d18276000 Exception <a 'java/lang/NoSuchMethodError'{0x00000000895f2eb8}: 'void java.lang.invoke.DirectMethodHandle$Holder.invokeVirtual(java.lang.Object, java.lang.Object)'> (0x00000000895f2eb8) thrown at [./src/hotspot/share/interpreter/linkResolver.cpp, line 773]
Event: 12.963 Thread 0x0000015d18276000 Implicit null exception at 0x0000015d08051568 to 0x0000015d08051798
Event: 13.479 Thread 0x0000015d18276000 Exception <a 'java/lang/NoSuchMethodError'{0x000000008843c938}: <clinit>> (0x000000008843c938) thrown at [./src/hotspot/share/prims/jni.cpp, line 1362]
Event: 13.480 Thread 0x0000015d18276000 Exception <a 'java/lang/NoSuchMethodError'{0x000000008844cbf8}: <clinit>> (0x000000008844cbf8) thrown at [./src/hotspot/share/prims/jni.cpp, line 1362]
Event: 13.485 Thread 0x0000015d18276000 Exception <a 'java/lang/NoSuchMethodError'{0x00000000884bc820}: <clinit>> (0x00000000884bc820) thrown at [./src/hotspot/share/prims/jni.cpp, line 1362]
Event: 13.485 Thread 0x0000015d18276000 Exception <a 'java/lang/NoSuchMethodError'{0x00000000884bf3e8}: <clinit>> (0x00000000884bf3e8) thrown at [./src/hotspot/share/prims/jni.cpp, line 1362]
Event: 13.486 Thread 0x0000015d18276000 Exception <a 'java/lang/NoSuchMethodError'{0x00000000884c3dc8}: <clinit>> (0x00000000884c3dc8) thrown at [./src/hotspot/share/prims/jni.cpp, line 1362]
Event: 13.486 Thread 0x0000015d18276000 Exception <a 'java/lang/NoSuchMethodError'{0x00000000884cf848}: <clinit>> (0x00000000884cf848) thrown at [./src/hotspot/share/prims/jni.cpp, line 1362]
Event: 13.489 Thread 0x0000015d18276000 Exception <a 'java/lang/NoSuchMethodError'{0x0000000088327538}: <clinit>> (0x0000000088327538) thrown at [./src/hotspot/share/prims/jni.cpp, line 1362]
Event: 13.491 Thread 0x0000015d18276000 Exception <a 'java/lang/NoSuchMethodError'{0x00000000883590c8}: <clinit>> (0x00000000883590c8) thrown at [./src/hotspot/share/prims/jni.cpp, line 1362]
Event: 13.491 Thread 0x0000015d18276000 Exception <a 'java/lang/NoSuchMethodError'{0x000000008835c530}: <clinit>> (0x000000008835c530) thrown at [./src/hotspot/share/prims/jni.cpp, line 1362]
Event: 13.491 Thread 0x0000015d18276000 Exception <a 'java/lang/NoSuchMethodError'{0x000000008835f1a0}: <clinit>> (0x000000008835f1a0) thrown at [./src/hotspot/share/prims/jni.cpp, line 1362]
Event: 13.492 Thread 0x0000015d18276000 Exception <a 'java/lang/NoSuchMethodError'{0x0000000088377720}: <clinit>> (0x0000000088377720) thrown at [./src/hotspot/share/prims/jni.cpp, line 1362]
Event: 13.492 Thread 0x0000015d18276000 Exception <a 'java/lang/NoSuchMethodError'{0x000000008838ea28}: <clinit>> (0x000000008838ea28) thrown at [./src/hotspot/share/prims/jni.cpp, line 1362]
Event: 13.493 Thread 0x0000015d18276000 Exception <a 'java/lang/NoSuchMethodError'{0x00000000883a3490}: <clinit>> (0x00000000883a3490) thrown at [./src/hotspot/share/prims/jni.cpp, line 1362]
Event: 13.494 Thread 0x0000015d18276000 Exception <a 'java/lang/NoSuchMethodError'{0x00000000883c63f0}: <clinit>> (0x00000000883c63f0) thrown at [./src/hotspot/share/prims/jni.cpp, line 1362]
Event: 13.495 Thread 0x0000015d18276000 Exception <a 'java/lang/NoSuchMethodError'{0x00000000883eb750}: <clinit>> (0x00000000883eb750) thrown at [./src/hotspot/share/prims/jni.cpp, line 1362]
Event: 13.496 Thread 0x0000015d18276000 Exception <a 'java/lang/NoSuchMethodError'{0x00000000883ffd28}: <clinit>> (0x00000000883ffd28) thrown at [./src/hotspot/share/prims/jni.cpp, line 1362]
Event: 13.514 Thread 0x0000015d18279000 Implicit null exception at 0x0000015d07fe15d0 to 0x0000015d07fe8b40

Events (20 events):
Event: 13.541 loading class org/apache/xerces/dom/DOMImplementationImpl done
Event: 13.541 loading class org/w3c/dom/DOMImplementation
Event: 13.541 loading class org/w3c/dom/DOMImplementation done
Event: 13.541 loading class org/apache/xerces/dom/CoreDOMImplementationImpl
Event: 13.541 loading class org/apache/xerces/dom/CoreDOMImplementationImpl done
Event: 13.542 loading class org/w3c/dom/ls/DOMImplementationLS
Event: 13.542 loading class org/w3c/dom/ls/DOMImplementationLS done
Event: 13.542 loading class org/w3c/dom/ls/LSInput
Event: 13.542 loading class org/w3c/dom/ls/LSInput done
Event: 13.542 loading class org/w3c/dom/ls/LSOutput
Event: 13.542 loading class org/w3c/dom/ls/LSOutput done
Event: 13.542 loading class org/w3c/dom/ls/LSParser
Event: 13.542 loading class org/w3c/dom/ls/LSParser done
Event: 13.542 loading class org/w3c/dom/ls/LSSerializer
Event: 13.543 loading class org/w3c/dom/ls/LSSerializer done
Event: 13.543 loading class org/apache/xerces/dom/DeferredDOMImplementationImpl
Event: 13.543 loading class org/apache/xerces/dom/DeferredDOMImplementationImpl done
Event: 13.559 loading class com/android/utils/XmlUtils$PositionAwareStringBuilder
Event: 13.559 loading class com/android/utils/XmlUtils$PositionAwareStringBuilder done
Event: 13.571 Executing VM operation: G1CollectForAllocation


Dynamic libraries:
0x00007ff7fdb70000 - 0x00007ff7fdb7a000 	D:\AndroidStudio\jre\bin\java.exe
0x00007fff90910000 - 0x00007fff90b05000 	C:\WINDOWS\SYSTEM32\ntdll.dll
0x00007fff672b0000 - 0x00007fff672c6000 	C:\Program Files\AVAST Software\Avast\aswhook.dll
0x00007fff8f950000 - 0x00007fff8fa0e000 	C:\WINDOWS\System32\KERNEL32.DLL
0x00007fff8e410000 - 0x00007fff8e6d8000 	C:\WINDOWS\System32\KERNELBASE.dll
0x00007fff8e7d0000 - 0x00007fff8e8d0000 	C:\WINDOWS\System32\ucrtbase.dll
0x00007fff67bd0000 - 0x00007fff67be7000 	D:\AndroidStudio\jre\bin\VCRUNTIME140.dll
0x00007fff67650000 - 0x00007fff67669000 	D:\AndroidStudio\jre\bin\jli.dll
0x00007fff8eb20000 - 0x00007fff8ecc0000 	C:\WINDOWS\System32\USER32.dll
0x00007fff8e2d0000 - 0x00007fff8e2f2000 	C:\WINDOWS\System32\win32u.dll
0x00007fff79930000 - 0x00007fff79bca000 	C:\WINDOWS\WinSxS\amd64_microsoft.windows.common-controls_6595b64144ccf1df_6.0.19041.1110_none_60b5254171f9507e\COMCTL32.dll
0x00007fff8e970000 - 0x00007fff8e99b000 	C:\WINDOWS\System32\GDI32.dll
0x00007fff8e300000 - 0x00007fff8e40b000 	C:\WINDOWS\System32\gdi32full.dll
0x00007fff8e9a0000 - 0x00007fff8ea3e000 	C:\WINDOWS\System32\msvcrt.dll
0x00007fff8e8d0000 - 0x00007fff8e96d000 	C:\WINDOWS\System32\msvcp_win.dll
0x00007fff8fd70000 - 0x00007fff8fda0000 	C:\WINDOWS\System32\IMM32.DLL
0x00007fff3f780000 - 0x00007fff3f81d000 	D:\AndroidStudio\jre\bin\msvcp140.dll
0x00007fff2f750000 - 0x00007fff30225000 	D:\AndroidStudio\jre\bin\server\jvm.dll
0x00007fff8fcc0000 - 0x00007fff8fd6e000 	C:\WINDOWS\System32\ADVAPI32.dll
0x00007fff8ef20000 - 0x00007fff8efbc000 	C:\WINDOWS\System32\sechost.dll
0x00007fff8ed80000 - 0x00007fff8eea5000 	C:\WINDOWS\System32\RPCRT4.dll
0x00007fff8fcb0000 - 0x00007fff8fcb8000 	C:\WINDOWS\System32\PSAPI.DLL
0x00007fff7ddd0000 - 0x00007fff7ddf7000 	C:\WINDOWS\SYSTEM32\WINMM.dll
0x00007fff794d0000 - 0x00007fff794d9000 	C:\WINDOWS\SYSTEM32\WSOCK32.dll
0x00007fff88390000 - 0x00007fff8839a000 	C:\WINDOWS\SYSTEM32\VERSION.dll
0x00007fff8eeb0000 - 0x00007fff8ef1b000 	C:\WINDOWS\System32\WS2_32.dll
0x00007fff8bf60000 - 0x00007fff8bf72000 	C:\WINDOWS\SYSTEM32\kernel.appcore.dll
0x00007fff7e500000 - 0x00007fff7e511000 	D:\AndroidStudio\jre\bin\verify.dll
0x00007fff86e50000 - 0x00007fff87034000 	C:\WINDOWS\SYSTEM32\DBGHELP.DLL
0x00007fff872f0000 - 0x00007fff8731c000 	C:\WINDOWS\SYSTEM32\dbgcore.DLL
0x00007fff8e030000 - 0x00007fff8e0b2000 	C:\WINDOWS\System32\bcryptPrimitives.dll
0x00007fff7c530000 - 0x00007fff7c559000 	D:\AndroidStudio\jre\bin\java.dll
0x00007fff8b850000 - 0x00007fff8b85b000 	D:\AndroidStudio\jre\bin\jimage.dll
0x00007fff7de00000 - 0x00007fff7de18000 	D:\AndroidStudio\jre\bin\zip.dll
0x00007fff90120000 - 0x00007fff90864000 	C:\WINDOWS\System32\SHELL32.dll
0x00007fff8c160000 - 0x00007fff8c8f4000 	C:\WINDOWS\SYSTEM32\windows.storage.dll
0x00007fff8f5f0000 - 0x00007fff8f944000 	C:\WINDOWS\System32\combase.dll
0x00007fff8d9c0000 - 0x00007fff8d9ec000 	C:\WINDOWS\SYSTEM32\Wldp.dll
0x00007fff8fab0000 - 0x00007fff8fb5d000 	C:\WINDOWS\System32\SHCORE.dll
0x00007fff90870000 - 0x00007fff908c5000 	C:\WINDOWS\System32\shlwapi.dll
0x00007fff8df70000 - 0x00007fff8df8f000 	C:\WINDOWS\SYSTEM32\profapi.dll
0x00007fff6b0e0000 - 0x00007fff6b0fa000 	D:\AndroidStudio\jre\bin\net.dll
0x00007fff7dfd0000 - 0x00007fff7e0d9000 	C:\WINDOWS\SYSTEM32\WINHTTP.dll
0x00007fff8d720000 - 0x00007fff8d78a000 	C:\WINDOWS\system32\mswsock.dll
0x00007fff6b0c0000 - 0x00007fff6b0d4000 	D:\AndroidStudio\jre\bin\nio.dll
0x00007fff59bf0000 - 0x00007fff59c17000 	C:\Users\Admin\.gradle\native\e1d6ef7f7dcc3fd88c89a11ec53ec762bb8ba0a96d01ffa2cd45eb1d1d8dd5c5\windows-amd64\native-platform.dll
0x00007fff35170000 - 0x00007fff352b4000 	C:\Users\Admin\.gradle\native\5664cfc778a61ccfe75a443a1ab52a65af34e5dc3c78e0209fed803814484fcb\windows-amd64\native-platform-file-events.dll
0x00007fff84d30000 - 0x00007fff84d3a000 	D:\AndroidStudio\jre\bin\management.dll
0x00007fff849d0000 - 0x00007fff849dd000 	D:\AndroidStudio\jre\bin\management_ext.dll
0x00007fff8d910000 - 0x00007fff8d928000 	C:\WINDOWS\SYSTEM32\CRYPTSP.dll
0x00007fff8d0a0000 - 0x00007fff8d0d4000 	C:\WINDOWS\system32\rsaenh.dll
0x00007fff8e7a0000 - 0x00007fff8e7c7000 	C:\WINDOWS\System32\bcrypt.dll
0x00007fff8df30000 - 0x00007fff8df5e000 	C:\WINDOWS\SYSTEM32\USERENV.dll
0x00007fff8d930000 - 0x00007fff8d93c000 	C:\WINDOWS\SYSTEM32\CRYPTBASE.dll
0x00007fff8d410000 - 0x00007fff8d44b000 	C:\WINDOWS\SYSTEM32\IPHLPAPI.DLL
0x00007fff8f5e0000 - 0x00007fff8f5e8000 	C:\WINDOWS\System32\NSI.dll
0x00007fff87df0000 - 0x00007fff87e07000 	C:\WINDOWS\SYSTEM32\dhcpcsvc6.DLL
0x00007fff883c0000 - 0x00007fff883dd000 	C:\WINDOWS\SYSTEM32\dhcpcsvc.DLL
0x00007fff8d450000 - 0x00007fff8d51a000 	C:\WINDOWS\SYSTEM32\DNSAPI.dll

dbghelp: loaded successfully - version: 4.0.5 - missing functions: none
symbol engine: initialized successfully - sym options: 0x614 - pdb path: .;D:\AndroidStudio\jre\bin;C:\WINDOWS\SYSTEM32;C:\Program Files\AVAST Software\Avast;C:\WINDOWS\WinSxS\amd64_microsoft.windows.common-controls_6595b64144ccf1df_6.0.19041.1110_none_60b5254171f9507e;D:\AndroidStudio\jre\bin\server;C:\Users\Admin\.gradle\native\e1d6ef7f7dcc3fd88c89a11ec53ec762bb8ba0a96d01ffa2cd45eb1d1d8dd5c5\windows-amd64;C:\Users\Admin\.gradle\native\5664cfc778a61ccfe75a443a1ab52a65af34e5dc3c78e0209fed803814484fcb\windows-amd64

VM Arguments:
jvm_args: --add-opens=java.base/java.util=ALL-UNNAMED --add-opens=java.base/java.lang=ALL-UNNAMED --add-opens=java.base/java.lang.invoke=ALL-UNNAMED --add-opens=java.base/java.util=ALL-UNNAMED --add-opens=java.prefs/java.util.prefs=ALL-UNNAMED --add-opens=java.prefs/java.util.prefs=ALL-UNNAMED --add-opens=java.base/java.nio.charset=ALL-UNNAMED --add-opens=java.base/java.net=ALL-UNNAMED --add-opens=java.base/java.util.concurrent.atomic=ALL-UNNAMED -Xmx2048m -Dfile.encoding=UTF-8 -Duser.country=RU -Duser.language=ru -Duser.variant 
java_command: org.gradle.launcher.daemon.bootstrap.GradleDaemon 7.2
java_class_path (initial): C:\Users\Admin\.gradle\wrapper\dists\gradle-7.2-bin\2dnblmf4td7x66yl1d74lt32g\gradle-7.2\lib\gradle-launcher-7.2.jar
Launcher Type: SUN_STANDARD

[Global flags]
     intx CICompilerCount                          = 3                                         {product} {ergonomic}
     uint ConcGCThreads                            = 1                                         {product} {ergonomic}
     uint G1ConcRefinementThreads                  = 4                                         {product} {ergonomic}
   size_t G1HeapRegionSize                         = 1048576                                   {product} {ergonomic}
    uintx GCDrainStackTargetSize                   = 64                                        {product} {ergonomic}
   size_t InitialHeapSize                          = 134217728                                 {product} {ergonomic}
   size_t MarkStackSize                            = 4194304                                   {product} {ergonomic}
   size_t MaxHeapSize                              = 2147483648                                {product} {command line}
   size_t MaxNewSize                               = 1287651328                                {product} {ergonomic}
   size_t MinHeapDeltaBytes                        = 1048576                                   {product} {ergonomic}
    uintx NonNMethodCodeHeapSize                   = 5830732                                {pd product} {ergonomic}
    uintx NonProfiledCodeHeapSize                  = 122913754                              {pd product} {ergonomic}
    uintx ProfiledCodeHeapSize                     = 122913754                              {pd product} {ergonomic}
    uintx ReservedCodeCacheSize                    = 251658240                              {pd product} {ergonomic}
     bool SegmentedCodeCache                       = true                                      {product} {ergonomic}
     bool UseCompressedClassPointers               = true                                 {lp64_product} {ergonomic}
     bool UseCompressedOops                        = true                                 {lp64_product} {ergonomic}
     bool UseG1GC                                  = true                                      {product} {ergonomic}
     bool UseLargePagesIndividualAllocation        = false                                  {pd product} {ergonomic}

Logging:
Log output configuration:
 #0: stdout all=warning uptime,level,tags
 #1: stderr all=off uptime,level,tags

Environment Variables:
JAVA_HOME=C:\Program Files\Java\jdk-14.0.1
PATH=C:\Program Files (x86)\Common Files\Oracle\Java\javapath;C:\ProgramData\Oracle\Java\javapath;C:\Windows\system32;C:\Windows;C:\Windows\System32\Wbem;C:\Windows\System32\WindowsPowerShell\v1.0\;C:\Program Files\dotnet\;C:\Program Files\Microsoft SQL Server\130\Tools\Binn\;C:\Program Files (x86)\NVIDIA Corporation\PhysX\Common;C:\Program Files\NVIDIA Corporation\NVIDIA NvDLISR;E:\Matlab\runtime\win32;E:\Matlab\runtime\win64;E:\Matlab\bin;E:\Matlab\polyspace\bin;C:\Program Files\Microsoft SQL Server\Client SDK\ODBC\170\Tools\Binn\;C:\WINDOWS\system32;C:\WINDOWS;C:\WINDOWS\System32\Wbem;C:\WINDOWS\System32\WindowsPowerShell\v1.0\;C:\WINDOWS\System32\OpenSSH\;C:\Program Files\Java\jdk-14.0.1\bin;C:\Users\Admin\AppData\Local\Microsoft\WindowsApps;C:\Users\Admin\AppData\Local\atom\bin;C:\Users\Admin\AppData\Local\Microsoft\WindowsApps;C:\Program Files (x86)\clisp-2.49;C:\Users\Admin\AppData\Local\Programs\Microsoft VS Code\bin;C:\Users\Admin\AppData\Local\GitHubDesktop\bin
USERNAME=Admin
OS=Windows_NT
PROCESSOR_IDENTIFIER=Intel64 Family 6 Model 60 Stepping 3, GenuineIntel



---------------  S Y S T E M  ---------------

OS: Windows 10 , 64 bit Build 19041 (10.0.19041.1566)
OS uptime: 0 days 23:00 hours

CPU:total 4 (initial active 4) (4 cores per cpu, 1 threads per core) family 6 model 60 stepping 3 microcode 0x27, cmov, cx8, fxsr, mmx, sse, sse2, sse3, ssse3, sse4.1, sse4.2, popcnt, avx, avx2, aes, clmul, erms, lzcnt, tsc, tscinvbit, bmi1, bmi2, fma

Memory: 4k page, system-wide physical 8071M (1085M free)
TotalPageFile size 11247M (AvailPageFile size 15M)
current process WorkingSet (physical memory assigned to process): 456M, peak: 457M
current process commit charge ("private bytes"): 483M, peak: 520M

vm_info: OpenJDK 64-Bit Server VM (11.0.11+9-b60-7590822) for windows-amd64 JRE (11.0.11+9-b60-7590822), built on Jul 29 2021 21:43:44 by "builder" with MS VC++ 14.0 (VS2015)

END.
